Log file open, 10/26/23 22:26:09
LogWindows: Failed to load 'aqProf.dll' (GetLastError=126)
LogWindows: File 'aqProf.dll' does not exist
LogWindows: Failed to load 'VtuneApi.dll' (GetLastError=126)
LogWindows: File 'VtuneApi.dll' does not exist
LogWindows: Failed to load 'VtuneApi32e.dll' (GetLastError=126)
LogWindows: File 'VtuneApi32e.dll' does not exist
LogConsoleResponse: Display: Failed to find resolution value strings in scalability ini. Falling back to default.
LogConsoleResponse: Display: Failed to find resolution value strings in scalability ini. Falling back to default.
LogInit: Display: Running engine for game: BasicHorrorGame
LogPlatformFile: Not using cached read wrapper
LogTaskGraph: Started task graph with 5 named threads and 35 total threads with 3 sets of task threads.
LogStats: Stats thread started at 0.587351
LogICUInternationalization: ICU TimeZone Detection - Raw Offset: -6:00, Platform Override: ''
LogInit: Display: Loading text-based GConfig....
LogPluginManager: Mounting plugin MeshPainting
LogPluginManager: Mounting plugin XGEController
LogPluginManager: Mounting plugin Paper2D
LogPluginManager: Mounting plugin AISupport
LogPluginManager: Mounting plugin EnvironmentQueryEditor
LogPluginManager: Mounting plugin LightPropagationVolume
LogPluginManager: Mounting plugin LiveLink
LogPluginManager: Mounting plugin GameplayCameras
LogPluginManager: Mounting plugin CameraShakePreviewer
LogPluginManager: Mounting plugin AnimationSharing
LogPluginManager: Mounting plugin CLionSourceCodeAccess
LogPluginManager: Mounting plugin CodeLiteSourceCodeAccess
LogPluginManager: Mounting plugin GitSourceControl
LogPluginManager: Mounting plugin KDevelopSourceCodeAccess
LogPluginManager: Mounting plugin PixWinPlugin
LogPluginManager: Mounting plugin PerforceSourceControl
LogPluginManager: Mounting plugin NullSourceCodeAccess
LogPluginManager: Mounting plugin PlasticSourceControl
LogPluginManager: Mounting plugin PropertyAccessNode
LogPluginManager: Mounting plugin PluginUtils
LogPluginManager: Mounting plugin RiderSourceCodeAccess
LogPluginManager: Mounting plugin SubversionSourceControl
LogPluginManager: Mounting plugin DatasmithContent
LogPluginManager: Mounting plugin TextureFormatOodle
LogPluginManager: Mounting plugin UObjectPlugin
LogPluginManager: Mounting plugin VisualStudioCodeSourceCodeAccess
LogPluginManager: Mounting plugin VisualStudioSourceCodeAccess
LogPluginManager: Mounting plugin XCodeSourceCodeAccess
LogPluginManager: Mounting plugin OodleData
LogPluginManager: Mounting plugin AssetManagerEditor
LogPluginManager: Mounting plugin VariantManagerContent
LogPluginManager: Mounting plugin OodleNetwork
LogPluginManager: Mounting plugin Niagara
LogPluginManager: Mounting plugin CurveEditorTools
LogPluginManager: Mounting plugin CryptoKeys
LogPluginManager: Mounting plugin DataValidation
LogPluginManager: Mounting plugin GameplayTagsEditor
LogPluginManager: Mounting plugin FacialAnimation
LogPluginManager: Mounting plugin GeometryMode
LogPluginManager: Mounting plugin MacGraphicsSwitching
LogPluginManager: Mounting plugin MaterialAnalyzer
LogPluginManager: Mounting plugin PluginBrowser
LogPluginManager: Mounting plugin SpeedTreeImporter
LogPluginManager: Mounting plugin AlembicImporter
LogPluginManager: Mounting plugin MobileLauncherProfileWizard
LogPluginManager: Mounting plugin BackChannel
LogPluginManager: Mounting plugin AutomationUtils
LogPluginManager: Mounting plugin ChaosEditor
LogPluginManager: Mounting plugin ChaosCloth
LogPluginManager: Mounting plugin ChaosNiagara
LogPluginManager: Mounting plugin ChaosSolverPlugin
LogPluginManager: Mounting plugin CharacterAI
LogPluginManager: Mounting plugin ChaosClothEditor
LogPluginManager: Mounting plugin GeometryCache
LogPluginManager: Mounting plugin GeometryProcessing
LogPluginManager: Mounting plugin MotoSynth
LogPluginManager: Mounting plugin OpenImageDenoise
LogPluginManager: Mounting plugin PlanarCut
LogPluginManager: Mounting plugin PlatformCrypto
LogPluginManager: Mounting plugin ProxyLODPlugin
LogPluginManager: Mounting plugin PythonScriptPlugin
LogPluginManager: Mounting plugin GeometryCollectionPlugin
LogPluginManager: Mounting plugin SkeletalReduction
LogPluginManager: Mounting plugin UdpMessaging
LogPluginManager: Mounting plugin LuminPlatformFeatures
LogPluginManager: Mounting plugin MagicLeap
LogPluginManager: Mounting plugin AndroidMedia
LogPluginManager: Mounting plugin MagicLeapMedia
LogPluginManager: Mounting plugin AvfMedia
LogPluginManager: Mounting plugin MagicLeapPassableWorld
LogPluginManager: Mounting plugin MagicLeapLightEstimation
LogPluginManager: Mounting plugin MLSDK
LogPluginManager: Mounting plugin TcpMessaging
LogPluginManager: Mounting plugin ImgMedia
LogPluginManager: Mounting plugin MediaCompositing
LogPluginManager: Mounting plugin ActorSequence
LogPluginManager: Mounting plugin MediaPlayerEditor
LogPluginManager: Mounting plugin LevelSequenceEditor
LogPluginManager: Mounting plugin WebMMedia
LogPluginManager: Mounting plugin MatineeToLevelSequence
LogPluginManager: Mounting plugin WmfMedia
LogPluginManager: Mounting plugin TemplateSequence
LogPluginManager: Mounting plugin LauncherChunkInstaller
LogPluginManager: Mounting plugin OnlineSubsystem
LogPluginManager: Mounting plugin OnlineSubsystemNull
LogPluginManager: Mounting plugin OnlineSubsystemUtils
LogPluginManager: Mounting plugin ActorLayerUtilities
LogPluginManager: Mounting plugin AndroidPermission
LogPluginManager: Mounting plugin AppleImageUtils
LogPluginManager: Mounting plugin AppleMoviePlayer
LogPluginManager: Mounting plugin ArchVisCharacter
LogPluginManager: Mounting plugin AssetTags
LogPluginManager: Mounting plugin AudioCapture
LogPluginManager: Mounting plugin AudioSynesthesia
LogPluginManager: Mounting plugin CableComponent
LogPluginManager: Mounting plugin ChunkDownloader
LogPluginManager: Mounting plugin CustomMeshComponent
LogPluginManager: Mounting plugin EditableMesh
LogPluginManager: Mounting plugin ExampleDeviceProfileSelector
LogPluginManager: Mounting plugin GooglePAD
LogPluginManager: Mounting plugin AndroidMoviePlayer
LogPluginManager: Mounting plugin AndroidDeviceProfileSelector
LogPluginManager: Mounting plugin GoogleCloudMessaging
LogPluginManager: Mounting plugin IOSDeviceProfileSelector
LogPluginManager: Mounting plugin LinuxDeviceProfileSelector
LogPluginManager: Mounting plugin LocationServicesBPLibrary
LogPluginManager: Mounting plugin MobilePatchingUtils
LogPluginManager: Mounting plugin OpenXREyeTracker
LogPluginManager: Mounting plugin OpenXR
LogPluginManager: Mounting plugin OpenXRHandTracking
LogPluginManager: Mounting plugin PhysXVehicles
LogPluginManager: Mounting plugin ScreenshotTools
LogPluginManager: Mounting plugin PostSplashScreen
LogPluginManager: Mounting plugin PropertyAccessEditor
LogPluginManager: Mounting plugin RuntimePhysXCooking
LogPluginManager: Mounting plugin SignificanceManager
LogPluginManager: Mounting plugin ProceduralMeshComponent
LogPluginManager: Mounting plugin SoundFields
LogPluginManager: Mounting plugin Synthesis
LogPluginManager: Mounting plugin WindowsMoviePlayer
LogPluginManager: Mounting plugin WebMMoviePlayer
LogPluginManager: Mounting plugin Takes
LogPluginManager: Mounting plugin ContentBrowserClassDataSource
LogPluginManager: Mounting plugin ContentBrowserFileDataSource
LogPluginManager: Mounting plugin ContentBrowserAssetDataSource
LogPluginManager: Mounting plugin OnlineSubsystemGooglePlay
LogPluginManager: Mounting plugin OnlineSubsystemIOS
LogPluginManager: Mounting plugin OculusVR
PixWinPlugin: PIX capture plugin failed to initialize! Check that the process is launched from PIX.
LogInit: Using libcurl 7.55.1-DEV
LogInit:  - built for x86_64-pc-win32
LogInit:  - supports SSL with OpenSSL/1.1.1
LogInit:  - supports HTTP deflate (compression) using libz 1.2.8
LogInit:  - other features:
LogInit:      CURL_VERSION_SSL
LogInit:      CURL_VERSION_LIBZ
LogInit:      CURL_VERSION_IPV6
LogInit:      CURL_VERSION_ASYNCHDNS
LogInit:      CURL_VERSION_LARGEFILE
LogInit:      CURL_VERSION_IDN
LogInit:  CurlRequestOptions (configurable via config and command line):
LogInit:  - bVerifyPeer = true  - Libcurl will verify peer certificate
LogInit:  - bUseHttpProxy = false  - Libcurl will NOT use HTTP proxy
LogInit:  - bDontReuseConnections = false  - Libcurl will reuse connections
LogInit:  - MaxHostConnections = 16  - Libcurl will limit the number of connections to a host
LogInit:  - LocalHostAddr = Default
LogInit:  - BufferSize = 65536
LogOnline: OSS: Creating online subsystem instance for: NULL
LogInit: WinSock: version 1.1 (2.2), MaxSocks=32767, MaxUdp=65467
LogOnline: OSS: TryLoadSubsystemAndSetDefault: Loaded subsystem for module [NULL]
LogOculusPluginWrapper: OculusPlugin initialized successfully
LogHMD: Failed initializing OVRPlugin 1.59.0
LogInit: Build: ++UE4+Release-4.27-CL-18319896
LogInit: Engine Version: 4.27.2-18319896+++UE4+Release-4.27
LogInit: Compatible Engine Version: 4.27.0-17155196+++UE4+Release-4.27
LogInit: Net CL: 17155196
LogInit: OS: Windows 10 (Release 2009) (), CPU: Intel(R) Core(TM) i7-10750H CPU @ 2.60GHz, GPU: Intel(R) UHD Graphics
LogInit: Compiled (64-bit): Nov 30 2021 07:12:08
LogInit: Compiled with Visual C++: 19.24.28315.00
LogInit: Build Configuration: Development
LogInit: Branch Name: ++UE4+Release-4.27
LogInit: Command Line: 
LogInit: Base Directory: D:/Zyra/UE_4.27/Engine/Binaries/Win64/
LogInit: Allocator: TBB
LogInit: Installed Engine Build: 1
LogDevObjectVersion: Number of dev versions registered: 29
LogDevObjectVersion:   Dev-Blueprints (B0D832E4-1F89-4F0D-ACCF-7EB736FD4AA2): 10
LogDevObjectVersion:   Dev-Build (E1C64328-A22C-4D53-A36C-8E866417BD8C): 0
LogDevObjectVersion:   Dev-Core (375EC13C-06E4-48FB-B500-84F0262A717E): 4
LogDevObjectVersion:   Dev-Editor (E4B068ED-F494-42E9-A231-DA0B2E46BB41): 40
LogDevObjectVersion:   Dev-Framework (CFFC743F-43B0-4480-9391-14DF171D2073): 37
LogDevObjectVersion:   Dev-Mobile (B02B49B5-BB20-44E9-A304-32B752E40360): 3
LogDevObjectVersion:   Dev-Networking (A4E4105C-59A1-49B5-A7C5-40C4547EDFEE): 0
LogDevObjectVersion:   Dev-Online (39C831C9-5AE6-47DC-9A44-9C173E1C8E7C): 0
LogDevObjectVersion:   Dev-Physics (78F01B33-EBEA-4F98-B9B4-84EACCB95AA2): 14
LogDevObjectVersion:   Dev-Platform (6631380F-2D4D-43E0-8009-CF276956A95A): 0
LogDevObjectVersion:   Dev-Rendering (12F88B9F-8875-4AFC-A67C-D90C383ABD29): 45
LogDevObjectVersion:   Dev-Sequencer (7B5AE74C-D270-4C10-A958-57980B212A5A): 13
LogDevObjectVersion:   Dev-VR (D7296918-1DD6-4BDD-9DE2-64A83CC13884): 3
LogDevObjectVersion:   Dev-LoadTimes (C2A15278-BFE7-4AFE-6C17-90FF531DF755): 1
LogDevObjectVersion:   Private-Geometry (6EACA3D4-40EC-4CC1-B786-8BED09428FC5): 3
LogDevObjectVersion:   Dev-AnimPhys (29E575DD-E0A3-4627-9D10-D276232CDCEA): 17
LogDevObjectVersion:   Dev-Anim (AF43A65D-7FD3-4947-9873-3E8ED9C1BB05): 15
LogDevObjectVersion:   Dev-ReflectionCapture (6B266CEC-1EC7-4B8F-A30B-E4D90942FC07): 1
LogDevObjectVersion:   Dev-Automation (0DF73D61-A23F-47EA-B727-89E90C41499A): 1
LogDevObjectVersion:   FortniteMain (601D1886-AC64-4F84-AA16-D3DE0DEAC7D6): 47
LogDevObjectVersion:   FortniteRelease (E7086368-6B23-4C58-8439-1B7016265E91): 1
LogDevObjectVersion:   Dev-Enterprise (9DFFBCD6-494F-0158-E221-12823C92A888): 10
LogDevObjectVersion:   Dev-Niagara (F2AED0AC-9AFE-416F-8664-AA7FFA26D6FC): 1
LogDevObjectVersion:   Dev-Destruction (174F1F0B-B4C6-45A5-B13F-2EE8D0FB917D): 10
LogDevObjectVersion:   Dev-Physics-Ext (35F94A83-E258-406C-A318-09F59610247C): 41
LogDevObjectVersion:   Dev-PhysicsMaterial-Chaos (B68FC16E-8B1B-42E2-B453-215C058844FE): 1
LogDevObjectVersion:   Dev-CineCamera (B2E18506-4273-CFC2-A54E-F4BB758BBA07): 1
LogDevObjectVersion:   Dev-VirtualProduction (64F58936-FD1B-42BA-BA96-7289D5D0FA4E): 1
LogDevObjectVersion:   Dev-MediaFramework (6F0ED827-A609-4895-9C91-998D90180EA4): 2
LogInit: Presizing for max 25165824 objects, including 0 objects not considered by GC, pre-allocating 0 bytes for permanent pool.
LogConfig: Applying CVar settings from Section [/Script/Engine.StreamingSettings] File [D:/Unreal/BasicHorrorGame/BasicHorrorGame/Saved/Config/Windows/Engine.ini]
LogConfig: Setting CVar [[s.MinBulkDataSizeForAsyncLoading:131072]]
LogConfig: Setting CVar [[s.AsyncLoadingThreadEnabled:0]]
LogConfig: Setting CVar [[s.EventDrivenLoaderEnabled:1]]
LogConfig: Setting CVar [[s.WarnIfTimeLimitExceeded:0]]
LogConfig: Setting CVar [[s.TimeLimitExceededMultiplier:1.5]]
LogConfig: Setting CVar [[s.TimeLimitExceededMinTime:0.005]]
LogConfig: Setting CVar [[s.UseBackgroundLevelStreaming:1]]
LogConfig: Setting CVar [[s.PriorityAsyncLoadingExtraTime:15.0]]
LogConfig: Setting CVar [[s.LevelStreamingActorsUpdateTimeLimit:5.0]]
LogConfig: Setting CVar [[s.PriorityLevelStreamingActorsUpdateExtraTime:5.0]]
LogConfig: Setting CVar [[s.LevelStreamingComponentsRegistrationGranularity:10]]
LogConfig: Setting CVar [[s.UnregisterComponentsTimeLimit:1.0]]
LogConfig: Setting CVar [[s.LevelStreamingComponentsUnregistrationGranularity:5]]
LogConfig: Setting CVar [[s.FlushStreamingOnExit:1]]
LogInit: Object subsystem initialized
LogConfig: Setting CVar [[con.DebugEarlyDefault:1]]
LogConfig: Setting CVar [[r.setres:1280x720]]
[2023.10.27-03.26.10:038][  0]LogConfig: Setting CVar [[r.VSync:0]]
[2023.10.27-03.26.10:038][  0]LogConfig: Setting CVar [[r.RHICmdBypass:0]]
[2023.10.27-03.26.10:038][  0]LogConfig: Applying CVar settings from Section [/Script/Engine.RendererSettings] File [D:/Unreal/BasicHorrorGame/BasicHorrorGame/Saved/Config/Windows/Engine.ini]
[2023.10.27-03.26.10:038][  0]LogConfig: Setting CVar [[r.GPUCrashDebugging:0]]
[2023.10.27-03.26.10:038][  0]LogConfig: Applying CVar settings from Section [/Script/Engine.RendererOverrideSettings] File [D:/Unreal/BasicHorrorGame/BasicHorrorGame/Saved/Config/Windows/Engine.ini]
[2023.10.27-03.26.10:038][  0]LogConfig: Applying CVar settings from Section [/Script/Engine.StreamingSettings] File [D:/Unreal/BasicHorrorGame/BasicHorrorGame/Saved/Config/Windows/Engine.ini]
[2023.10.27-03.26.10:038][  0]LogConfig: Setting CVar [[s.MinBulkDataSizeForAsyncLoading:131072]]
[2023.10.27-03.26.10:038][  0]LogConfig: Setting CVar [[s.AsyncLoadingThreadEnabled:0]]
[2023.10.27-03.26.10:039][  0]LogConfig: Setting CVar [[s.EventDrivenLoaderEnabled:1]]
[2023.10.27-03.26.10:039][  0]LogConfig: Setting CVar [[s.WarnIfTimeLimitExceeded:0]]
[2023.10.27-03.26.10:039][  0]LogConfig: Setting CVar [[s.TimeLimitExceededMultiplier:1.5]]
[2023.10.27-03.26.10:039][  0]LogConfig: Setting CVar [[s.TimeLimitExceededMinTime:0.005]]
[2023.10.27-03.26.10:039][  0]LogConfig: Setting CVar [[s.UseBackgroundLevelStreaming:1]]
[2023.10.27-03.26.10:039][  0]LogConfig: Setting CVar [[s.PriorityAsyncLoadingExtraTime:15.0]]
[2023.10.27-03.26.10:039][  0]LogConfig: Setting CVar [[s.LevelStreamingActorsUpdateTimeLimit:5.0]]
[2023.10.27-03.26.10:039][  0]LogConfig: Setting CVar [[s.PriorityLevelStreamingActorsUpdateExtraTime:5.0]]
[2023.10.27-03.26.10:039][  0]LogConfig: Setting CVar [[s.LevelStreamingComponentsRegistrationGranularity:10]]
[2023.10.27-03.26.10:039][  0]LogConfig: Setting CVar [[s.UnregisterComponentsTimeLimit:1.0]]
[2023.10.27-03.26.10:039][  0]LogConfig: Setting CVar [[s.LevelStreamingComponentsUnregistrationGranularity:5]]
[2023.10.27-03.26.10:039][  0]LogConfig: Setting CVar [[s.FlushStreamingOnExit:1]]
[2023.10.27-03.26.10:039][  0]LogConfig: Applying CVar settings from Section [/Script/Engine.GarbageCollectionSettings] File [D:/Unreal/BasicHorrorGame/BasicHorrorGame/Saved/Config/Windows/Engine.ini]
[2023.10.27-03.26.10:039][  0]LogConfig: Setting CVar [[gc.MaxObjectsNotConsideredByGC:1]]
[2023.10.27-03.26.10:039][  0]LogConfig: Setting CVar [[gc.SizeOfPermanentObjectPool:0]]
[2023.10.27-03.26.10:039][  0]LogConfig: Setting CVar [[gc.FlushStreamingOnGC:0]]
[2023.10.27-03.26.10:039][  0]LogConfig: Setting CVar [[gc.NumRetriesBeforeForcingGC:10]]
[2023.10.27-03.26.10:039][  0]LogConfig: Setting CVar [[gc.AllowParallelGC:1]]
[2023.10.27-03.26.10:039][  0]LogConfig: Setting CVar [[gc.TimeBetweenPurgingPendingKillObjects:61.1]]
[2023.10.27-03.26.10:039][  0]LogConfig: Setting CVar [[gc.MaxObjectsInEditor:25165824]]
[2023.10.27-03.26.10:039][  0]LogConfig: Setting CVar [[gc.IncrementalBeginDestroyEnabled:1]]
[2023.10.27-03.26.10:039][  0]LogConfig: Setting CVar [[gc.CreateGCClusters:1]]
[2023.10.27-03.26.10:039][  0]LogConfig: Setting CVar [[gc.MinGCClusterSize:5]]
[2023.10.27-03.26.10:039][  0]LogConfig: Setting CVar [[gc.ActorClusteringEnabled:0]]
[2023.10.27-03.26.10:039][  0]LogConfig: Setting CVar [[gc.BlueprintClusteringEnabled:0]]
[2023.10.27-03.26.10:039][  0]LogConfig: Setting CVar [[gc.UseDisregardForGCOnDedicatedServers:0]]
[2023.10.27-03.26.10:039][  0]LogConfig: Setting CVar [[gc.MultithreadedDestructionEnabled:1]]
[2023.10.27-03.26.10:039][  0]LogConfig: Applying CVar settings from Section [/Script/Engine.NetworkSettings] File [D:/Unreal/BasicHorrorGame/BasicHorrorGame/Saved/Config/Windows/Engine.ini]
[2023.10.27-03.26.10:039][  0]LogConfig: Applying CVar settings from Section [/Script/UnrealEd.CookerSettings] File [D:/Unreal/BasicHorrorGame/BasicHorrorGame/Saved/Config/Windows/Engine.ini]
[2023.10.27-03.26.10:047][  0]LogConfig: Applying CVar settings from Section [ViewDistanceQuality@3] File [D:/Unreal/BasicHorrorGame/BasicHorrorGame/Saved/Config/Windows/Scalability.ini]
[2023.10.27-03.26.10:047][  0]LogConfig: Setting CVar [[r.SkeletalMeshLODBias:0]]
[2023.10.27-03.26.10:047][  0]LogConfig: Setting CVar [[r.ViewDistanceScale:1.0]]
[2023.10.27-03.26.10:047][  0]LogConfig: Applying CVar settings from Section [AntiAliasingQuality@3] File [D:/Unreal/BasicHorrorGame/BasicHorrorGame/Saved/Config/Windows/Scalability.ini]
[2023.10.27-03.26.10:047][  0]LogConfig: Setting CVar [[r.PostProcessAAQuality:4]]
[2023.10.27-03.26.10:047][  0]LogConfig: Applying CVar settings from Section [ShadowQuality@3] File [D:/Unreal/BasicHorrorGame/BasicHorrorGame/Saved/Config/Windows/Scalability.ini]
[2023.10.27-03.26.10:047][  0]LogConfig: Setting CVar [[r.LightFunctionQuality:1]]
[2023.10.27-03.26.10:047][  0]LogConfig: Setting CVar [[r.ShadowQuality:5]]
[2023.10.27-03.26.10:047][  0]LogConfig: Setting CVar [[r.Shadow.CSM.MaxCascades:10]]
[2023.10.27-03.26.10:047][  0]LogConfig: Setting CVar [[r.Shadow.MaxResolution:2048]]
[2023.10.27-03.26.10:047][  0]LogConfig: Setting CVar [[r.Shadow.MaxCSMResolution:2048]]
[2023.10.27-03.26.10:047][  0]LogConfig: Setting CVar [[r.Shadow.RadiusThreshold:0.01]]
[2023.10.27-03.26.10:047][  0]LogConfig: Setting CVar [[r.Shadow.DistanceScale:1.0]]
[2023.10.27-03.26.10:047][  0]LogConfig: Setting CVar [[r.Shadow.CSM.TransitionScale:1.0]]
[2023.10.27-03.26.10:047][  0]LogConfig: Setting CVar [[r.Shadow.PreShadowResolutionFactor:1.0]]
[2023.10.27-03.26.10:047][  0]LogConfig: Setting CVar [[r.DistanceFieldShadowing:1]]
[2023.10.27-03.26.10:047][  0]LogConfig: Setting CVar [[r.DistanceFieldAO:1]]
[2023.10.27-03.26.10:047][  0]LogConfig: Setting CVar [[r.AOQuality:2]]
[2023.10.27-03.26.10:047][  0]LogConfig: Setting CVar [[r.VolumetricFog:1]]
[2023.10.27-03.26.10:047][  0]LogConfig: Setting CVar [[r.VolumetricFog.GridPixelSize:8]]
[2023.10.27-03.26.10:047][  0]LogConfig: Setting CVar [[r.VolumetricFog.GridSizeZ:128]]
[2023.10.27-03.26.10:047][  0]LogConfig: Setting CVar [[r.VolumetricFog.HistoryMissSupersampleCount:4]]
[2023.10.27-03.26.10:047][  0]LogConfig: Setting CVar [[r.LightMaxDrawDistanceScale:1]]
[2023.10.27-03.26.10:047][  0]LogConfig: Setting CVar [[r.CapsuleShadows:1]]
[2023.10.27-03.26.10:047][  0]LogConfig: Applying CVar settings from Section [PostProcessQuality@3] File [D:/Unreal/BasicHorrorGame/BasicHorrorGame/Saved/Config/Windows/Scalability.ini]
[2023.10.27-03.26.10:047][  0]LogConfig: Setting CVar [[r.MotionBlurQuality:4]]
[2023.10.27-03.26.10:047][  0]LogConfig: Setting CVar [[r.AmbientOcclusionMipLevelFactor:0.4]]
[2023.10.27-03.26.10:047][  0]LogConfig: Setting CVar [[r.AmbientOcclusionMaxQuality:100]]
[2023.10.27-03.26.10:048][  0]LogConfig: Setting CVar [[r.AmbientOcclusionLevels:-1]]
[2023.10.27-03.26.10:048][  0]LogConfig: Setting CVar [[r.AmbientOcclusionRadiusScale:1.0]]
[2023.10.27-03.26.10:048][  0]LogConfig: Setting CVar [[r.DepthOfFieldQuality:2]]
[2023.10.27-03.26.10:048][  0]LogConfig: Setting CVar [[r.RenderTargetPoolMin:400]]
[2023.10.27-03.26.10:048][  0]LogConfig: Setting CVar [[r.LensFlareQuality:2]]
[2023.10.27-03.26.10:048][  0]LogConfig: Setting CVar [[r.SceneColorFringeQuality:1]]
[2023.10.27-03.26.10:048][  0]LogConfig: Setting CVar [[r.EyeAdaptationQuality:2]]
[2023.10.27-03.26.10:048][  0]LogConfig: Setting CVar [[r.BloomQuality:5]]
[2023.10.27-03.26.10:048][  0]LogConfig: Setting CVar [[r.FastBlurThreshold:100]]
[2023.10.27-03.26.10:048][  0]LogConfig: Setting CVar [[r.Upscale.Quality:3]]
[2023.10.27-03.26.10:048][  0]LogConfig: Setting CVar [[r.Tonemapper.GrainQuantization:1]]
[2023.10.27-03.26.10:048][  0]LogConfig: Setting CVar [[r.LightShaftQuality:1]]
[2023.10.27-03.26.10:048][  0]LogConfig: Setting CVar [[r.Filter.SizeScale:1]]
[2023.10.27-03.26.10:048][  0]LogConfig: Setting CVar [[r.Tonemapper.Quality:5]]
[2023.10.27-03.26.10:048][  0]LogConfig: Setting CVar [[r.DOF.Gather.AccumulatorQuality:1        ; higher gathering accumulator quality]]
[2023.10.27-03.26.10:048][  0]LogConfig: Setting CVar [[r.DOF.Gather.PostfilterMethod:1          ; Median3x3 postfilering method]]
[2023.10.27-03.26.10:048][  0]LogConfig: Setting CVar [[r.DOF.Gather.EnableBokehSettings:0       ; no bokeh simulation when gathering]]
[2023.10.27-03.26.10:048][  0]LogConfig: Setting CVar [[r.DOF.Gather.RingCount:4                 ; medium number of samples when gathering]]
[2023.10.27-03.26.10:048][  0]LogConfig: Setting CVar [[r.DOF.Scatter.ForegroundCompositing:1    ; additive foreground scattering]]
[2023.10.27-03.26.10:048][  0]LogConfig: Setting CVar [[r.DOF.Scatter.BackgroundCompositing:2    ; additive background scattering]]
[2023.10.27-03.26.10:048][  0]LogConfig: Setting CVar [[r.DOF.Scatter.EnableBokehSettings:1      ; bokeh simulation when scattering]]
[2023.10.27-03.26.10:048][  0]LogConfig: Setting CVar [[r.DOF.Scatter.MaxSpriteRatio:0.1         ; only a maximum of 10% of scattered bokeh]]
[2023.10.27-03.26.10:048][  0]LogConfig: Setting CVar [[r.DOF.Recombine.Quality:1                ; cheap slight out of focus]]
[2023.10.27-03.26.10:048][  0]LogConfig: Setting CVar [[r.DOF.Recombine.EnableBokehSettings:0    ; no bokeh simulation on slight out of focus]]
[2023.10.27-03.26.10:048][  0]LogConfig: Setting CVar [[r.DOF.TemporalAAQuality:1                ; more stable temporal accumulation]]
[2023.10.27-03.26.10:048][  0]LogConfig: Setting CVar [[r.DOF.Kernel.MaxForegroundRadius:0.025]]
[2023.10.27-03.26.10:048][  0]LogConfig: Setting CVar [[r.DOF.Kernel.MaxBackgroundRadius:0.025]]
[2023.10.27-03.26.10:048][  0]LogConfig: Applying CVar settings from Section [TextureQuality@3] File [D:/Unreal/BasicHorrorGame/BasicHorrorGame/Saved/Config/Windows/Scalability.ini]
[2023.10.27-03.26.10:048][  0]LogConfig: Setting CVar [[r.Streaming.MipBias:0]]
[2023.10.27-03.26.10:048][  0]LogConfig: Setting CVar [[r.Streaming.AmortizeCPUToGPUCopy:0]]
[2023.10.27-03.26.10:048][  0]LogConfig: Setting CVar [[r.Streaming.MaxNumTexturesToStreamPerFrame:0]]
[2023.10.27-03.26.10:048][  0]LogConfig: Setting CVar [[r.Streaming.Boost:1]]
[2023.10.27-03.26.10:048][  0]LogConfig: Setting CVar [[r.MaxAnisotropy:8]]
[2023.10.27-03.26.10:048][  0]LogConfig: Setting CVar [[r.VT.MaxAnisotropy:8]]
[2023.10.27-03.26.10:048][  0]LogConfig: Setting CVar [[r.Streaming.LimitPoolSizeToVRAM:0]]
[2023.10.27-03.26.10:048][  0]LogConfig: Setting CVar [[r.Streaming.PoolSize:1000]]
[2023.10.27-03.26.10:048][  0]LogConfig: Setting CVar [[r.Streaming.MaxEffectiveScreenSize:0]]
[2023.10.27-03.26.10:048][  0]LogConfig: Applying CVar settings from Section [EffectsQuality@3] File [D:/Unreal/BasicHorrorGame/BasicHorrorGame/Saved/Config/Windows/Scalability.ini]
[2023.10.27-03.26.10:048][  0]LogConfig: Setting CVar [[r.TranslucencyLightingVolumeDim:64]]
[2023.10.27-03.26.10:048][  0]LogConfig: Setting CVar [[r.RefractionQuality:2]]
[2023.10.27-03.26.10:048][  0]LogConfig: Setting CVar [[r.SSR.Quality:3]]
[2023.10.27-03.26.10:048][  0]LogConfig: Setting CVar [[r.SSR.HalfResSceneColor:0]]
[2023.10.27-03.26.10:048][  0]LogConfig: Setting CVar [[r.SceneColorFormat:4]]
[2023.10.27-03.26.10:048][  0]LogConfig: Setting CVar [[r.DetailMode:2]]
[2023.10.27-03.26.10:048][  0]LogConfig: Setting CVar [[r.TranslucencyVolumeBlur:1]]
[2023.10.27-03.26.10:048][  0]LogConfig: Setting CVar [[r.MaterialQualityLevel:1 ; High quality]]
[2023.10.27-03.26.10:048][  0]LogConfig: Setting CVar [[r.AnisotropicMaterials:1]]
[2023.10.27-03.26.10:048][  0]LogConfig: Setting CVar [[r.SSS.Scale:1]]
[2023.10.27-03.26.10:048][  0]LogConfig: Setting CVar [[r.SSS.SampleSet:2]]
[2023.10.27-03.26.10:048][  0]LogConfig: Setting CVar [[r.SSS.Quality:1]]
[2023.10.27-03.26.10:048][  0]LogConfig: Setting CVar [[r.SSS.HalfRes:0]]
[2023.10.27-03.26.10:048][  0]LogConfig: Setting CVar [[r.SSGI.Quality:3]]
[2023.10.27-03.26.10:048][  0]LogConfig: Setting CVar [[r.EmitterSpawnRateScale:1.0]]
[2023.10.27-03.26.10:048][  0]LogConfig: Setting CVar [[r.ParticleLightQuality:2]]
[2023.10.27-03.26.10:048][  0]LogConfig: Setting CVar [[r.SkyAtmosphere.AerialPerspectiveLUT.FastApplyOnOpaque:1 ; Always have FastSkyLUT 1 in this case to avoid wrong sky]]
[2023.10.27-03.26.10:048][  0]LogConfig: Setting CVar [[r.SkyAtmosphere.AerialPerspectiveLUT.SampleCountMaxPerSlice:4]]
[2023.10.27-03.26.10:048][  0]LogConfig: Setting CVar [[r.SkyAtmosphere.AerialPerspectiveLUT.DepthResolution:16.0]]
[2023.10.27-03.26.10:048][  0]LogConfig: Setting CVar [[r.SkyAtmosphere.FastSkyLUT:1]]
[2023.10.27-03.26.10:048][  0]LogConfig: Setting CVar [[r.SkyAtmosphere.FastSkyLUT.SampleCountMin:4.0]]
[2023.10.27-03.26.10:048][  0]LogConfig: Setting CVar [[r.SkyAtmosphere.FastSkyLUT.SampleCountMax:128.0]]
[2023.10.27-03.26.10:048][  0]LogConfig: Setting CVar [[r.SkyAtmosphere.SampleCountMin:4.0]]
[2023.10.27-03.26.10:048][  0]LogConfig: Setting CVar [[r.SkyAtmosphere.SampleCountMax:128.0]]
[2023.10.27-03.26.10:048][  0]LogConfig: Setting CVar [[r.SkyAtmosphere.TransmittanceLUT.UseSmallFormat:0]]
[2023.10.27-03.26.10:048][  0]LogConfig: Setting CVar [[r.SkyAtmosphere.TransmittanceLUT.SampleCount:10.0]]
[2023.10.27-03.26.10:048][  0]LogConfig: Setting CVar [[r.SkyAtmosphere.MultiScatteringLUT.SampleCount:15.0]]
[2023.10.27-03.26.10:048][  0]LogConfig: Setting CVar [[r.SkyLight.RealTimeReflectionCapture:1]]
[2023.10.27-03.26.10:048][  0]LogConfig: Applying CVar settings from Section [FoliageQuality@3] File [D:/Unreal/BasicHorrorGame/BasicHorrorGame/Saved/Config/Windows/Scalability.ini]
[2023.10.27-03.26.10:048][  0]LogConfig: Setting CVar [[foliage.DensityScale:1.0]]
[2023.10.27-03.26.10:048][  0]LogConfig: Setting CVar [[grass.DensityScale:1.0]]
[2023.10.27-03.26.10:048][  0]LogConfig: Applying CVar settings from Section [ShadingQuality@3] File [D:/Unreal/BasicHorrorGame/BasicHorrorGame/Saved/Config/Windows/Scalability.ini]
[2023.10.27-03.26.10:048][  0]LogConfig: Setting CVar [[r.HairStrands.SkyLighting.IntegrationType:2]]
[2023.10.27-03.26.10:048][  0]LogConfig: Setting CVar [[r.HairStrands.SkyAO.SampleCount:4]]
[2023.10.27-03.26.10:048][  0]LogConfig: Setting CVar [[r.HairStrands.Visibility.MSAA.SamplePerPixel:4]]
[2023.10.27-03.26.10:048][  0]LogInit: Selected Device Profile: [Windows]
[2023.10.27-03.26.10:049][  0]LogInit: Applying CVar settings loaded from the selected device profile: [Windows]
[2023.10.27-03.26.10:049][  0]LogHAL: Display: Platform has ~ 16 GB [16991240192 / 17179869184 / 16], which maps to Larger [LargestMinGB=32, LargerMinGB=12, DefaultMinGB=8, SmallerMinGB=6, SmallestMinGB=0)
[2023.10.27-03.26.10:049][  0]LogInit: Going up to parent DeviceProfile []
[2023.10.27-03.26.10:049][  0]LogConfig: Applying CVar settings from Section [ViewDistanceQuality@3] File [D:/Unreal/BasicHorrorGame/BasicHorrorGame/Saved/Config/Windows/Scalability.ini]
[2023.10.27-03.26.10:049][  0]LogConfig: Setting CVar [[r.SkeletalMeshLODBias:0]]
[2023.10.27-03.26.10:049][  0]LogConfig: Setting CVar [[r.ViewDistanceScale:1.0]]
[2023.10.27-03.26.10:049][  0]LogConfig: Applying CVar settings from Section [AntiAliasingQuality@3] File [D:/Unreal/BasicHorrorGame/BasicHorrorGame/Saved/Config/Windows/Scalability.ini]
[2023.10.27-03.26.10:049][  0]LogConfig: Setting CVar [[r.PostProcessAAQuality:4]]
[2023.10.27-03.26.10:049][  0]LogConfig: Applying CVar settings from Section [ShadowQuality@3] File [D:/Unreal/BasicHorrorGame/BasicHorrorGame/Saved/Config/Windows/Scalability.ini]
[2023.10.27-03.26.10:049][  0]LogConfig: Setting CVar [[r.LightFunctionQuality:1]]
[2023.10.27-03.26.10:049][  0]LogConfig: Setting CVar [[r.ShadowQuality:5]]
[2023.10.27-03.26.10:049][  0]LogConfig: Setting CVar [[r.Shadow.CSM.MaxCascades:10]]
[2023.10.27-03.26.10:049][  0]LogConfig: Setting CVar [[r.Shadow.MaxResolution:2048]]
[2023.10.27-03.26.10:049][  0]LogConfig: Setting CVar [[r.Shadow.MaxCSMResolution:2048]]
[2023.10.27-03.26.10:049][  0]LogConfig: Setting CVar [[r.Shadow.RadiusThreshold:0.01]]
[2023.10.27-03.26.10:049][  0]LogConfig: Setting CVar [[r.Shadow.DistanceScale:1.0]]
[2023.10.27-03.26.10:049][  0]LogConfig: Setting CVar [[r.Shadow.CSM.TransitionScale:1.0]]
[2023.10.27-03.26.10:049][  0]LogConfig: Setting CVar [[r.Shadow.PreShadowResolutionFactor:1.0]]
[2023.10.27-03.26.10:049][  0]LogConfig: Setting CVar [[r.DistanceFieldShadowing:1]]
[2023.10.27-03.26.10:049][  0]LogConfig: Setting CVar [[r.DistanceFieldAO:1]]
[2023.10.27-03.26.10:049][  0]LogConfig: Setting CVar [[r.AOQuality:2]]
[2023.10.27-03.26.10:049][  0]LogConfig: Setting CVar [[r.VolumetricFog:1]]
[2023.10.27-03.26.10:049][  0]LogConfig: Setting CVar [[r.VolumetricFog.GridPixelSize:8]]
[2023.10.27-03.26.10:049][  0]LogConfig: Setting CVar [[r.VolumetricFog.GridSizeZ:128]]
[2023.10.27-03.26.10:049][  0]LogConfig: Setting CVar [[r.VolumetricFog.HistoryMissSupersampleCount:4]]
[2023.10.27-03.26.10:049][  0]LogConfig: Setting CVar [[r.LightMaxDrawDistanceScale:1]]
[2023.10.27-03.26.10:049][  0]LogConfig: Setting CVar [[r.CapsuleShadows:1]]
[2023.10.27-03.26.10:049][  0]LogConfig: Applying CVar settings from Section [PostProcessQuality@3] File [D:/Unreal/BasicHorrorGame/BasicHorrorGame/Saved/Config/Windows/Scalability.ini]
[2023.10.27-03.26.10:049][  0]LogConfig: Setting CVar [[r.MotionBlurQuality:4]]
[2023.10.27-03.26.10:049][  0]LogConfig: Setting CVar [[r.AmbientOcclusionMipLevelFactor:0.4]]
[2023.10.27-03.26.10:049][  0]LogConfig: Setting CVar [[r.AmbientOcclusionMaxQuality:100]]
[2023.10.27-03.26.10:049][  0]LogConfig: Setting CVar [[r.AmbientOcclusionLevels:-1]]
[2023.10.27-03.26.10:049][  0]LogConfig: Setting CVar [[r.AmbientOcclusionRadiusScale:1.0]]
[2023.10.27-03.26.10:049][  0]LogConfig: Setting CVar [[r.DepthOfFieldQuality:2]]
[2023.10.27-03.26.10:049][  0]LogConfig: Setting CVar [[r.RenderTargetPoolMin:400]]
[2023.10.27-03.26.10:049][  0]LogConfig: Setting CVar [[r.LensFlareQuality:2]]
[2023.10.27-03.26.10:049][  0]LogConfig: Setting CVar [[r.SceneColorFringeQuality:1]]
[2023.10.27-03.26.10:049][  0]LogConfig: Setting CVar [[r.EyeAdaptationQuality:2]]
[2023.10.27-03.26.10:049][  0]LogConfig: Setting CVar [[r.BloomQuality:5]]
[2023.10.27-03.26.10:049][  0]LogConfig: Setting CVar [[r.FastBlurThreshold:100]]
[2023.10.27-03.26.10:049][  0]LogConfig: Setting CVar [[r.Upscale.Quality:3]]
[2023.10.27-03.26.10:049][  0]LogConfig: Setting CVar [[r.Tonemapper.GrainQuantization:1]]
[2023.10.27-03.26.10:049][  0]LogConfig: Setting CVar [[r.LightShaftQuality:1]]
[2023.10.27-03.26.10:050][  0]LogConfig: Setting CVar [[r.Filter.SizeScale:1]]
[2023.10.27-03.26.10:050][  0]LogConfig: Setting CVar [[r.Tonemapper.Quality:5]]
[2023.10.27-03.26.10:050][  0]LogConfig: Setting CVar [[r.DOF.Gather.AccumulatorQuality:1        ; higher gathering accumulator quality]]
[2023.10.27-03.26.10:050][  0]LogConfig: Setting CVar [[r.DOF.Gather.PostfilterMethod:1          ; Median3x3 postfilering method]]
[2023.10.27-03.26.10:050][  0]LogConfig: Setting CVar [[r.DOF.Gather.EnableBokehSettings:0       ; no bokeh simulation when gathering]]
[2023.10.27-03.26.10:050][  0]LogConfig: Setting CVar [[r.DOF.Gather.RingCount:4                 ; medium number of samples when gathering]]
[2023.10.27-03.26.10:050][  0]LogConfig: Setting CVar [[r.DOF.Scatter.ForegroundCompositing:1    ; additive foreground scattering]]
[2023.10.27-03.26.10:050][  0]LogConfig: Setting CVar [[r.DOF.Scatter.BackgroundCompositing:2    ; additive background scattering]]
[2023.10.27-03.26.10:050][  0]LogConfig: Setting CVar [[r.DOF.Scatter.EnableBokehSettings:1      ; bokeh simulation when scattering]]
[2023.10.27-03.26.10:050][  0]LogConfig: Setting CVar [[r.DOF.Scatter.MaxSpriteRatio:0.1         ; only a maximum of 10% of scattered bokeh]]
[2023.10.27-03.26.10:050][  0]LogConfig: Setting CVar [[r.DOF.Recombine.Quality:1                ; cheap slight out of focus]]
[2023.10.27-03.26.10:050][  0]LogConfig: Setting CVar [[r.DOF.Recombine.EnableBokehSettings:0    ; no bokeh simulation on slight out of focus]]
[2023.10.27-03.26.10:050][  0]LogConfig: Setting CVar [[r.DOF.TemporalAAQuality:1                ; more stable temporal accumulation]]
[2023.10.27-03.26.10:050][  0]LogConfig: Setting CVar [[r.DOF.Kernel.MaxForegroundRadius:0.025]]
[2023.10.27-03.26.10:050][  0]LogConfig: Setting CVar [[r.DOF.Kernel.MaxBackgroundRadius:0.025]]
[2023.10.27-03.26.10:050][  0]LogConfig: Applying CVar settings from Section [TextureQuality@3] File [D:/Unreal/BasicHorrorGame/BasicHorrorGame/Saved/Config/Windows/Scalability.ini]
[2023.10.27-03.26.10:050][  0]LogConfig: Setting CVar [[r.Streaming.MipBias:0]]
[2023.10.27-03.26.10:050][  0]LogConfig: Setting CVar [[r.Streaming.AmortizeCPUToGPUCopy:0]]
[2023.10.27-03.26.10:050][  0]LogConfig: Setting CVar [[r.Streaming.MaxNumTexturesToStreamPerFrame:0]]
[2023.10.27-03.26.10:050][  0]LogConfig: Setting CVar [[r.Streaming.Boost:1]]
[2023.10.27-03.26.10:050][  0]LogConfig: Setting CVar [[r.MaxAnisotropy:8]]
[2023.10.27-03.26.10:050][  0]LogConfig: Setting CVar [[r.VT.MaxAnisotropy:8]]
[2023.10.27-03.26.10:050][  0]LogConfig: Setting CVar [[r.Streaming.LimitPoolSizeToVRAM:0]]
[2023.10.27-03.26.10:050][  0]LogConfig: Setting CVar [[r.Streaming.PoolSize:1000]]
[2023.10.27-03.26.10:050][  0]LogConfig: Setting CVar [[r.Streaming.MaxEffectiveScreenSize:0]]
[2023.10.27-03.26.10:050][  0]LogConfig: Applying CVar settings from Section [EffectsQuality@3] File [D:/Unreal/BasicHorrorGame/BasicHorrorGame/Saved/Config/Windows/Scalability.ini]
[2023.10.27-03.26.10:050][  0]LogConfig: Setting CVar [[r.TranslucencyLightingVolumeDim:64]]
[2023.10.27-03.26.10:050][  0]LogConfig: Setting CVar [[r.RefractionQuality:2]]
[2023.10.27-03.26.10:050][  0]LogConfig: Setting CVar [[r.SSR.Quality:3]]
[2023.10.27-03.26.10:050][  0]LogConfig: Setting CVar [[r.SSR.HalfResSceneColor:0]]
[2023.10.27-03.26.10:050][  0]LogConfig: Setting CVar [[r.SceneColorFormat:4]]
[2023.10.27-03.26.10:050][  0]LogConfig: Setting CVar [[r.DetailMode:2]]
[2023.10.27-03.26.10:050][  0]LogConfig: Setting CVar [[r.TranslucencyVolumeBlur:1]]
[2023.10.27-03.26.10:050][  0]LogConfig: Setting CVar [[r.MaterialQualityLevel:1 ; High quality]]
[2023.10.27-03.26.10:050][  0]LogConfig: Setting CVar [[r.AnisotropicMaterials:1]]
[2023.10.27-03.26.10:050][  0]LogConfig: Setting CVar [[r.SSS.Scale:1]]
[2023.10.27-03.26.10:050][  0]LogConfig: Setting CVar [[r.SSS.SampleSet:2]]
[2023.10.27-03.26.10:050][  0]LogConfig: Setting CVar [[r.SSS.Quality:1]]
[2023.10.27-03.26.10:050][  0]LogConfig: Setting CVar [[r.SSS.HalfRes:0]]
[2023.10.27-03.26.10:050][  0]LogConfig: Setting CVar [[r.SSGI.Quality:3]]
[2023.10.27-03.26.10:050][  0]LogConfig: Setting CVar [[r.EmitterSpawnRateScale:1.0]]
[2023.10.27-03.26.10:050][  0]LogConfig: Setting CVar [[r.ParticleLightQuality:2]]
[2023.10.27-03.26.10:050][  0]LogConfig: Setting CVar [[r.SkyAtmosphere.AerialPerspectiveLUT.FastApplyOnOpaque:1 ; Always have FastSkyLUT 1 in this case to avoid wrong sky]]
[2023.10.27-03.26.10:050][  0]LogConfig: Setting CVar [[r.SkyAtmosphere.AerialPerspectiveLUT.SampleCountMaxPerSlice:4]]
[2023.10.27-03.26.10:050][  0]LogConfig: Setting CVar [[r.SkyAtmosphere.AerialPerspectiveLUT.DepthResolution:16.0]]
[2023.10.27-03.26.10:050][  0]LogConfig: Setting CVar [[r.SkyAtmosphere.FastSkyLUT:1]]
[2023.10.27-03.26.10:050][  0]LogConfig: Setting CVar [[r.SkyAtmosphere.FastSkyLUT.SampleCountMin:4.0]]
[2023.10.27-03.26.10:050][  0]LogConfig: Setting CVar [[r.SkyAtmosphere.FastSkyLUT.SampleCountMax:128.0]]
[2023.10.27-03.26.10:050][  0]LogConfig: Setting CVar [[r.SkyAtmosphere.SampleCountMin:4.0]]
[2023.10.27-03.26.10:050][  0]LogConfig: Setting CVar [[r.SkyAtmosphere.SampleCountMax:128.0]]
[2023.10.27-03.26.10:050][  0]LogConfig: Setting CVar [[r.SkyAtmosphere.TransmittanceLUT.UseSmallFormat:0]]
[2023.10.27-03.26.10:050][  0]LogConfig: Setting CVar [[r.SkyAtmosphere.TransmittanceLUT.SampleCount:10.0]]
[2023.10.27-03.26.10:050][  0]LogConfig: Setting CVar [[r.SkyAtmosphere.MultiScatteringLUT.SampleCount:15.0]]
[2023.10.27-03.26.10:050][  0]LogConfig: Setting CVar [[r.SkyLight.RealTimeReflectionCapture:1]]
[2023.10.27-03.26.10:050][  0]LogConfig: Applying CVar settings from Section [FoliageQuality@3] File [D:/Unreal/BasicHorrorGame/BasicHorrorGame/Saved/Config/Windows/Scalability.ini]
[2023.10.27-03.26.10:050][  0]LogConfig: Setting CVar [[foliage.DensityScale:1.0]]
[2023.10.27-03.26.10:050][  0]LogConfig: Setting CVar [[grass.DensityScale:1.0]]
[2023.10.27-03.26.10:050][  0]LogConfig: Applying CVar settings from Section [ShadingQuality@3] File [D:/Unreal/BasicHorrorGame/BasicHorrorGame/Saved/Config/Windows/Scalability.ini]
[2023.10.27-03.26.10:050][  0]LogConfig: Setting CVar [[r.HairStrands.SkyLighting.IntegrationType:2]]
[2023.10.27-03.26.10:050][  0]LogConfig: Setting CVar [[r.HairStrands.SkyAO.SampleCount:4]]
[2023.10.27-03.26.10:050][  0]LogConfig: Setting CVar [[r.HairStrands.Visibility.MSAA.SamplePerPixel:4]]
[2023.10.27-03.26.10:050][  0]LogConfig: Applying CVar settings from Section [Startup] File [../../../Engine/Config/ConsoleVariables.ini]
[2023.10.27-03.26.10:051][  0]LogConfig: Setting CVar [[net.UseAdaptiveNetUpdateFrequency:0]]
[2023.10.27-03.26.10:051][  0]LogConfig: Setting CVar [[p.chaos.AllowCreatePhysxBodies:1]]
[2023.10.27-03.26.10:051][  0]LogConfig: Setting CVar [[fx.SkipVectorVMBackendOptimizations:1]]
[2023.10.27-03.26.10:051][  0]LogConfig: Applying CVar settings from Section [ConsoleVariables] File [D:/Unreal/BasicHorrorGame/BasicHorrorGame/Saved/Config/Windows/Engine.ini]
[2023.10.27-03.26.10:051][  0]LogConfig: Applying CVar settings from Section [ConsoleVariables] File [D:/Unreal/BasicHorrorGame/BasicHorrorGame/Saved/Config/Windows/Editor.ini]
[2023.10.27-03.26.10:051][  0]LogInit: Computer: MSI
[2023.10.27-03.26.10:051][  0]LogInit: User: Zyra
[2023.10.27-03.26.10:051][  0]LogInit: CPU Page size=4096, Cores=6
[2023.10.27-03.26.10:051][  0]LogInit: High frequency timer resolution =10.000000 MHz
[2023.10.27-03.26.10:051][  0]LogMemory: Memory total: Physical=15.8GB (16GB approx)
[2023.10.27-03.26.10:051][  0]LogMemory: Platform Memory Stats for Windows
[2023.10.27-03.26.10:051][  0]LogMemory: Process Physical Memory: 146.39 MB used, 146.39 MB peak
[2023.10.27-03.26.10:051][  0]LogMemory: Process Virtual Memory: 120.70 MB used, 120.70 MB peak
[2023.10.27-03.26.10:051][  0]LogMemory: Physical Memory: 11200.43 MB used,  5003.68 MB free, 16204.11 MB total
[2023.10.27-03.26.10:051][  0]LogMemory: Virtual Memory: 134206840.00 MB used,  10889.88 MB free, 134217728.00 MB total
[2023.10.27-03.26.10:094][  0]LogWindows: WindowsPlatformFeatures enabled
[2023.10.27-03.26.10:192][  0]LogInit: Physics initialised using underlying interface: PhysX
[2023.10.27-03.26.10:194][  0]LogInit: Using OS detected language (en-US).
[2023.10.27-03.26.10:194][  0]LogInit: Using OS detected locale (en-US).
[2023.10.27-03.26.10:198][  0]LogTextLocalizationManager: No specific localization for 'en-US' exists, so the 'en' localization will be used.
[2023.10.27-03.26.10:530][  0]LogInit: Setting process to per monitor DPI aware
[2023.10.27-03.26.10:549][  0]LogWindowsTextInputMethodSystem: Display: IME system deactivated.
[2023.10.27-03.26.10:586][  0]LogSlate: New Slate User Created.  User Index 0, Is Virtual User: 0
[2023.10.27-03.26.10:586][  0]LogSlate: Slate User Registered.  User Index 0, Is Virtual User: 0
[2023.10.27-03.26.10:864][  0]LogD3D11RHI: Loaded GFSDK_Aftermath_Lib.x64.dll
[2023.10.27-03.26.10:912][  0]LogHMD: Failed to enumerate extensions. Please check that you have a valid OpenXR runtime installed.
[2023.10.27-03.26.10:912][  0]LogD3D11RHI: D3D11 min allowed feature level: 11_0
[2023.10.27-03.26.10:912][  0]LogD3D11RHI: D3D11 max allowed feature level: 11_0
[2023.10.27-03.26.10:912][  0]LogD3D11RHI: D3D11 adapters:
[2023.10.27-03.26.11:098][  0]LogD3D11RHI:    0. 'NVIDIA GeForce RTX 2080 Super' (Feature Level 11_0)
[2023.10.27-03.26.11:099][  0]LogD3D11RHI:       8001/0/8102 MB DedicatedVideo/DedicatedSystem/SharedSystem, Outputs:1, VendorId:0x10de
[2023.10.27-03.26.11:149][  0]LogD3D11RHI:    1. 'Intel(R) UHD Graphics' (Feature Level 11_0)
[2023.10.27-03.26.11:149][  0]LogD3D11RHI:       128/0/8102 MB DedicatedVideo/DedicatedSystem/SharedSystem, Outputs:0, VendorId:0x8086
[2023.10.27-03.26.11:156][  0]LogD3D11RHI:    2. 'Microsoft Basic Render Driver' (Feature Level 11_0)
[2023.10.27-03.26.11:156][  0]LogD3D11RHI:       0/0/8102 MB DedicatedVideo/DedicatedSystem/SharedSystem, Outputs:0, VendorId:0x1414
[2023.10.27-03.26.11:156][  0]LogD3D11RHI: Chosen D3D11 Adapter:
[2023.10.27-03.26.11:156][  0]LogD3D11RHI:     Description : NVIDIA GeForce RTX 2080 Super
[2023.10.27-03.26.11:156][  0]LogD3D11RHI:     VendorId    : 10de
[2023.10.27-03.26.11:156][  0]LogD3D11RHI:     DeviceId    : 1e93
[2023.10.27-03.26.11:156][  0]LogD3D11RHI:     SubSysId    : 12bc1462
[2023.10.27-03.26.11:156][  0]LogD3D11RHI:     Revision    : 00a1
[2023.10.27-03.26.11:157][  0]LogD3D11RHI:     DedicatedVideoMemory : 8389656576 bytes
[2023.10.27-03.26.11:157][  0]LogD3D11RHI:     DedicatedSystemMemory : 0 bytes
[2023.10.27-03.26.11:157][  0]LogD3D11RHI:     SharedSystemMemory : 8495620096 bytes
[2023.10.27-03.26.11:157][  0]LogD3D11RHI:     AdapterLuid : 0 72071
[2023.10.27-03.26.11:166][  0]LogD3D11RHI: Creating new Direct3DDevice
[2023.10.27-03.26.11:166][  0]LogD3D11RHI:     GPU DeviceId: 0x1e93 (for the marketing name, search the web for "GPU Device Id")
[2023.10.27-03.26.11:166][  0]LogWindows: EnumDisplayDevices:
[2023.10.27-03.26.11:167][  0]LogWindows:    0. 'Intel(R) UHD Graphics' (P:1 D:1)
[2023.10.27-03.26.11:167][  0]LogWindows:    1. 'Intel(R) UHD Graphics' (P:0 D:0)
[2023.10.27-03.26.11:167][  0]LogWindows:    2. 'Intel(R) UHD Graphics' (P:0 D:0)
[2023.10.27-03.26.11:167][  0]LogWindows:    3. 'NVIDIA GeForce RTX 2080 Super' (P:0 D:0)
[2023.10.27-03.26.11:167][  0]LogWindows:    4. 'NVIDIA GeForce RTX 2080 Super' (P:0 D:0)
[2023.10.27-03.26.11:167][  0]LogWindows:    5. 'NVIDIA GeForce RTX 2080 Super' (P:0 D:0)
[2023.10.27-03.26.11:168][  0]LogWindows:    6. 'NVIDIA GeForce RTX 2080 Super' (P:0 D:0)
[2023.10.27-03.26.11:168][  0]LogWindows: DebugString: PrimaryIsNotTheChoosenAdapter PrimaryIsNotTheChoosenAdapter PrimaryIsNotTheChoosenAdapter FoundDriverCount:4 
[2023.10.27-03.26.11:168][  0]LogD3D11RHI:     Adapter Name: NVIDIA GeForce RTX 2080 Super
[2023.10.27-03.26.11:168][  0]LogD3D11RHI:   Driver Version: 537.42 (internal:31.0.15.3742, unified:537.42)
[2023.10.27-03.26.11:168][  0]LogD3D11RHI:      Driver Date: 9-12-2023
[2023.10.27-03.26.11:168][  0]LogRHI: Texture pool is 5600 MB (70% of 8001 MB)
[2023.10.27-03.26.11:168][  0]LogD3D11RHI: Creating D3DDevice using adapter:
[2023.10.27-03.26.11:168][  0]LogD3D11RHI:     Description : NVIDIA GeForce RTX 2080 Super
[2023.10.27-03.26.11:168][  0]LogD3D11RHI:     VendorId    : 10de
[2023.10.27-03.26.11:168][  0]LogD3D11RHI:     DeviceId    : 1e93
[2023.10.27-03.26.11:168][  0]LogD3D11RHI:     SubSysId    : 12bc1462
[2023.10.27-03.26.11:168][  0]LogD3D11RHI:     Revision    : 00a1
[2023.10.27-03.26.11:168][  0]LogD3D11RHI:     DedicatedVideoMemory : 8389656576 bytes
[2023.10.27-03.26.11:168][  0]LogD3D11RHI:     DedicatedSystemMemory : 0 bytes
[2023.10.27-03.26.11:168][  0]LogD3D11RHI:     SharedSystemMemory : 8495620096 bytes
[2023.10.27-03.26.11:168][  0]LogD3D11RHI:     AdapterLuid : 0 72071
[2023.10.27-03.26.11:256][  0]LogD3D11RHI: RHI has support for 64 bit atomics
[2023.10.27-03.26.11:257][  0]LogD3D11RHI: Async texture creation enabled
[2023.10.27-03.26.11:257][  0]LogD3D11RHI: Array index from any shader is supported
[2023.10.27-03.26.11:304][  0]LogD3D11RHI: GPU Timing Frequency: 1000.000000 (Debug: 2 2)
[2023.10.27-03.26.11:349][  0]LogRHI: GeForceNow SDK initialized: 1
[2023.10.27-03.26.12:091][  0]LogTargetPlatformManager: Display: Loaded TargetPlatform 'AllDesktop'
[2023.10.27-03.26.12:112][  0]LogTargetPlatformManager: Display: Loaded TargetPlatform 'Android'
[2023.10.27-03.26.12:112][  0]LogTargetPlatformManager: Display: Loaded TargetPlatform 'Android_ASTC'
[2023.10.27-03.26.12:112][  0]LogTargetPlatformManager: Display: Loaded TargetPlatform 'Android_DXT'
[2023.10.27-03.26.12:112][  0]LogTargetPlatformManager: Display: Loaded TargetPlatform 'Android_ETC2'
[2023.10.27-03.26.12:112][  0]LogTargetPlatformManager: Display: Loaded TargetPlatform 'AndroidClient'
[2023.10.27-03.26.12:112][  0]LogTargetPlatformManager: Display: Loaded TargetPlatform 'Android_ASTCClient'
[2023.10.27-03.26.12:112][  0]LogTargetPlatformManager: Display: Loaded TargetPlatform 'Android_DXTClient'
[2023.10.27-03.26.12:112][  0]LogTargetPlatformManager: Display: Loaded TargetPlatform 'Android_ETC2Client'
[2023.10.27-03.26.12:112][  0]LogTargetPlatformManager: Display: Loaded TargetPlatform 'Android_Multi'
[2023.10.27-03.26.12:112][  0]LogTargetPlatformManager: Display: Loaded TargetPlatform 'Android_MultiClient'
[2023.10.27-03.26.12:135][  0]LogTargetPlatformManager: Display: Loaded TargetPlatform 'IOSClient'
[2023.10.27-03.26.12:136][  0]LogTargetPlatformManager: Display: Loaded TargetPlatform 'IOS'
[2023.10.27-03.26.12:146][  0]LogTargetPlatformManager: Display: Loaded TargetPlatform 'Linux'
[2023.10.27-03.26.12:152][  0]LogTargetPlatformManager: Display: Loaded TargetPlatform 'LinuxNoEditor'
[2023.10.27-03.26.12:158][  0]LogTargetPlatformManager: Display: Loaded TargetPlatform 'LinuxClient'
[2023.10.27-03.26.12:165][  0]LogTargetPlatformManager: Display: Loaded TargetPlatform 'LinuxServer'
[2023.10.27-03.26.12:174][  0]LogTargetPlatformManager: Display: Loaded TargetPlatform 'LinuxAArch64NoEditor'
[2023.10.27-03.26.12:180][  0]LogTargetPlatformManager: Display: Loaded TargetPlatform 'LinuxAArch64Client'
[2023.10.27-03.26.12:186][  0]LogTargetPlatformManager: Display: Loaded TargetPlatform 'LinuxAArch64Server'
[2023.10.27-03.26.12:207][  0]LogTargetPlatformManager: Display: Loaded TargetPlatform 'Lumin'
[2023.10.27-03.26.12:207][  0]LogTargetPlatformManager: Display: Loaded TargetPlatform 'LuminClient'
[2023.10.27-03.26.12:219][  0]LogTargetPlatformManager: Display: Loaded TargetPlatform 'MacNoEditor'
[2023.10.27-03.26.12:226][  0]LogTargetPlatformManager: Display: Loaded TargetPlatform 'Mac'
[2023.10.27-03.26.12:232][  0]LogTargetPlatformManager: Display: Loaded TargetPlatform 'MacClient'
[2023.10.27-03.26.12:237][  0]LogTargetPlatformManager: Display: Loaded TargetPlatform 'MacServer'
[2023.10.27-03.26.12:246][  0]LogTargetPlatformManager: Display: Loaded TargetPlatform 'TVOSClient'
[2023.10.27-03.26.12:246][  0]LogTargetPlatformManager: Display: Loaded TargetPlatform 'TVOS'
[2023.10.27-03.26.12:256][  0]LogTargetPlatformManager: Display: Loaded TargetPlatform 'WindowsNoEditor'
[2023.10.27-03.26.12:263][  0]LogTargetPlatformManager: Display: Loaded TargetPlatform 'Windows'
[2023.10.27-03.26.12:269][  0]LogTargetPlatformManager: Display: Loaded TargetPlatform 'WindowsClient'
[2023.10.27-03.26.12:275][  0]LogTargetPlatformManager: Display: Loaded TargetPlatform 'WindowsServer'
[2023.10.27-03.26.12:275][  0]LogTargetPlatformManager: Display: Building Assets For Windows
[2023.10.27-03.26.12:288][  0]LogAudioDebug: Display: Lib vorbis DLL was dynamically loaded.
[2023.10.27-03.26.12:337][  0]LogTextureFormatOodle: Display: Oodle Texture 2.9.0 init RDO Off
[2023.10.27-03.26.12:422][  0]LogRendererCore: Ray tracing is disabled. Reason: r.RayTracing=0.
[2023.10.27-03.26.12:423][  0]LogShaderCompilers: Guid format shader working directory is -9 characters bigger than the processId version (../../../../../Unreal/BasicHorrorGame/BasicHorrorGame/Intermediate/Shaders/WorkingDirectory/37852/).
[2023.10.27-03.26.12:423][  0]LogShaderCompilers: Cleaned the shader compiler working directory 'C:/Users/Zyra/AppData/Local/Temp/UnrealShaderWorkingDir/31C496D04D33B43A070D34839FA5D9C1/'.
[2023.10.27-03.26.12:424][  0]LogXGEController: Cannot use XGE Controller as Incredibuild is not installed on this machine.
[2023.10.27-03.26.12:424][  0]LogShaderCompilers: Cannot use XGE Shader Compiler as Incredibuild is not installed on this machine.
[2023.10.27-03.26.12:424][  0]LogShaderCompilers: Display: Using Local Shader Compiler.
[2023.10.27-03.26.13:234][  0]LogDerivedDataCache: Display: Max Cache Size: 512 MB
[2023.10.27-03.26.13:317][  0]LogDerivedDataCache: Loaded boot cache 0.08s 94MB C:/Users/Zyra/AppData/Local/UnrealEngine/4.27/DerivedDataCache/Boot.ddc.
[2023.10.27-03.26.13:317][  0]LogDerivedDataCache: Display: Loaded Boot cache: C:/Users/Zyra/AppData/Local/UnrealEngine/4.27/DerivedDataCache/Boot.ddc
[2023.10.27-03.26.13:317][  0]LogDerivedDataCache: FDerivedDataBackendGraph:  Pak pak cache file ../../../../../Unreal/BasicHorrorGame/BasicHorrorGame/DerivedDataCache/DDC.ddp not found, will not use a pak cache.
[2023.10.27-03.26.13:317][  0]LogDerivedDataCache: Unable to find inner node Pak for hierarchical cache Hierarchy.
[2023.10.27-03.26.13:317][  0]LogDerivedDataCache: FDerivedDataBackendGraph:  CompressedPak pak cache file ../../../../../Unreal/BasicHorrorGame/BasicHorrorGame/DerivedDataCache/Compressed.ddp not found, will not use a pak cache.
[2023.10.27-03.26.13:318][  0]LogDerivedDataCache: Unable to find inner node CompressedPak for hierarchical cache Hierarchy.
[2023.10.27-03.26.13:334][  0]LogDerivedDataCache: Display: Pak cache opened for reading ../../../Engine/DerivedDataCache/Compressed.ddp.
[2023.10.27-03.26.13:334][  0]LogDerivedDataCache: FDerivedDataBackendGraph:  EnterprisePak pak cache file ../../../Enterprise/DerivedDataCache/Compressed.ddp not found, will not use a pak cache.
[2023.10.27-03.26.13:334][  0]LogDerivedDataCache: Unable to find inner node EnterprisePak for hierarchical cache Hierarchy.
[2023.10.27-03.26.13:351][  0]LogDerivedDataCache: Speed tests for C:/Users/Zyra/AppData/Local/UnrealEngine/Common/DerivedDataCache took 0.02 seconds
[2023.10.27-03.26.13:351][  0]LogDerivedDataCache: Display: Performance to C:/Users/Zyra/AppData/Local/UnrealEngine/Common/DerivedDataCache: Latency=0.19ms. RandomReadSpeed=224.12MBs, RandomWriteSpeed=88.46MBs. Assigned SpeedClass 'Local'
[2023.10.27-03.26.13:352][  0]LogDerivedDataCache: Using Local data cache path C:/Users/Zyra/AppData/Local/UnrealEngine/Common/DerivedDataCache: Writable
[2023.10.27-03.26.13:352][  0]LogDerivedDataCache: Shared data cache path not found in *engine.ini, will not use an Shared cache.
[2023.10.27-03.26.13:352][  0]LogDerivedDataCache: Unable to find inner node Shared for hierarchical cache Hierarchy.
[2023.10.27-03.26.13:400][  0]LogSlate: Using FreeType 2.10.0
[2023.10.27-03.26.13:402][  0]LogSlate: SlateFontServices - WITH_FREETYPE: 1, WITH_HARFBUZZ: 1
[2023.10.27-03.26.13:403][  0]LogHMD: Failed to enumerate extensions. Please check that you have a valid OpenXR runtime installed.
[2023.10.27-03.26.13:435][  0]LogAssetRegistry: FAssetRegistry took 0.0042 seconds to start up
[2023.10.27-03.26.13:715][  0]LogInit: Selected Device Profile: [Windows]
[2023.10.27-03.26.13:715][  0]LogInit: Active device profile: [000002A3FCE98900][000002A3ED5A9A00 49] Windows
[2023.10.27-03.26.13:715][  0]LogInit: Profiles: [000002A3FCE98900][000002A3ED5A9A00 49] Windows, [000002A3FCE5B800][000002A3FBFADB80 49] WindowsNoEditor, [000002A3FCE9B500][000002A3FBFB0180 49] WindowsServer, [000002A3FCE58E00][000002A3FBFB4300 49] WindowsClient, [000002A3FCE9B800][000002A3FBFB8480 49] IOS, [000002A3FCE5A800][000002A3FBFBC600 49] iPadAir, [000002A3FCE9A000][000002A3FBFA8740 49] iPadAir2, [000002A3FCDF4A00][000002A3FD192980 49] IPadPro, [000002A3FCDF4B00][000002A3FD18E9C0 49] iPadAir3, [000002A3FCE59900][000002A3FD196B00 49] iPadAir4, [000002A3FCDF7400][000002A3FD19EC80 49] iPadMini2, [000002A3FCE5AA00][000002A3FD1A2E00 49] iPadMini3, [000002A3FCDF5700][000002A3FD1A6F80 49] iPadMini4, [000002A3FCE99100][000002A3FD1AB100 49] iPadMini5, [000002A3FCDFC300][000002A3FD1B33C0 49] iPhone6, [000002A3FCDFC400][000002A3FD1AF400 49] iPodTouch6, [000002A3FCDEBF00][000002A3FD1BB6C0 49] iPhone7, [000002A3FCDEBE00][000002A3FD1B7700 49] iPodTouch7, [000002A3FCE5A000][000002A3FD1BF880 49] iPhone5S, [000002A3FCDE9A00][000002A3FD1C3A00 49] iPhone6Plus, [000002A3FCDFC200][000002A3FD1C7B80 49] iPhone6S, [000002A3FCDE8600][000002A3FD236180 49] iPhone6SPlus, [000002A3FCDFE900][000002A3F8854300 49] iPhone7Plus, [000002A3FCDEB100][000002A3F885C480 49] iPhoneSE, [000002A3FCDFE200][000002A3F8860600 49] iPhone8, [000002A3FCDEBB00][000002A3F8896780 49] iPhone8Plus, [000002A3FCDFCA00][000002A3F88AA900 49] iPhoneX, [000002A3FCDE9400][000002A3FD19AA40 49] iPhoneXS, [000002A3FCDFF900][000002A3F88BAB80 49] iPhoneXSMax, [000002A3FCDE8900][000002A3F8D9ECC0 49] iPhoneXR, [000002A3FCDFEF00][000002A3FD35AE40 49] iPhone11, [000002A3FCDE9300][000002A3FD35EFC0 49] iPhone11Pro, [000002A3FCDFD000][000002A3FD363140 49] iPhone11ProMax, [000002A3FCDEAA00][000002A3FD3672C0 49] iPhoneSE2, [000002A3FCDFD400][000002A3FD36B440 49] iPhone12Mini, [000002A3FCDEA400][000002A3FD36F5C0 49] iPhone12, [000002A3FCDFCD00][000002A3ECDF3740 49] iPhone12Pro, [000002A3FCDEAB00][000002A3ECDFB8C0 49] iPhone12ProMax, [000002A3FCDFF000][000002A3ECE03A40 49] iPadPro105, [000002A3FCDE8700][000002A3ECE13BC0 49] iPadPro129, [000002A3FCDFE800][000002A3ECE161C0 49] iPadPro97, [000002A3FCDEA600][000002A3ECE1A340 49] iPadPro2_129, [000002A3FCDFFC00][000002A3ECE1E4C0 49] iPad5, [000002A3FCDEA200][000002A3FD332640 49] iPad6, [000002A3FCDFCF00][000002A3FD33A7C0 49] iPad7, [000002A3FCDEAD00][000002A3FD3C2940 49] iPad8, [000002A3FCDFD100][000002A3FD1CAAC0 49] iPadPro11, [000002A3FCDE9600][000002A3FD356C00 49] iPadPro2_11, [000002A3FCDFF400][000002A3FD208D40 49] iPadPro3_129, [000002A3FCDEA800][000002A3FD20CE80 49] iPadPro4_129, [000002A3FCDFFA00][000002A3FD230FC0 49] AppleTV, [000002A3FCDEA100][000002A3F8811140 49] AppleTV4K, [000002A3FCDFDF00][000002A3F88152C0 49] TVOS, [000002A3FCDEB400][000002A3F8819440 49] Mac, [000002A3FCDFF800][000002A3FD3375C0 49] MacClient, [000002A3FCDE9E00][000002A3F8849740 49] MacNoEditor, [000002A3FCDFFF00][000002A3F884D8C0 49] MacServer, [000002A3FCDEB500][000002A3F8851A40 49] Linux, [000002A3FCDFCC00][000002A3FD7D7BC0 49] LinuxAArch64, [000002A3FCDEAF00][000002A3FBD221C0 49] LinuxNoEditor, [000002A3FCDFCB00][000002A3FBD2A340 49] LinuxAArch64NoEditor, [000002A3FCDEB700][000002A3FBD6E4C0 49] LinuxClient, [000002A3FCDFDA00][000002A3FBD7E640 49] LinuxAArch64Client, [000002A3FCDE9000][000002A3FBD827C0 49] LinuxServer, [000002A3FCDFE500][000002A3FD4E2940 49] LinuxAArch64Server, [000002A3FCDE9900][000002A3FD506AC0 49] Android, [000002A3FCDFD300][000002A3FD518C40 49] Android_Low, [000002A3FCDEA700][000002A3F880CD80 49] Android_Mid, [000002A3FCDFEB00][000002A3FD51CEC0 49] Android_High, [000002A3FCDEB800][000002A3FD52B000 49] Android_Default, [000002A3FCDFD600][000002A3FD52F140 49] Android_Adreno4xx, [000002A3FCDE9500][000002A3FD5372C0 49] Android_Adreno5xx_Low, [000002A3FCDF7600][000002A3FD53B440 49] Android_Adreno5xx, [000002A3FCE59800][000002A3FD53F5C0 49] Android_Adreno6xx, [000002A3FCDF5200][000002A3FD543740 49] Android_Adreno6xx_Vulkan, [000002A3FCE5BC00][000002A3FD5478C0 49] Android_Mali_T6xx, [000002A3FCDF5100][000002A3FD54BA40 49] Android_Mali_T7xx, [000002A3FCE59600][000002A3FD54FBC0 49] Android_Mali_T8xx, [000002A3FCDF5E00][000002A3FD5D61C0 49] Android_Mali_G71, [000002A3FCE58500][000002A3FD5E2340 49] Android_Mali_G72, [000002A3FCDF4800][000002A3FD5E64C0 49] Android_Mali_G72_Vulkan, [000002A3FCE59300][000002A3FD5EA640 49] Android_Mali_G76, [000002A3FCDF4100][000002A3FD1FA7C0 49] Android_Mali_G76_Vulkan, [000002A3FCE59F00][000002A3FD1FE940 49] Android_Mali_G77, [000002A3FCDF5000][000002A3F87F6AC0 49] Android_Mali_G77_Vulkan, [000002A3FCE58A00][000002A3F87FAC40 49] Android_Mali_G78, [000002A3FCDF6C00][000002A3F87FEDC0 49] Android_Mali_G78_Vulkan, [000002A3FCE5B600][000002A3FD72CF40 49] Android_Mali_G710, [000002A3FCDF6A00][000002A3FD533080 49] Android_Mali_G710_Vulkan, [000002A3FCE5BF00][000002A3F88031C0 49] Android_Vulkan_SM5, [000002A3FCDF7B00][000002A3F8807300 49] Android_PowerVR_G6xxx, [000002A3FCE5BB00][000002A3FD215480 49] Android_PowerVR_GT7xxx, [000002A3FCDF7900][000002A3FD729600 49] Android_PowerVR_GE8xxx, [000002A3FCE58C00][000002A3FD203780 49] Android_PowerVR_GM9xxx, [000002A3FCDF6700][000002A3FD225900 49] Android_PowerVR_GM9xxx_Vulkan, [000002A3FCE5A700][000002A3FD229A80 49] Android_TegraK1, [000002A3FCDF4900][000002A3FD22DC00 49] Android_Unknown_Vulkan, [000002A3FCE59D00][000002A3FD7B4200 49] Lumin, [000002A3FCDF4500][000002A3FD7B8380 49] Lumin_Desktop, [000002A3FCE5B300][000002A3FD7BC500 49] HoloLens, 
[2023.10.27-03.26.13:894][  0]LogMeshReduction: Using QuadricMeshReduction for automatic static mesh reduction
[2023.10.27-03.26.13:894][  0]LogMeshReduction: Using SimplygonMeshReduction for automatic skeletal mesh reduction
[2023.10.27-03.26.13:894][  0]LogMeshReduction: Using ProxyLODMeshReduction for automatic mesh merging
[2023.10.27-03.26.13:894][  0]LogMeshReduction: No distributed automatic mesh merging module available
[2023.10.27-03.26.13:894][  0]LogMeshMerging: No distributed automatic mesh merging module available
[2023.10.27-03.26.13:924][  0]LogNetVersion: BasicHorrorGame 1.0.0, NetCL: 17155196, EngineNetVer: 17, GameNetVer: 0 (Checksum: 1068148059)
[2023.10.27-03.26.14:462][  0]LogTexture: Default maximum texture size for cubemaps generated from long-lat sources has been changed from 512 to unlimited. In order to preserve old behaiour for '/Engine/MapTemplates/Sky/DaylightAmbientCubemap.DaylightAmbientCubemap', its maximum texture size has been explicitly set to 512.
[2023.10.27-03.26.14:539][  0]LogHMD: PokeAHoleMaterial loaded successfully
[2023.10.27-03.26.14:546][  0]LogUObjectArray: 17075 objects as part of root set at end of initial load.
[2023.10.27-03.26.14:546][  0]LogUObjectAllocator: 4275792 out of 0 bytes used by permanent object pool.
[2023.10.27-03.26.14:546][  0]LogUObjectArray: CloseDisregardForGC: 0/0 objects in disregard for GC pool
[2023.10.27-03.26.15:031][  0]LogNiagaraDebuggerClient: Niagara Debugger Client Initialized | Session: 2F33DEBE42AE02A54274F6860EA53798 | Instance: 0086BE93465FE3DBB61A19B4A53423C8 (MSI-37852).
[2023.10.27-03.26.15:154][  0]LogPython: Using Python 3.7.7
[2023.10.27-03.26.15:712][  0]LogUdpMessaging: Initializing bridge on interface 0.0.0.0:0 to multicast group 230.0.0.1:6666.
[2023.10.27-03.26.15:865][  0]LogTcpMessaging: Initializing TcpMessaging bridge
[2023.10.27-03.26.16:125][  0]SourceControl: Source control is disabled
[2023.10.27-03.26.16:686][  0]LogUProjectInfo: Found projects:
[2023.10.27-03.26.17:015][  0]LogOpenImageDenoise: OIDN starting up
[2023.10.27-03.26.17:085][  0]LogAndroidPermission: UAndroidPermissionCallbackProxy::GetInstance
[2023.10.27-03.26.17:117][  0]LogAudioCaptureCore: Display: No Audio Capture implementations found. Audio input will be silent.
[2023.10.27-03.26.17:117][  0]LogAudioCaptureCore: Display: No Audio Capture implementations found. Audio input will be silent.
[2023.10.27-03.26.17:292][  0]LogCollectionManager: Loaded 0 collections in 0.001435 seconds
[2023.10.27-03.26.17:326][  0]LogFileCache: Scanning file cache for directory 'D:/Unreal/BasicHorrorGame/BasicHorrorGame/Saved/Collections/' took 0.00s
[2023.10.27-03.26.17:326][  0]LogFileCache: Scanning file cache for directory 'D:/Unreal/BasicHorrorGame/BasicHorrorGame/Content/Developers/Zyra/Collections/' took 0.00s
[2023.10.27-03.26.17:326][  0]LogFileCache: Scanning file cache for directory 'D:/Unreal/BasicHorrorGame/BasicHorrorGame/Content/Collections/' took 0.00s
[2023.10.27-03.26.17:326][  0]LogOcInput: OculusInput pre-init called
[2023.10.27-03.26.17:587][  0]LogEngine: Initializing Engine...
[2023.10.27-03.26.17:591][  0]LogHMD: Failed to enumerate extensions. Please check that you have a valid OpenXR runtime installed.
[2023.10.27-03.26.17:591][  0]LogMagicLeap: Warning: VR disabled because ZI is not enabled.  To enable, in the editor, Edit -> Project Settings -> Plugins -> Magic Leap Plugin -> Enable Zero Iteration
[2023.10.27-03.26.17:593][  0]LogStats: UGameplayTagsManager::InitializeManager -  0.001 s
[2023.10.27-03.26.17:730][  0]LogInit: Initializing FReadOnlyCVARCache
[2023.10.27-03.26.17:762][  0]LogAIModule: Creating AISystem for world Untitled
[2023.10.27-03.26.17:766][  0]LogAudio: Display: Initializing Audio Device Manager...
[2023.10.27-03.26.17:771][  0]LogAudio: Display: Loading Default Audio Settings Objects...
[2023.10.27-03.26.17:772][  0]LogAudio: Display: No default SoundConcurrencyObject specified (or failed to load).
[2023.10.27-03.26.17:773][  0]LogAudio: Display: Audio Device Manager Initialized
[2023.10.27-03.26.17:773][  0]LogAudio: Display: Creating Audio Device:                 Id: 1, Scope: Shared, Realtime: True
[2023.10.27-03.26.17:773][  0]LogAudioMixer: Display: Audio Mixer Platform Settings:
[2023.10.27-03.26.17:773][  0]LogAudioMixer: Display: 	Sample Rate:						  48000
[2023.10.27-03.26.17:773][  0]LogAudioMixer: Display: 	Callback Buffer Frame Size Requested: 1024
[2023.10.27-03.26.17:773][  0]LogAudioMixer: Display: 	Callback Buffer Frame Size To Use:	  1024
[2023.10.27-03.26.17:773][  0]LogAudioMixer: Display: 	Number of buffers to queue:			  2
[2023.10.27-03.26.17:773][  0]LogAudioMixer: Display: 	Max Channels (voices):				  32
[2023.10.27-03.26.17:773][  0]LogAudioMixer: Display: 	Number of Async Source Workers:		  0
[2023.10.27-03.26.17:773][  0]LogAudio: Display: AudioDevice MaxSources: 32
[2023.10.27-03.26.17:774][  0]LogAudio: Display: Audio Spatialization Plugin: None (built-in).
[2023.10.27-03.26.17:774][  0]LogAudio: Display: Audio Reverb Plugin: None (built-in).
[2023.10.27-03.26.17:774][  0]LogAudio: Display: Audio Occlusion Plugin: None (built-in).
[2023.10.27-03.26.17:774][  0]LogAudioMixer: Display: Initializing audio mixer.
[2023.10.27-03.26.17:840][  0]LogAudioMixer: Display: 0: FrontLeft
[2023.10.27-03.26.17:840][  0]LogAudioMixer: Display: 1: FrontRight
[2023.10.27-03.26.18:683][  0]LogAudioMixer: Display: Using Audio Device Speakers (Realtek(R) Audio)
[2023.10.27-03.26.18:693][  0]LogAudioMixer: Display: Initializing Sound Submixes...
[2023.10.27-03.26.18:696][  0]LogAudioMixer: Display: Creating Master Submix 'MasterSubmixDefault'
[2023.10.27-03.26.18:696][  0]LogAudioMixer: Display: Creating Master Submix 'MasterReverbSubmixDefault'
[2023.10.27-03.26.18:698][  0]LogAudioMixer: Display: Creating Master Submix 'MasterEQSubmixDefault'
[2023.10.27-03.26.18:698][  0]LogAudioMixer: FMixerPlatformXAudio2::StartAudioStream() called
[2023.10.27-03.26.18:698][  0]LogAudioMixer: Display: Output buffers initialized: Frames=1024, Channels=2, Samples=2048
[2023.10.27-03.26.18:699][  0]LogAudioMixer: Display: Starting AudioMixerPlatformInterface::RunInternal()
[2023.10.27-03.26.18:699][  0]LogAudioMixer: Display: FMixerPlatformXAudio2::SubmitBuffer() called for the first time
[2023.10.27-03.26.18:699][  0]LogInit: FAudioDevice initialized.
[2023.10.27-03.26.18:700][  0]LogAudio: Display: Audio Device (ID: 1) registered with world 'Untitled'.
[2023.10.27-03.26.18:700][  0]LogNetVersion: Set ProjectVersion to 1.0.0.0. Version Checksum will be recalculated on next use.
[2023.10.27-03.26.18:789][  0]LogDerivedDataCache: Saved boot cache 0.09s 94MB C:/Users/Zyra/AppData/Local/UnrealEngine/4.27/DerivedDataCache/Boot.ddc.
[2023.10.27-03.26.18:789][  0]LogInit: Texture streaming: Enabled
[2023.10.27-03.26.18:809][  0]LogAnalytics: Display: [UEEditor.Rocket.Release] APIServer = https://datarouter.ol.epicgames.com/. AppVersion = 4.27.2-18319896+++UE4+Release-4.27
[2023.10.27-03.26.18:815][  0]LogEngineSessionManager: EngineSessionManager initialized
[2023.10.27-03.26.18:815][  0]LogEditorSessionSummary: Verbose: Initializing EditorSessionSummaryWriter for editor session tracking
[2023.10.27-03.26.18:820][  0]LogEditorSessionSummary: EditorSessionSummaryWriter initialized
[2023.10.27-03.26.18:883][  0]LogInit: Transaction tracking system initialized
[2023.10.27-03.26.18:929][  0]BlueprintLog: New page: Editor Load
[2023.10.27-03.26.19:071][  0]LocalizationService: Localization service is disabled
[2023.10.27-03.26.19:121][  0]TimingProfiler: Initialize
[2023.10.27-03.26.19:124][  0]TimingProfiler: OnSessionChanged
[2023.10.27-03.26.19:124][  0]LoadingProfiler: Initialize
[2023.10.27-03.26.19:124][  0]LoadingProfiler: OnSessionChanged
[2023.10.27-03.26.19:124][  0]NetworkingProfiler: Initialize
[2023.10.27-03.26.19:125][  0]NetworkingProfiler: OnSessionChanged
[2023.10.27-03.26.19:125][  0]MemoryProfiler: Initialize
[2023.10.27-03.26.19:125][  0]MemoryProfiler: OnSessionChanged
[2023.10.27-03.26.19:353][  0]LogCook: Display: CookSettings for Memory: MemoryMaxUsedVirtual 0MiB, MemoryMaxUsedPhysical 16384MiB, MemoryMinFreeVirtual 0MiB, MemoryMinFreePhysical 1024MiB
[2023.10.27-03.26.19:353][  0]LogCook: Display: Mobile HDR setting 1
[2023.10.27-03.26.19:654][  0]LogFileCache: Scanning file cache for directory 'D:/Unreal/BasicHorrorGame/BasicHorrorGame/Content/' took 0.00s
[2023.10.27-03.26.19:654][  0]LogInit: Display: Engine is initialized. Leaving FEngineLoop::Init()
[2023.10.27-03.26.19:662][  0]LogUnrealEdMisc: Loading editor; pre map load, took 11.557
[2023.10.27-03.26.19:662][  0]Cmd: MAP LOAD FILE="../../../../../Unreal/BasicHorrorGame/BasicHorrorGame/Content/StarterContent/Maps/Minimal_Default.umap" TEMPLATE=0 SHOWPROGRESS=1 FEATURELEVEL=3
[2023.10.27-03.26.19:663][  0]LightingResults: New page: Lighting Build
[2023.10.27-03.26.19:667][  0]LogWorld: UWorld::CleanupWorld for Untitled, bSessionEnded=true, bCleanupResources=true
[2023.10.27-03.26.19:668][  0]LogSlate: InvalidateAllWidgets triggered.  All widgets were invalidated
[2023.10.27-03.26.19:669][  0]MapCheck: New page: Map Check
[2023.10.27-03.26.19:669][  0]LightingResults: New page: Lighting Build
[2023.10.27-03.26.19:676][  0]LogAudio: Display: Audio Device unregistered from world 'None'.
[2023.10.27-03.26.19:680][  0]LogUObjectHash: Compacting FUObjectHashTables data took   0.71ms
[2023.10.27-03.26.19:820][  0]LogTexture: Display: Building textures: DeprecatedTextureD6C57B644F03DADF4F2699848FAEA3C3 (BGRA8, 128X128)
[2023.10.27-03.26.19:825][  0]LogTexture: Display: Building textures: DeprecatedTexture8D91C9AE4C6B8D628CDA3C848426284A (BGRA8, 128X128)
[2023.10.27-03.26.19:844][  0]LogAudio: Display: Audio Device (ID: 1) registered with world 'Minimal_Default'.
[2023.10.27-03.26.19:845][  0]LogAIModule: Creating AISystem for world Minimal_Default
[2023.10.27-03.26.19:858][  0]LogEditorServer: Finished looking for orphan Actors (0.000 secs)
[2023.10.27-03.26.19:867][  0]LogUObjectHash: Compacting FUObjectHashTables data took   0.73ms
[2023.10.27-03.26.19:868][  0]Cmd: MAP CHECKDEP NOCLEARLOG
[2023.10.27-03.26.19:868][  0]MapCheck: Map check complete: 0 Error(s), 0 Warning(s), took 0.253ms to complete.
[2023.10.27-03.26.19:868][  0]LogFileHelpers: Loading map 'Minimal_Default' took 0.206
[2023.10.27-03.26.19:881][  0]LogUnrealEdMisc: Total Editor Startup Time, took 11.777
[2023.10.27-03.26.20:008][  0]LogSlate: Updating window title bar state: overlay mode, drag disabled, window buttons hidden, title bar hidden
[2023.10.27-03.26.20:017][  0]LogSlate: Updating window title bar state: overlay mode, drag disabled, window buttons hidden, title bar hidden
[2023.10.27-03.26.20:024][  0]LogSlate: Updating window title bar state: overlay mode, drag disabled, window buttons hidden, title bar hidden
[2023.10.27-03.26.20:034][  0]LogSlate: Updating window title bar state: overlay mode, drag disabled, window buttons hidden, title bar hidden
[2023.10.27-03.26.20:076][  0]LogNativeClassHierarchy: Verbose: Native class hierarchy populated in 0.0102 seconds. Added 3814 classes and 921 folders.
[2023.10.27-03.26.20:083][  0]LogNativeClassHierarchy: Verbose: Native class hierarchy updated for 'WidgetCarousel' in 0.0003 seconds. Added 0 classes and 0 folders.
[2023.10.27-03.26.20:086][  0]LogPakFile: PakFile PrimaryIndexSize=187
[2023.10.27-03.26.20:086][  0]LogPakFile: PakFile PathHashIndexSize=101
[2023.10.27-03.26.20:086][  0]LogPakFile: PakFile FullDirectoryIndexSize=148
[2023.10.27-03.26.20:086][  0]LogShaderLibrary: Display: ShaderCodeLibraryPakFileMountedCallback: PakFile 'D:/Zyra/UE_4.27/FeaturePacks/FP_FirstPerson.upack' (chunk index -1, root 'root:/') mounted
[2023.10.27-03.26.20:086][  0]LogShaderLibrary: Display: ShaderCodeLibraryPakFileMountedCallback: pending pak file info (ChunkID:-1 Root:root:/ File:D:/Zyra/UE_4.27/FeaturePacks/FP_FirstPerson.upack)
[2023.10.27-03.26.20:086][  0]LogPakFile: OnPakFileMounted2Time == 0.000057
[2023.10.27-03.26.20:089][  0]LogPakFile: PakFile PrimaryIndexSize=189
[2023.10.27-03.26.20:089][  0]LogPakFile: PakFile PathHashIndexSize=101
[2023.10.27-03.26.20:089][  0]LogPakFile: PakFile FullDirectoryIndexSize=152
[2023.10.27-03.26.20:089][  0]LogShaderLibrary: Display: ShaderCodeLibraryPakFileMountedCallback: PakFile 'D:/Zyra/UE_4.27/FeaturePacks/FP_FirstPersonBP.upack' (chunk index -1, root 'root:/') mounted
[2023.10.27-03.26.20:089][  0]LogShaderLibrary: Display: ShaderCodeLibraryPakFileMountedCallback: pending pak file info (ChunkID:-1 Root:root:/ File:D:/Zyra/UE_4.27/FeaturePacks/FP_FirstPersonBP.upack)
[2023.10.27-03.26.20:089][  0]LogPakFile: OnPakFileMounted2Time == 0.000036
[2023.10.27-03.26.20:090][  0]LogPakFile: PakFile PrimaryIndexSize=191
[2023.10.27-03.26.20:090][  0]LogPakFile: PakFile PathHashIndexSize=101
[2023.10.27-03.26.20:090][  0]LogPakFile: PakFile FullDirectoryIndexSize=160
[2023.10.27-03.26.20:090][  0]LogShaderLibrary: Display: ShaderCodeLibraryPakFileMountedCallback: PakFile 'D:/Zyra/UE_4.27/FeaturePacks/MobileStarterContent.upack' (chunk index -1, root 'root:/') mounted
[2023.10.27-03.26.20:090][  0]LogShaderLibrary: Display: ShaderCodeLibraryPakFileMountedCallback: pending pak file info (ChunkID:-1 Root:root:/ File:D:/Zyra/UE_4.27/FeaturePacks/MobileStarterContent.upack)
[2023.10.27-03.26.20:090][  0]LogPakFile: OnPakFileMounted2Time == 0.000032
[2023.10.27-03.26.20:091][  0]LogPakFile: PakFile PrimaryIndexSize=185
[2023.10.27-03.26.20:091][  0]LogPakFile: PakFile PathHashIndexSize=101
[2023.10.27-03.26.20:091][  0]LogPakFile: PakFile FullDirectoryIndexSize=148
[2023.10.27-03.26.20:091][  0]LogShaderLibrary: Display: ShaderCodeLibraryPakFileMountedCallback: PakFile 'D:/Zyra/UE_4.27/FeaturePacks/StarterContent.upack' (chunk index -1, root 'root:/') mounted
[2023.10.27-03.26.20:091][  0]LogShaderLibrary: Display: ShaderCodeLibraryPakFileMountedCallback: pending pak file info (ChunkID:-1 Root:root:/ File:D:/Zyra/UE_4.27/FeaturePacks/StarterContent.upack)
[2023.10.27-03.26.20:091][  0]LogPakFile: OnPakFileMounted2Time == 0.000034
[2023.10.27-03.26.20:092][  0]LogPakFile: PakFile PrimaryIndexSize=190
[2023.10.27-03.26.20:092][  0]LogPakFile: PakFile PathHashIndexSize=101
[2023.10.27-03.26.20:092][  0]LogPakFile: PakFile FullDirectoryIndexSize=154
[2023.10.27-03.26.20:092][  0]LogShaderLibrary: Display: ShaderCodeLibraryPakFileMountedCallback: PakFile 'D:/Zyra/UE_4.27/FeaturePacks/TP_2DSideScroller.upack' (chunk index -1, root 'root:/') mounted
[2023.10.27-03.26.20:092][  0]LogShaderLibrary: Display: ShaderCodeLibraryPakFileMountedCallback: pending pak file info (ChunkID:-1 Root:root:/ File:D:/Zyra/UE_4.27/FeaturePacks/TP_2DSideScroller.upack)
[2023.10.27-03.26.20:092][  0]LogPakFile: OnPakFileMounted2Time == 0.000037
[2023.10.27-03.26.20:094][  0]LogPakFile: PakFile PrimaryIndexSize=192
[2023.10.27-03.26.20:094][  0]LogPakFile: PakFile PathHashIndexSize=101
[2023.10.27-03.26.20:094][  0]LogPakFile: PakFile FullDirectoryIndexSize=158
[2023.10.27-03.26.20:094][  0]LogShaderLibrary: Display: ShaderCodeLibraryPakFileMountedCallback: PakFile 'D:/Zyra/UE_4.27/FeaturePacks/TP_2DSideScrollerBP.upack' (chunk index -1, root 'root:/') mounted
[2023.10.27-03.26.20:094][  0]LogShaderLibrary: Display: ShaderCodeLibraryPakFileMountedCallback: pending pak file info (ChunkID:-1 Root:root:/ File:D:/Zyra/UE_4.27/FeaturePacks/TP_2DSideScrollerBP.upack)
[2023.10.27-03.26.20:094][  0]LogPakFile: OnPakFileMounted2Time == 0.000035
[2023.10.27-03.26.20:095][  0]LogPakFile: PakFile PrimaryIndexSize=182
[2023.10.27-03.26.20:095][  0]LogPakFile: PakFile PathHashIndexSize=101
[2023.10.27-03.26.20:095][  0]LogPakFile: PakFile FullDirectoryIndexSize=138
[2023.10.27-03.26.20:095][  0]LogShaderLibrary: Display: ShaderCodeLibraryPakFileMountedCallback: PakFile 'D:/Zyra/UE_4.27/FeaturePacks/TP_Flying.upack' (chunk index -1, root 'root:/') mounted
[2023.10.27-03.26.20:095][  0]LogShaderLibrary: Display: ShaderCodeLibraryPakFileMountedCallback: pending pak file info (ChunkID:-1 Root:root:/ File:D:/Zyra/UE_4.27/FeaturePacks/TP_Flying.upack)
[2023.10.27-03.26.20:095][  0]LogPakFile: OnPakFileMounted2Time == 0.000029
[2023.10.27-03.26.20:096][  0]LogPakFile: PakFile PrimaryIndexSize=184
[2023.10.27-03.26.20:096][  0]LogPakFile: PakFile PathHashIndexSize=101
[2023.10.27-03.26.20:096][  0]LogPakFile: PakFile FullDirectoryIndexSize=142
[2023.10.27-03.26.20:096][  0]LogShaderLibrary: Display: ShaderCodeLibraryPakFileMountedCallback: PakFile 'D:/Zyra/UE_4.27/FeaturePacks/TP_FlyingBP.upack' (chunk index -1, root 'root:/') mounted
[2023.10.27-03.26.20:096][  0]LogShaderLibrary: Display: ShaderCodeLibraryPakFileMountedCallback: pending pak file info (ChunkID:-1 Root:root:/ File:D:/Zyra/UE_4.27/FeaturePacks/TP_FlyingBP.upack)
[2023.10.27-03.26.20:096][  0]LogPakFile: OnPakFileMounted2Time == 0.000029
[2023.10.27-03.26.20:097][  0]LogPakFile: PakFile PrimaryIndexSize=188
[2023.10.27-03.26.20:097][  0]LogPakFile: PakFile PathHashIndexSize=101
[2023.10.27-03.26.20:097][  0]LogPakFile: PakFile FullDirectoryIndexSize=150
[2023.10.27-03.26.20:097][  0]LogShaderLibrary: Display: ShaderCodeLibraryPakFileMountedCallback: PakFile 'D:/Zyra/UE_4.27/FeaturePacks/TP_HandheldARBP.upack' (chunk index -1, root 'root:/') mounted
[2023.10.27-03.26.20:097][  0]LogShaderLibrary: Display: ShaderCodeLibraryPakFileMountedCallback: pending pak file info (ChunkID:-1 Root:root:/ File:D:/Zyra/UE_4.27/FeaturePacks/TP_HandheldARBP.upack)
[2023.10.27-03.26.20:097][  0]LogPakFile: OnPakFileMounted2Time == 0.000029
[2023.10.27-03.26.20:099][  0]LogPakFile: PakFile PrimaryIndexSize=182
[2023.10.27-03.26.20:099][  0]LogPakFile: PakFile PathHashIndexSize=101
[2023.10.27-03.26.20:099][  0]LogPakFile: PakFile FullDirectoryIndexSize=138
[2023.10.27-03.26.20:099][  0]LogShaderLibrary: Display: ShaderCodeLibraryPakFileMountedCallback: PakFile 'D:/Zyra/UE_4.27/FeaturePacks/TP_Puzzle.upack' (chunk index -1, root 'root:/') mounted
[2023.10.27-03.26.20:099][  0]LogShaderLibrary: Display: ShaderCodeLibraryPakFileMountedCallback: pending pak file info (ChunkID:-1 Root:root:/ File:D:/Zyra/UE_4.27/FeaturePacks/TP_Puzzle.upack)
[2023.10.27-03.26.20:099][  0]LogPakFile: OnPakFileMounted2Time == 0.000044
[2023.10.27-03.26.20:100][  0]LogPakFile: PakFile PrimaryIndexSize=184
[2023.10.27-03.26.20:100][  0]LogPakFile: PakFile PathHashIndexSize=101
[2023.10.27-03.26.20:100][  0]LogPakFile: PakFile FullDirectoryIndexSize=142
[2023.10.27-03.26.20:100][  0]LogShaderLibrary: Display: ShaderCodeLibraryPakFileMountedCallback: PakFile 'D:/Zyra/UE_4.27/FeaturePacks/TP_PuzzleBP.upack' (chunk index -1, root 'root:/') mounted
[2023.10.27-03.26.20:100][  0]LogShaderLibrary: Display: ShaderCodeLibraryPakFileMountedCallback: pending pak file info (ChunkID:-1 Root:root:/ File:D:/Zyra/UE_4.27/FeaturePacks/TP_PuzzleBP.upack)
[2023.10.27-03.26.20:100][  0]LogPakFile: OnPakFileMounted2Time == 0.000030
[2023.10.27-03.26.20:101][  0]LogPakFile: PakFile PrimaryIndexSize=183
[2023.10.27-03.26.20:101][  0]LogPakFile: PakFile PathHashIndexSize=101
[2023.10.27-03.26.20:101][  0]LogPakFile: PakFile FullDirectoryIndexSize=140
[2023.10.27-03.26.20:101][  0]LogShaderLibrary: Display: ShaderCodeLibraryPakFileMountedCallback: PakFile 'D:/Zyra/UE_4.27/FeaturePacks/TP_Rolling.upack' (chunk index -1, root 'root:/') mounted
[2023.10.27-03.26.20:101][  0]LogShaderLibrary: Display: ShaderCodeLibraryPakFileMountedCallback: pending pak file info (ChunkID:-1 Root:root:/ File:D:/Zyra/UE_4.27/FeaturePacks/TP_Rolling.upack)
[2023.10.27-03.26.20:101][  0]LogPakFile: OnPakFileMounted2Time == 0.000029
[2023.10.27-03.26.20:102][  0]LogPakFile: PakFile PrimaryIndexSize=185
[2023.10.27-03.26.20:102][  0]LogPakFile: PakFile PathHashIndexSize=101
[2023.10.27-03.26.20:102][  0]LogPakFile: PakFile FullDirectoryIndexSize=144
[2023.10.27-03.26.20:102][  0]LogShaderLibrary: Display: ShaderCodeLibraryPakFileMountedCallback: PakFile 'D:/Zyra/UE_4.27/FeaturePacks/TP_RollingBP.upack' (chunk index -1, root 'root:/') mounted
[2023.10.27-03.26.20:102][  0]LogShaderLibrary: Display: ShaderCodeLibraryPakFileMountedCallback: pending pak file info (ChunkID:-1 Root:root:/ File:D:/Zyra/UE_4.27/FeaturePacks/TP_RollingBP.upack)
[2023.10.27-03.26.20:102][  0]LogPakFile: OnPakFileMounted2Time == 0.000031
[2023.10.27-03.26.20:103][  0]LogPakFile: PakFile PrimaryIndexSize=188
[2023.10.27-03.26.20:103][  0]LogPakFile: PakFile PathHashIndexSize=101
[2023.10.27-03.26.20:103][  0]LogPakFile: PakFile FullDirectoryIndexSize=150
[2023.10.27-03.26.20:103][  0]LogShaderLibrary: Display: ShaderCodeLibraryPakFileMountedCallback: PakFile 'D:/Zyra/UE_4.27/FeaturePacks/TP_SideScroller.upack' (chunk index -1, root 'root:/') mounted
[2023.10.27-03.26.20:103][  0]LogShaderLibrary: Display: ShaderCodeLibraryPakFileMountedCallback: pending pak file info (ChunkID:-1 Root:root:/ File:D:/Zyra/UE_4.27/FeaturePacks/TP_SideScroller.upack)
[2023.10.27-03.26.20:103][  0]LogPakFile: OnPakFileMounted2Time == 0.000031
[2023.10.27-03.26.20:105][  0]LogPakFile: PakFile PrimaryIndexSize=190
[2023.10.27-03.26.20:105][  0]LogPakFile: PakFile PathHashIndexSize=101
[2023.10.27-03.26.20:105][  0]LogPakFile: PakFile FullDirectoryIndexSize=154
[2023.10.27-03.26.20:105][  0]LogShaderLibrary: Display: ShaderCodeLibraryPakFileMountedCallback: PakFile 'D:/Zyra/UE_4.27/FeaturePacks/TP_SideScrollerBP.upack' (chunk index -1, root 'root:/') mounted
[2023.10.27-03.26.20:105][  0]LogShaderLibrary: Display: ShaderCodeLibraryPakFileMountedCallback: pending pak file info (ChunkID:-1 Root:root:/ File:D:/Zyra/UE_4.27/FeaturePacks/TP_SideScrollerBP.upack)
[2023.10.27-03.26.20:105][  0]LogPakFile: OnPakFileMounted2Time == 0.000029
[2023.10.27-03.26.20:106][  0]LogPakFile: PakFile PrimaryIndexSize=187
[2023.10.27-03.26.20:106][  0]LogPakFile: PakFile PathHashIndexSize=101
[2023.10.27-03.26.20:106][  0]LogPakFile: PakFile FullDirectoryIndexSize=148
[2023.10.27-03.26.20:106][  0]LogShaderLibrary: Display: ShaderCodeLibraryPakFileMountedCallback: PakFile 'D:/Zyra/UE_4.27/FeaturePacks/TP_ThirdPerson.upack' (chunk index -1, root 'root:/') mounted
[2023.10.27-03.26.20:106][  0]LogShaderLibrary: Display: ShaderCodeLibraryPakFileMountedCallback: pending pak file info (ChunkID:-1 Root:root:/ File:D:/Zyra/UE_4.27/FeaturePacks/TP_ThirdPerson.upack)
[2023.10.27-03.26.20:106][  0]LogPakFile: OnPakFileMounted2Time == 0.000029
[2023.10.27-03.26.20:107][  0]LogPakFile: PakFile PrimaryIndexSize=189
[2023.10.27-03.26.20:107][  0]LogPakFile: PakFile PathHashIndexSize=101
[2023.10.27-03.26.20:107][  0]LogPakFile: PakFile FullDirectoryIndexSize=152
[2023.10.27-03.26.20:107][  0]LogShaderLibrary: Display: ShaderCodeLibraryPakFileMountedCallback: PakFile 'D:/Zyra/UE_4.27/FeaturePacks/TP_ThirdPersonBP.upack' (chunk index -1, root 'root:/') mounted
[2023.10.27-03.26.20:107][  0]LogShaderLibrary: Display: ShaderCodeLibraryPakFileMountedCallback: pending pak file info (ChunkID:-1 Root:root:/ File:D:/Zyra/UE_4.27/FeaturePacks/TP_ThirdPersonBP.upack)
[2023.10.27-03.26.20:107][  0]LogPakFile: OnPakFileMounted2Time == 0.000048
[2023.10.27-03.26.20:108][  0]LogPakFile: PakFile PrimaryIndexSize=183
[2023.10.27-03.26.20:108][  0]LogPakFile: PakFile PathHashIndexSize=101
[2023.10.27-03.26.20:109][  0]LogPakFile: PakFile FullDirectoryIndexSize=140
[2023.10.27-03.26.20:109][  0]LogShaderLibrary: Display: ShaderCodeLibraryPakFileMountedCallback: PakFile 'D:/Zyra/UE_4.27/FeaturePacks/TP_TopDown.upack' (chunk index -1, root 'root:/') mounted
[2023.10.27-03.26.20:109][  0]LogShaderLibrary: Display: ShaderCodeLibraryPakFileMountedCallback: pending pak file info (ChunkID:-1 Root:root:/ File:D:/Zyra/UE_4.27/FeaturePacks/TP_TopDown.upack)
[2023.10.27-03.26.20:109][  0]LogPakFile: OnPakFileMounted2Time == 0.000037
[2023.10.27-03.26.20:110][  0]LogPakFile: PakFile PrimaryIndexSize=185
[2023.10.27-03.26.20:110][  0]LogPakFile: PakFile PathHashIndexSize=101
[2023.10.27-03.26.20:110][  0]LogPakFile: PakFile FullDirectoryIndexSize=144
[2023.10.27-03.26.20:110][  0]LogShaderLibrary: Display: ShaderCodeLibraryPakFileMountedCallback: PakFile 'D:/Zyra/UE_4.27/FeaturePacks/TP_TopDownBP.upack' (chunk index -1, root 'root:/') mounted
[2023.10.27-03.26.20:110][  0]LogShaderLibrary: Display: ShaderCodeLibraryPakFileMountedCallback: pending pak file info (ChunkID:-1 Root:root:/ File:D:/Zyra/UE_4.27/FeaturePacks/TP_TopDownBP.upack)
[2023.10.27-03.26.20:110][  0]LogPakFile: OnPakFileMounted2Time == 0.000030
[2023.10.27-03.26.20:110][  0]LogPakFile: PakFile PrimaryIndexSize=185
[2023.10.27-03.26.20:110][  0]LogPakFile: PakFile PathHashIndexSize=101
[2023.10.27-03.26.20:110][  0]LogPakFile: PakFile FullDirectoryIndexSize=144
[2023.10.27-03.26.20:110][  0]LogShaderLibrary: Display: ShaderCodeLibraryPakFileMountedCallback: PakFile 'D:/Zyra/UE_4.27/FeaturePacks/TP_TwinStick.upack' (chunk index -1, root 'root:/') mounted
[2023.10.27-03.26.20:110][  0]LogShaderLibrary: Display: ShaderCodeLibraryPakFileMountedCallback: pending pak file info (ChunkID:-1 Root:root:/ File:D:/Zyra/UE_4.27/FeaturePacks/TP_TwinStick.upack)
[2023.10.27-03.26.20:110][  0]LogPakFile: OnPakFileMounted2Time == 0.000045
[2023.10.27-03.26.20:112][  0]LogPakFile: PakFile PrimaryIndexSize=187
[2023.10.27-03.26.20:112][  0]LogPakFile: PakFile PathHashIndexSize=101
[2023.10.27-03.26.20:112][  0]LogPakFile: PakFile FullDirectoryIndexSize=148
[2023.10.27-03.26.20:112][  0]LogShaderLibrary: Display: ShaderCodeLibraryPakFileMountedCallback: PakFile 'D:/Zyra/UE_4.27/FeaturePacks/TP_TwinStickBP.upack' (chunk index -1, root 'root:/') mounted
[2023.10.27-03.26.20:112][  0]LogShaderLibrary: Display: ShaderCodeLibraryPakFileMountedCallback: pending pak file info (ChunkID:-1 Root:root:/ File:D:/Zyra/UE_4.27/FeaturePacks/TP_TwinStickBP.upack)
[2023.10.27-03.26.20:112][  0]LogPakFile: OnPakFileMounted2Time == 0.000032
[2023.10.27-03.26.20:114][  0]LogPakFile: PakFile PrimaryIndexSize=183
[2023.10.27-03.26.20:114][  0]LogPakFile: PakFile PathHashIndexSize=101
[2023.10.27-03.26.20:114][  0]LogPakFile: PakFile FullDirectoryIndexSize=140
[2023.10.27-03.26.20:114][  0]LogShaderLibrary: Display: ShaderCodeLibraryPakFileMountedCallback: PakFile 'D:/Zyra/UE_4.27/FeaturePacks/TP_Vehicle.upack' (chunk index -1, root 'root:/') mounted
[2023.10.27-03.26.20:114][  0]LogShaderLibrary: Display: ShaderCodeLibraryPakFileMountedCallback: pending pak file info (ChunkID:-1 Root:root:/ File:D:/Zyra/UE_4.27/FeaturePacks/TP_Vehicle.upack)
[2023.10.27-03.26.20:114][  0]LogPakFile: OnPakFileMounted2Time == 0.000031
[2023.10.27-03.26.20:115][  0]LogPakFile: PakFile PrimaryIndexSize=186
[2023.10.27-03.26.20:115][  0]LogPakFile: PakFile PathHashIndexSize=101
[2023.10.27-03.26.20:115][  0]LogPakFile: PakFile FullDirectoryIndexSize=146
[2023.10.27-03.26.20:115][  0]LogShaderLibrary: Display: ShaderCodeLibraryPakFileMountedCallback: PakFile 'D:/Zyra/UE_4.27/FeaturePacks/TP_VehicleAdv.upack' (chunk index -1, root 'root:/') mounted
[2023.10.27-03.26.20:115][  0]LogShaderLibrary: Display: ShaderCodeLibraryPakFileMountedCallback: pending pak file info (ChunkID:-1 Root:root:/ File:D:/Zyra/UE_4.27/FeaturePacks/TP_VehicleAdv.upack)
[2023.10.27-03.26.20:115][  0]LogPakFile: OnPakFileMounted2Time == 0.000036
[2023.10.27-03.26.20:116][  0]LogPakFile: PakFile PrimaryIndexSize=188
[2023.10.27-03.26.20:116][  0]LogPakFile: PakFile PathHashIndexSize=101
[2023.10.27-03.26.20:116][  0]LogPakFile: PakFile FullDirectoryIndexSize=150
[2023.10.27-03.26.20:116][  0]LogShaderLibrary: Display: ShaderCodeLibraryPakFileMountedCallback: PakFile 'D:/Zyra/UE_4.27/FeaturePacks/TP_VehicleAdvBP.upack' (chunk index -1, root 'root:/') mounted
[2023.10.27-03.26.20:116][  0]LogShaderLibrary: Display: ShaderCodeLibraryPakFileMountedCallback: pending pak file info (ChunkID:-1 Root:root:/ File:D:/Zyra/UE_4.27/FeaturePacks/TP_VehicleAdvBP.upack)
[2023.10.27-03.26.20:116][  0]LogPakFile: OnPakFileMounted2Time == 0.000036
[2023.10.27-03.26.20:117][  0]LogPakFile: PakFile PrimaryIndexSize=185
[2023.10.27-03.26.20:117][  0]LogPakFile: PakFile PathHashIndexSize=101
[2023.10.27-03.26.20:117][  0]LogPakFile: PakFile FullDirectoryIndexSize=144
[2023.10.27-03.26.20:117][  0]LogShaderLibrary: Display: ShaderCodeLibraryPakFileMountedCallback: PakFile 'D:/Zyra/UE_4.27/FeaturePacks/TP_VehicleBP.upack' (chunk index -1, root 'root:/') mounted
[2023.10.27-03.26.20:117][  0]LogShaderLibrary: Display: ShaderCodeLibraryPakFileMountedCallback: pending pak file info (ChunkID:-1 Root:root:/ File:D:/Zyra/UE_4.27/FeaturePacks/TP_VehicleBP.upack)
[2023.10.27-03.26.20:117][  0]LogPakFile: OnPakFileMounted2Time == 0.000030
[2023.10.27-03.26.20:118][  0]LogPakFile: PakFile PrimaryIndexSize=192
[2023.10.27-03.26.20:118][  0]LogPakFile: PakFile PathHashIndexSize=101
[2023.10.27-03.26.20:118][  0]LogPakFile: PakFile FullDirectoryIndexSize=158
[2023.10.27-03.26.20:119][  0]LogShaderLibrary: Display: ShaderCodeLibraryPakFileMountedCallback: PakFile 'D:/Zyra/UE_4.27/FeaturePacks/TP_VirtualRealityBP.upack' (chunk index -1, root 'root:/') mounted
[2023.10.27-03.26.20:119][  0]LogShaderLibrary: Display: ShaderCodeLibraryPakFileMountedCallback: pending pak file info (ChunkID:-1 Root:root:/ File:D:/Zyra/UE_4.27/FeaturePacks/TP_VirtualRealityBP.upack)
[2023.10.27-03.26.20:119][  0]LogPakFile: OnPakFileMounted2Time == 0.000032
[2023.10.27-03.26.20:232][  0]LogNativeClassHierarchy: Verbose: Native class hierarchy updated for 'AddContentDialog' in 0.0003 seconds. Added 0 classes and 0 folders.
[2023.10.27-03.26.20:390][  0]LogSlate: Took 0.000566 seconds to synchronously load lazily loaded font '../../../Engine/Content/Slate/Fonts/Roboto-Regular.ttf' (155K)
[2023.10.27-03.26.20:393][  0]LogSlate: Took 0.000700 seconds to synchronously load lazily loaded font '../../../Engine/Content/Editor/Slate/Fonts/FontAwesome.ttf' (139K)
[2023.10.27-03.26.20:394][  0]LogSlate: Took 0.000548 seconds to synchronously load lazily loaded font '../../../Engine/Content/Slate/Fonts/Roboto-Bold.ttf' (160K)
[2023.10.27-03.26.20:493][  0]LogRenderer: Reallocating scene render targets to support 1108x532 Format 10 NumSamples 1 (Frame:1).
[2023.10.27-03.26.20:621][  0]LogNativeClassHierarchy: Verbose: Native class hierarchy updated for 'HierarchicalLODOutliner' in 0.0003 seconds. Added 0 classes and 0 folders.
[2023.10.27-03.26.20:621][  0]LogLoad: (Engine Initialization) Total time: 12.52 seconds
[2023.10.27-03.26.20:621][  0]LogLoad: (Engine Initialization) Total Blueprint compile time: 0.00 seconds
[2023.10.27-03.26.20:680][  0]LogAssetRegistry: Asset discovery search completed in 7.2456 seconds
[2023.10.27-03.26.20:689][  0]LogCollectionManager: Fixed up redirectors for 0 collections in 0.000004 seconds (updated 0 objects)
[2023.10.27-03.26.20:693][  0]LogContentStreaming: Texture pool size now 1000 MB
[2023.10.27-03.26.21:326][  2]LogSlate: Took 0.000589 seconds to synchronously load lazily loaded font '../../../Engine/Content/Slate/Fonts/Roboto-Light.ttf' (167K)
[2023.10.27-03.26.21:985][  4]LogSlate: Took 0.000220 seconds to synchronously load lazily loaded font '../../../Engine/Content/Slate/Fonts/Roboto-Light.ttf' (167K)
