Log file open, 10/26/23 01:06:15
LogWindows: Failed to load 'aqProf.dll' (GetLastError=126)
LogWindows: File 'aqProf.dll' does not exist
LogWindows: Failed to load 'VtuneApi.dll' (GetLastError=126)
LogWindows: File 'VtuneApi.dll' does not exist
LogWindows: Failed to load 'VtuneApi32e.dll' (GetLastError=126)
LogWindows: File 'VtuneApi32e.dll' does not exist
LogConsoleResponse: Display: Failed to find resolution value strings in scalability ini. Falling back to default.
LogConsoleResponse: Display: Failed to find resolution value strings in scalability ini. Falling back to default.
LogInit: Display: Running engine for game: BasicHorrorGame
LogPlatformFile: Not using cached read wrapper
LogTaskGraph: Started task graph with 5 named threads and 35 total threads with 3 sets of task threads.
LogStats: Stats thread started at 0.258384
LogICUInternationalization: ICU TimeZone Detection - Raw Offset: -6:00, Platform Override: ''
LogInit: Display: Loading text-based GConfig....
LogPluginManager: Mounting plugin MeshPainting
LogPluginManager: Mounting plugin XGEController
LogPluginManager: Mounting plugin AISupport
LogPluginManager: Mounting plugin Paper2D
LogPluginManager: Mounting plugin EnvironmentQueryEditor
LogPluginManager: Mounting plugin LightPropagationVolume
LogPluginManager: Mounting plugin LiveLink
LogPluginManager: Mounting plugin GameplayCameras
LogPluginManager: Mounting plugin CameraShakePreviewer
LogPluginManager: Mounting plugin OodleData
LogPluginManager: Mounting plugin AssetManagerEditor
LogPluginManager: Mounting plugin OodleNetwork
LogPluginManager: Mounting plugin CryptoKeys
LogPluginManager: Mounting plugin CurveEditorTools
LogPluginManager: Mounting plugin FacialAnimation
LogPluginManager: Mounting plugin DataValidation
LogPluginManager: Mounting plugin GameplayTagsEditor
LogPluginManager: Mounting plugin GeometryMode
LogPluginManager: Mounting plugin MacGraphicsSwitching
LogPluginManager: Mounting plugin MaterialAnalyzer
LogPluginManager: Mounting plugin MobileLauncherProfileWizard
LogPluginManager: Mounting plugin PluginBrowser
LogPluginManager: Mounting plugin SpeedTreeImporter
LogPluginManager: Mounting plugin AnimationSharing
LogPluginManager: Mounting plugin CLionSourceCodeAccess
LogPluginManager: Mounting plugin CodeLiteSourceCodeAccess
LogPluginManager: Mounting plugin GitSourceControl
LogPluginManager: Mounting plugin KDevelopSourceCodeAccess
LogPluginManager: Mounting plugin NullSourceCodeAccess
LogPluginManager: Mounting plugin PerforceSourceControl
LogPluginManager: Mounting plugin PixWinPlugin
LogPluginManager: Mounting plugin PluginUtils
LogPluginManager: Mounting plugin PlasticSourceControl
LogPluginManager: Mounting plugin PropertyAccessNode
LogPluginManager: Mounting plugin RiderSourceCodeAccess
LogPluginManager: Mounting plugin SubversionSourceControl
LogPluginManager: Mounting plugin TextureFormatOodle
LogPluginManager: Mounting plugin DatasmithContent
LogPluginManager: Mounting plugin VisualStudioCodeSourceCodeAccess
LogPluginManager: Mounting plugin UObjectPlugin
LogPluginManager: Mounting plugin VisualStudioSourceCodeAccess
LogPluginManager: Mounting plugin XCodeSourceCodeAccess
LogPluginManager: Mounting plugin AlembicImporter
LogPluginManager: Mounting plugin BackChannel
LogPluginManager: Mounting plugin AutomationUtils
LogPluginManager: Mounting plugin VariantManagerContent
LogPluginManager: Mounting plugin ChaosCloth
LogPluginManager: Mounting plugin ChaosClothEditor
LogPluginManager: Mounting plugin ChaosEditor
LogPluginManager: Mounting plugin ChaosNiagara
LogPluginManager: Mounting plugin ChaosSolverPlugin
LogPluginManager: Mounting plugin CharacterAI
LogPluginManager: Mounting plugin GeometryCache
LogPluginManager: Mounting plugin GeometryProcessing
LogPluginManager: Mounting plugin GeometryCollectionPlugin
LogPluginManager: Mounting plugin MotoSynth
LogPluginManager: Mounting plugin OpenImageDenoise
LogPluginManager: Mounting plugin PlatformCrypto
LogPluginManager: Mounting plugin PlanarCut
LogPluginManager: Mounting plugin ProxyLODPlugin
LogPluginManager: Mounting plugin PythonScriptPlugin
LogPluginManager: Mounting plugin SkeletalReduction
LogPluginManager: Mounting plugin AvfMedia
LogPluginManager: Mounting plugin AndroidMedia
LogPluginManager: Mounting plugin ImgMedia
LogPluginManager: Mounting plugin MediaCompositing
LogPluginManager: Mounting plugin MediaPlayerEditor
LogPluginManager: Mounting plugin WmfMedia
LogPluginManager: Mounting plugin LuminPlatformFeatures
LogPluginManager: Mounting plugin MagicLeap
LogPluginManager: Mounting plugin WebMMedia
LogPluginManager: Mounting plugin MagicLeapLightEstimation
LogPluginManager: Mounting plugin MagicLeapMedia
LogPluginManager: Mounting plugin TcpMessaging
LogPluginManager: Mounting plugin UdpMessaging
LogPluginManager: Mounting plugin MagicLeapPassableWorld
LogPluginManager: Mounting plugin ActorSequence
LogPluginManager: Mounting plugin MatineeToLevelSequence
LogPluginManager: Mounting plugin OnlineSubsystem
LogPluginManager: Mounting plugin LevelSequenceEditor
LogPluginManager: Mounting plugin LauncherChunkInstaller
LogPluginManager: Mounting plugin OnlineSubsystemNull
LogPluginManager: Mounting plugin OnlineSubsystemUtils
LogPluginManager: Mounting plugin TemplateSequence
LogPluginManager: Mounting plugin ActorLayerUtilities
LogPluginManager: Mounting plugin AndroidDeviceProfileSelector
LogPluginManager: Mounting plugin AndroidMoviePlayer
LogPluginManager: Mounting plugin AndroidPermission
LogPluginManager: Mounting plugin AppleImageUtils
LogPluginManager: Mounting plugin AppleMoviePlayer
LogPluginManager: Mounting plugin ArchVisCharacter
LogPluginManager: Mounting plugin AssetTags
LogPluginManager: Mounting plugin AudioCapture
LogPluginManager: Mounting plugin AudioSynesthesia
LogPluginManager: Mounting plugin CableComponent
LogPluginManager: Mounting plugin ChunkDownloader
LogPluginManager: Mounting plugin CustomMeshComponent
LogPluginManager: Mounting plugin Niagara
LogPluginManager: Mounting plugin EditableMesh
LogPluginManager: Mounting plugin ExampleDeviceProfileSelector
LogPluginManager: Mounting plugin GooglePAD
LogPluginManager: Mounting plugin GoogleCloudMessaging
LogPluginManager: Mounting plugin ScreenshotTools
LogPluginManager: Mounting plugin IOSDeviceProfileSelector
LogPluginManager: Mounting plugin LinuxDeviceProfileSelector
LogPluginManager: Mounting plugin LocationServicesBPLibrary
LogPluginManager: Mounting plugin MLSDK
LogPluginManager: Mounting plugin OpenXREyeTracker
LogPluginManager: Mounting plugin OpenXR
LogPluginManager: Mounting plugin OpenXRHandTracking
LogPluginManager: Mounting plugin MobilePatchingUtils
LogPluginManager: Mounting plugin PhysXVehicles
LogPluginManager: Mounting plugin PostSplashScreen
LogPluginManager: Mounting plugin PropertyAccessEditor
LogPluginManager: Mounting plugin ProceduralMeshComponent
LogPluginManager: Mounting plugin RuntimePhysXCooking
LogPluginManager: Mounting plugin SignificanceManager
LogPluginManager: Mounting plugin SoundFields
LogPluginManager: Mounting plugin Synthesis
LogPluginManager: Mounting plugin WebMMoviePlayer
LogPluginManager: Mounting plugin WindowsMoviePlayer
LogPluginManager: Mounting plugin Takes
LogPluginManager: Mounting plugin ContentBrowserFileDataSource
LogPluginManager: Mounting plugin ContentBrowserAssetDataSource
LogPluginManager: Mounting plugin ContentBrowserClassDataSource
LogPluginManager: Mounting plugin OnlineSubsystemGooglePlay
LogPluginManager: Mounting plugin OnlineSubsystemIOS
LogPluginManager: Mounting plugin OculusVR
PixWinPlugin: PIX capture plugin failed to initialize! Check that the process is launched from PIX.
LogInit: Using libcurl 7.55.1-DEV
LogInit:  - built for x86_64-pc-win32
LogInit:  - supports SSL with OpenSSL/1.1.1
LogInit:  - supports HTTP deflate (compression) using libz 1.2.8
LogInit:  - other features:
LogInit:      CURL_VERSION_SSL
LogInit:      CURL_VERSION_LIBZ
LogInit:      CURL_VERSION_IPV6
LogInit:      CURL_VERSION_ASYNCHDNS
LogInit:      CURL_VERSION_LARGEFILE
LogInit:      CURL_VERSION_IDN
LogInit:  CurlRequestOptions (configurable via config and command line):
LogInit:  - bVerifyPeer = true  - Libcurl will verify peer certificate
LogInit:  - bUseHttpProxy = false  - Libcurl will NOT use HTTP proxy
LogInit:  - bDontReuseConnections = false  - Libcurl will reuse connections
LogInit:  - MaxHostConnections = 16  - Libcurl will limit the number of connections to a host
LogInit:  - LocalHostAddr = Default
LogInit:  - BufferSize = 65536
LogOnline: OSS: Creating online subsystem instance for: NULL
LogInit: WinSock: version 1.1 (2.2), MaxSocks=32767, MaxUdp=65467
LogOnline: OSS: TryLoadSubsystemAndSetDefault: Loaded subsystem for module [NULL]
LogOculusPluginWrapper: OculusPlugin initialized successfully
LogHMD: Failed initializing OVRPlugin 1.59.0
LogInit: Build: ++UE4+Release-4.27-CL-18319896
LogInit: Engine Version: 4.27.2-18319896+++UE4+Release-4.27
LogInit: Compatible Engine Version: 4.27.0-17155196+++UE4+Release-4.27
LogInit: Net CL: 17155196
LogInit: OS: Windows 10 (Release 2009) (), CPU: Intel(R) Core(TM) i7-10750H CPU @ 2.60GHz, GPU: Intel(R) UHD Graphics
LogInit: Compiled (64-bit): Nov 30 2021 07:12:08
LogInit: Compiled with Visual C++: 19.24.28315.00
LogInit: Build Configuration: Development
LogInit: Branch Name: ++UE4+Release-4.27
LogInit: Command Line:  -AUTH_LOGIN=unused -AUTH_PASSWORD=5028586a56624d31a598ee7d97007f84 -AUTH_TYPE=exchangecode -epicapp=UE_4.27 -epicenv=Prod -EpicPortal -epicusername=RosyMoonVT -epicuserid=02f76e55c3f54389b5de5676e885f758 -epiclocale=en -epicsandboxid=ue
LogInit: Base Directory: D:/Zyra/UE_4.27/Engine/Binaries/Win64/
LogInit: Allocator: TBB
LogInit: Installed Engine Build: 1
LogDevObjectVersion: Number of dev versions registered: 29
LogDevObjectVersion:   Dev-Blueprints (B0D832E4-1F89-4F0D-ACCF-7EB736FD4AA2): 10
LogDevObjectVersion:   Dev-Build (E1C64328-A22C-4D53-A36C-8E866417BD8C): 0
LogDevObjectVersion:   Dev-Core (375EC13C-06E4-48FB-B500-84F0262A717E): 4
LogDevObjectVersion:   Dev-Editor (E4B068ED-F494-42E9-A231-DA0B2E46BB41): 40
LogDevObjectVersion:   Dev-Framework (CFFC743F-43B0-4480-9391-14DF171D2073): 37
LogDevObjectVersion:   Dev-Mobile (B02B49B5-BB20-44E9-A304-32B752E40360): 3
LogDevObjectVersion:   Dev-Networking (A4E4105C-59A1-49B5-A7C5-40C4547EDFEE): 0
LogDevObjectVersion:   Dev-Online (39C831C9-5AE6-47DC-9A44-9C173E1C8E7C): 0
LogDevObjectVersion:   Dev-Physics (78F01B33-EBEA-4F98-B9B4-84EACCB95AA2): 14
LogDevObjectVersion:   Dev-Platform (6631380F-2D4D-43E0-8009-CF276956A95A): 0
LogDevObjectVersion:   Dev-Rendering (12F88B9F-8875-4AFC-A67C-D90C383ABD29): 45
LogDevObjectVersion:   Dev-Sequencer (7B5AE74C-D270-4C10-A958-57980B212A5A): 13
LogDevObjectVersion:   Dev-VR (D7296918-1DD6-4BDD-9DE2-64A83CC13884): 3
LogDevObjectVersion:   Dev-LoadTimes (C2A15278-BFE7-4AFE-6C17-90FF531DF755): 1
LogDevObjectVersion:   Private-Geometry (6EACA3D4-40EC-4CC1-B786-8BED09428FC5): 3
LogDevObjectVersion:   Dev-AnimPhys (29E575DD-E0A3-4627-9D10-D276232CDCEA): 17
LogDevObjectVersion:   Dev-Anim (AF43A65D-7FD3-4947-9873-3E8ED9C1BB05): 15
LogDevObjectVersion:   Dev-ReflectionCapture (6B266CEC-1EC7-4B8F-A30B-E4D90942FC07): 1
LogDevObjectVersion:   Dev-Automation (0DF73D61-A23F-47EA-B727-89E90C41499A): 1
LogDevObjectVersion:   FortniteMain (601D1886-AC64-4F84-AA16-D3DE0DEAC7D6): 47
LogDevObjectVersion:   FortniteRelease (E7086368-6B23-4C58-8439-1B7016265E91): 1
LogDevObjectVersion:   Dev-Enterprise (9DFFBCD6-494F-0158-E221-12823C92A888): 10
LogDevObjectVersion:   Dev-Niagara (F2AED0AC-9AFE-416F-8664-AA7FFA26D6FC): 1
LogDevObjectVersion:   Dev-Destruction (174F1F0B-B4C6-45A5-B13F-2EE8D0FB917D): 10
LogDevObjectVersion:   Dev-Physics-Ext (35F94A83-E258-406C-A318-09F59610247C): 41
LogDevObjectVersion:   Dev-PhysicsMaterial-Chaos (B68FC16E-8B1B-42E2-B453-215C058844FE): 1
LogDevObjectVersion:   Dev-CineCamera (B2E18506-4273-CFC2-A54E-F4BB758BBA07): 1
LogDevObjectVersion:   Dev-VirtualProduction (64F58936-FD1B-42BA-BA96-7289D5D0FA4E): 1
LogDevObjectVersion:   Dev-MediaFramework (6F0ED827-A609-4895-9C91-998D90180EA4): 2
LogInit: Presizing for max 25165824 objects, including 0 objects not considered by GC, pre-allocating 0 bytes for permanent pool.
LogConfig: Applying CVar settings from Section [/Script/Engine.StreamingSettings] File [D:/Unreal/BasicHorrorGame/BasicHorrorGame/Saved/Config/Windows/Engine.ini]
LogConfig: Setting CVar [[s.MinBulkDataSizeForAsyncLoading:131072]]
LogConfig: Setting CVar [[s.AsyncLoadingThreadEnabled:0]]
LogConfig: Setting CVar [[s.EventDrivenLoaderEnabled:1]]
LogConfig: Setting CVar [[s.WarnIfTimeLimitExceeded:0]]
LogConfig: Setting CVar [[s.TimeLimitExceededMultiplier:1.5]]
LogConfig: Setting CVar [[s.TimeLimitExceededMinTime:0.005]]
LogConfig: Setting CVar [[s.UseBackgroundLevelStreaming:1]]
LogConfig: Setting CVar [[s.PriorityAsyncLoadingExtraTime:15.0]]
LogConfig: Setting CVar [[s.LevelStreamingActorsUpdateTimeLimit:5.0]]
LogConfig: Setting CVar [[s.PriorityLevelStreamingActorsUpdateExtraTime:5.0]]
LogConfig: Setting CVar [[s.LevelStreamingComponentsRegistrationGranularity:10]]
LogConfig: Setting CVar [[s.UnregisterComponentsTimeLimit:1.0]]
LogConfig: Setting CVar [[s.LevelStreamingComponentsUnregistrationGranularity:5]]
LogConfig: Setting CVar [[s.FlushStreamingOnExit:1]]
LogInit: Object subsystem initialized
LogConfig: Setting CVar [[con.DebugEarlyDefault:1]]
LogConfig: Setting CVar [[r.setres:1280x720]]
[2023.10.26-06.06.15:649][  0]LogConfig: Setting CVar [[r.VSync:0]]
[2023.10.26-06.06.15:649][  0]LogConfig: Setting CVar [[r.RHICmdBypass:0]]
[2023.10.26-06.06.15:649][  0]LogConfig: Applying CVar settings from Section [/Script/Engine.RendererSettings] File [D:/Unreal/BasicHorrorGame/BasicHorrorGame/Saved/Config/Windows/Engine.ini]
[2023.10.26-06.06.15:649][  0]LogConfig: Setting CVar [[r.GPUCrashDebugging:0]]
[2023.10.26-06.06.15:649][  0]LogConfig: Applying CVar settings from Section [/Script/Engine.RendererOverrideSettings] File [D:/Unreal/BasicHorrorGame/BasicHorrorGame/Saved/Config/Windows/Engine.ini]
[2023.10.26-06.06.15:649][  0]LogConfig: Applying CVar settings from Section [/Script/Engine.StreamingSettings] File [D:/Unreal/BasicHorrorGame/BasicHorrorGame/Saved/Config/Windows/Engine.ini]
[2023.10.26-06.06.15:649][  0]LogConfig: Setting CVar [[s.MinBulkDataSizeForAsyncLoading:131072]]
[2023.10.26-06.06.15:649][  0]LogConfig: Setting CVar [[s.AsyncLoadingThreadEnabled:0]]
[2023.10.26-06.06.15:649][  0]LogConfig: Setting CVar [[s.EventDrivenLoaderEnabled:1]]
[2023.10.26-06.06.15:649][  0]LogConfig: Setting CVar [[s.WarnIfTimeLimitExceeded:0]]
[2023.10.26-06.06.15:649][  0]LogConfig: Setting CVar [[s.TimeLimitExceededMultiplier:1.5]]
[2023.10.26-06.06.15:649][  0]LogConfig: Setting CVar [[s.TimeLimitExceededMinTime:0.005]]
[2023.10.26-06.06.15:649][  0]LogConfig: Setting CVar [[s.UseBackgroundLevelStreaming:1]]
[2023.10.26-06.06.15:649][  0]LogConfig: Setting CVar [[s.PriorityAsyncLoadingExtraTime:15.0]]
[2023.10.26-06.06.15:649][  0]LogConfig: Setting CVar [[s.LevelStreamingActorsUpdateTimeLimit:5.0]]
[2023.10.26-06.06.15:649][  0]LogConfig: Setting CVar [[s.PriorityLevelStreamingActorsUpdateExtraTime:5.0]]
[2023.10.26-06.06.15:649][  0]LogConfig: Setting CVar [[s.LevelStreamingComponentsRegistrationGranularity:10]]
[2023.10.26-06.06.15:649][  0]LogConfig: Setting CVar [[s.UnregisterComponentsTimeLimit:1.0]]
[2023.10.26-06.06.15:649][  0]LogConfig: Setting CVar [[s.LevelStreamingComponentsUnregistrationGranularity:5]]
[2023.10.26-06.06.15:649][  0]LogConfig: Setting CVar [[s.FlushStreamingOnExit:1]]
[2023.10.26-06.06.15:649][  0]LogConfig: Applying CVar settings from Section [/Script/Engine.GarbageCollectionSettings] File [D:/Unreal/BasicHorrorGame/BasicHorrorGame/Saved/Config/Windows/Engine.ini]
[2023.10.26-06.06.15:649][  0]LogConfig: Setting CVar [[gc.MaxObjectsNotConsideredByGC:1]]
[2023.10.26-06.06.15:649][  0]LogConfig: Setting CVar [[gc.SizeOfPermanentObjectPool:0]]
[2023.10.26-06.06.15:649][  0]LogConfig: Setting CVar [[gc.FlushStreamingOnGC:0]]
[2023.10.26-06.06.15:649][  0]LogConfig: Setting CVar [[gc.NumRetriesBeforeForcingGC:10]]
[2023.10.26-06.06.15:649][  0]LogConfig: Setting CVar [[gc.AllowParallelGC:1]]
[2023.10.26-06.06.15:649][  0]LogConfig: Setting CVar [[gc.TimeBetweenPurgingPendingKillObjects:61.1]]
[2023.10.26-06.06.15:649][  0]LogConfig: Setting CVar [[gc.MaxObjectsInEditor:25165824]]
[2023.10.26-06.06.15:649][  0]LogConfig: Setting CVar [[gc.IncrementalBeginDestroyEnabled:1]]
[2023.10.26-06.06.15:649][  0]LogConfig: Setting CVar [[gc.CreateGCClusters:1]]
[2023.10.26-06.06.15:649][  0]LogConfig: Setting CVar [[gc.MinGCClusterSize:5]]
[2023.10.26-06.06.15:649][  0]LogConfig: Setting CVar [[gc.ActorClusteringEnabled:0]]
[2023.10.26-06.06.15:649][  0]LogConfig: Setting CVar [[gc.BlueprintClusteringEnabled:0]]
[2023.10.26-06.06.15:649][  0]LogConfig: Setting CVar [[gc.UseDisregardForGCOnDedicatedServers:0]]
[2023.10.26-06.06.15:649][  0]LogConfig: Setting CVar [[gc.MultithreadedDestructionEnabled:1]]
[2023.10.26-06.06.15:649][  0]LogConfig: Applying CVar settings from Section [/Script/Engine.NetworkSettings] File [D:/Unreal/BasicHorrorGame/BasicHorrorGame/Saved/Config/Windows/Engine.ini]
[2023.10.26-06.06.15:649][  0]LogConfig: Applying CVar settings from Section [/Script/UnrealEd.CookerSettings] File [D:/Unreal/BasicHorrorGame/BasicHorrorGame/Saved/Config/Windows/Engine.ini]
[2023.10.26-06.06.15:657][  0]LogConfig: Applying CVar settings from Section [ViewDistanceQuality@3] File [D:/Unreal/BasicHorrorGame/BasicHorrorGame/Saved/Config/Windows/Scalability.ini]
[2023.10.26-06.06.15:657][  0]LogConfig: Setting CVar [[r.SkeletalMeshLODBias:0]]
[2023.10.26-06.06.15:657][  0]LogConfig: Setting CVar [[r.ViewDistanceScale:1.0]]
[2023.10.26-06.06.15:657][  0]LogConfig: Applying CVar settings from Section [AntiAliasingQuality@3] File [D:/Unreal/BasicHorrorGame/BasicHorrorGame/Saved/Config/Windows/Scalability.ini]
[2023.10.26-06.06.15:657][  0]LogConfig: Setting CVar [[r.PostProcessAAQuality:4]]
[2023.10.26-06.06.15:657][  0]LogConfig: Applying CVar settings from Section [ShadowQuality@3] File [D:/Unreal/BasicHorrorGame/BasicHorrorGame/Saved/Config/Windows/Scalability.ini]
[2023.10.26-06.06.15:657][  0]LogConfig: Setting CVar [[r.LightFunctionQuality:1]]
[2023.10.26-06.06.15:657][  0]LogConfig: Setting CVar [[r.ShadowQuality:5]]
[2023.10.26-06.06.15:657][  0]LogConfig: Setting CVar [[r.Shadow.CSM.MaxCascades:10]]
[2023.10.26-06.06.15:657][  0]LogConfig: Setting CVar [[r.Shadow.MaxResolution:2048]]
[2023.10.26-06.06.15:657][  0]LogConfig: Setting CVar [[r.Shadow.MaxCSMResolution:2048]]
[2023.10.26-06.06.15:657][  0]LogConfig: Setting CVar [[r.Shadow.RadiusThreshold:0.01]]
[2023.10.26-06.06.15:657][  0]LogConfig: Setting CVar [[r.Shadow.DistanceScale:1.0]]
[2023.10.26-06.06.15:657][  0]LogConfig: Setting CVar [[r.Shadow.CSM.TransitionScale:1.0]]
[2023.10.26-06.06.15:657][  0]LogConfig: Setting CVar [[r.Shadow.PreShadowResolutionFactor:1.0]]
[2023.10.26-06.06.15:657][  0]LogConfig: Setting CVar [[r.DistanceFieldShadowing:1]]
[2023.10.26-06.06.15:657][  0]LogConfig: Setting CVar [[r.DistanceFieldAO:1]]
[2023.10.26-06.06.15:657][  0]LogConfig: Setting CVar [[r.AOQuality:2]]
[2023.10.26-06.06.15:657][  0]LogConfig: Setting CVar [[r.VolumetricFog:1]]
[2023.10.26-06.06.15:657][  0]LogConfig: Setting CVar [[r.VolumetricFog.GridPixelSize:8]]
[2023.10.26-06.06.15:657][  0]LogConfig: Setting CVar [[r.VolumetricFog.GridSizeZ:128]]
[2023.10.26-06.06.15:657][  0]LogConfig: Setting CVar [[r.VolumetricFog.HistoryMissSupersampleCount:4]]
[2023.10.26-06.06.15:657][  0]LogConfig: Setting CVar [[r.LightMaxDrawDistanceScale:1]]
[2023.10.26-06.06.15:657][  0]LogConfig: Setting CVar [[r.CapsuleShadows:1]]
[2023.10.26-06.06.15:657][  0]LogConfig: Applying CVar settings from Section [PostProcessQuality@3] File [D:/Unreal/BasicHorrorGame/BasicHorrorGame/Saved/Config/Windows/Scalability.ini]
[2023.10.26-06.06.15:657][  0]LogConfig: Setting CVar [[r.MotionBlurQuality:4]]
[2023.10.26-06.06.15:657][  0]LogConfig: Setting CVar [[r.AmbientOcclusionMipLevelFactor:0.4]]
[2023.10.26-06.06.15:657][  0]LogConfig: Setting CVar [[r.AmbientOcclusionMaxQuality:100]]
[2023.10.26-06.06.15:657][  0]LogConfig: Setting CVar [[r.AmbientOcclusionLevels:-1]]
[2023.10.26-06.06.15:657][  0]LogConfig: Setting CVar [[r.AmbientOcclusionRadiusScale:1.0]]
[2023.10.26-06.06.15:657][  0]LogConfig: Setting CVar [[r.DepthOfFieldQuality:2]]
[2023.10.26-06.06.15:657][  0]LogConfig: Setting CVar [[r.RenderTargetPoolMin:400]]
[2023.10.26-06.06.15:657][  0]LogConfig: Setting CVar [[r.LensFlareQuality:2]]
[2023.10.26-06.06.15:657][  0]LogConfig: Setting CVar [[r.SceneColorFringeQuality:1]]
[2023.10.26-06.06.15:657][  0]LogConfig: Setting CVar [[r.EyeAdaptationQuality:2]]
[2023.10.26-06.06.15:657][  0]LogConfig: Setting CVar [[r.BloomQuality:5]]
[2023.10.26-06.06.15:657][  0]LogConfig: Setting CVar [[r.FastBlurThreshold:100]]
[2023.10.26-06.06.15:657][  0]LogConfig: Setting CVar [[r.Upscale.Quality:3]]
[2023.10.26-06.06.15:657][  0]LogConfig: Setting CVar [[r.Tonemapper.GrainQuantization:1]]
[2023.10.26-06.06.15:657][  0]LogConfig: Setting CVar [[r.LightShaftQuality:1]]
[2023.10.26-06.06.15:657][  0]LogConfig: Setting CVar [[r.Filter.SizeScale:1]]
[2023.10.26-06.06.15:657][  0]LogConfig: Setting CVar [[r.Tonemapper.Quality:5]]
[2023.10.26-06.06.15:657][  0]LogConfig: Setting CVar [[r.DOF.Gather.AccumulatorQuality:1        ; higher gathering accumulator quality]]
[2023.10.26-06.06.15:657][  0]LogConfig: Setting CVar [[r.DOF.Gather.PostfilterMethod:1          ; Median3x3 postfilering method]]
[2023.10.26-06.06.15:657][  0]LogConfig: Setting CVar [[r.DOF.Gather.EnableBokehSettings:0       ; no bokeh simulation when gathering]]
[2023.10.26-06.06.15:657][  0]LogConfig: Setting CVar [[r.DOF.Gather.RingCount:4                 ; medium number of samples when gathering]]
[2023.10.26-06.06.15:657][  0]LogConfig: Setting CVar [[r.DOF.Scatter.ForegroundCompositing:1    ; additive foreground scattering]]
[2023.10.26-06.06.15:657][  0]LogConfig: Setting CVar [[r.DOF.Scatter.BackgroundCompositing:2    ; additive background scattering]]
[2023.10.26-06.06.15:657][  0]LogConfig: Setting CVar [[r.DOF.Scatter.EnableBokehSettings:1      ; bokeh simulation when scattering]]
[2023.10.26-06.06.15:657][  0]LogConfig: Setting CVar [[r.DOF.Scatter.MaxSpriteRatio:0.1         ; only a maximum of 10% of scattered bokeh]]
[2023.10.26-06.06.15:657][  0]LogConfig: Setting CVar [[r.DOF.Recombine.Quality:1                ; cheap slight out of focus]]
[2023.10.26-06.06.15:657][  0]LogConfig: Setting CVar [[r.DOF.Recombine.EnableBokehSettings:0    ; no bokeh simulation on slight out of focus]]
[2023.10.26-06.06.15:657][  0]LogConfig: Setting CVar [[r.DOF.TemporalAAQuality:1                ; more stable temporal accumulation]]
[2023.10.26-06.06.15:657][  0]LogConfig: Setting CVar [[r.DOF.Kernel.MaxForegroundRadius:0.025]]
[2023.10.26-06.06.15:657][  0]LogConfig: Setting CVar [[r.DOF.Kernel.MaxBackgroundRadius:0.025]]
[2023.10.26-06.06.15:657][  0]LogConfig: Applying CVar settings from Section [TextureQuality@3] File [D:/Unreal/BasicHorrorGame/BasicHorrorGame/Saved/Config/Windows/Scalability.ini]
[2023.10.26-06.06.15:657][  0]LogConfig: Setting CVar [[r.Streaming.MipBias:0]]
[2023.10.26-06.06.15:657][  0]LogConfig: Setting CVar [[r.Streaming.AmortizeCPUToGPUCopy:0]]
[2023.10.26-06.06.15:657][  0]LogConfig: Setting CVar [[r.Streaming.MaxNumTexturesToStreamPerFrame:0]]
[2023.10.26-06.06.15:657][  0]LogConfig: Setting CVar [[r.Streaming.Boost:1]]
[2023.10.26-06.06.15:657][  0]LogConfig: Setting CVar [[r.MaxAnisotropy:8]]
[2023.10.26-06.06.15:657][  0]LogConfig: Setting CVar [[r.VT.MaxAnisotropy:8]]
[2023.10.26-06.06.15:657][  0]LogConfig: Setting CVar [[r.Streaming.LimitPoolSizeToVRAM:0]]
[2023.10.26-06.06.15:657][  0]LogConfig: Setting CVar [[r.Streaming.PoolSize:1000]]
[2023.10.26-06.06.15:657][  0]LogConfig: Setting CVar [[r.Streaming.MaxEffectiveScreenSize:0]]
[2023.10.26-06.06.15:657][  0]LogConfig: Applying CVar settings from Section [EffectsQuality@3] File [D:/Unreal/BasicHorrorGame/BasicHorrorGame/Saved/Config/Windows/Scalability.ini]
[2023.10.26-06.06.15:657][  0]LogConfig: Setting CVar [[r.TranslucencyLightingVolumeDim:64]]
[2023.10.26-06.06.15:657][  0]LogConfig: Setting CVar [[r.RefractionQuality:2]]
[2023.10.26-06.06.15:658][  0]LogConfig: Setting CVar [[r.SSR.Quality:3]]
[2023.10.26-06.06.15:658][  0]LogConfig: Setting CVar [[r.SSR.HalfResSceneColor:0]]
[2023.10.26-06.06.15:658][  0]LogConfig: Setting CVar [[r.SceneColorFormat:4]]
[2023.10.26-06.06.15:658][  0]LogConfig: Setting CVar [[r.DetailMode:2]]
[2023.10.26-06.06.15:658][  0]LogConfig: Setting CVar [[r.TranslucencyVolumeBlur:1]]
[2023.10.26-06.06.15:658][  0]LogConfig: Setting CVar [[r.MaterialQualityLevel:1 ; High quality]]
[2023.10.26-06.06.15:658][  0]LogConfig: Setting CVar [[r.AnisotropicMaterials:1]]
[2023.10.26-06.06.15:658][  0]LogConfig: Setting CVar [[r.SSS.Scale:1]]
[2023.10.26-06.06.15:658][  0]LogConfig: Setting CVar [[r.SSS.SampleSet:2]]
[2023.10.26-06.06.15:658][  0]LogConfig: Setting CVar [[r.SSS.Quality:1]]
[2023.10.26-06.06.15:658][  0]LogConfig: Setting CVar [[r.SSS.HalfRes:0]]
[2023.10.26-06.06.15:658][  0]LogConfig: Setting CVar [[r.SSGI.Quality:3]]
[2023.10.26-06.06.15:658][  0]LogConfig: Setting CVar [[r.EmitterSpawnRateScale:1.0]]
[2023.10.26-06.06.15:658][  0]LogConfig: Setting CVar [[r.ParticleLightQuality:2]]
[2023.10.26-06.06.15:658][  0]LogConfig: Setting CVar [[r.SkyAtmosphere.AerialPerspectiveLUT.FastApplyOnOpaque:1 ; Always have FastSkyLUT 1 in this case to avoid wrong sky]]
[2023.10.26-06.06.15:658][  0]LogConfig: Setting CVar [[r.SkyAtmosphere.AerialPerspectiveLUT.SampleCountMaxPerSlice:4]]
[2023.10.26-06.06.15:658][  0]LogConfig: Setting CVar [[r.SkyAtmosphere.AerialPerspectiveLUT.DepthResolution:16.0]]
[2023.10.26-06.06.15:658][  0]LogConfig: Setting CVar [[r.SkyAtmosphere.FastSkyLUT:1]]
[2023.10.26-06.06.15:658][  0]LogConfig: Setting CVar [[r.SkyAtmosphere.FastSkyLUT.SampleCountMin:4.0]]
[2023.10.26-06.06.15:658][  0]LogConfig: Setting CVar [[r.SkyAtmosphere.FastSkyLUT.SampleCountMax:128.0]]
[2023.10.26-06.06.15:658][  0]LogConfig: Setting CVar [[r.SkyAtmosphere.SampleCountMin:4.0]]
[2023.10.26-06.06.15:658][  0]LogConfig: Setting CVar [[r.SkyAtmosphere.SampleCountMax:128.0]]
[2023.10.26-06.06.15:658][  0]LogConfig: Setting CVar [[r.SkyAtmosphere.TransmittanceLUT.UseSmallFormat:0]]
[2023.10.26-06.06.15:658][  0]LogConfig: Setting CVar [[r.SkyAtmosphere.TransmittanceLUT.SampleCount:10.0]]
[2023.10.26-06.06.15:658][  0]LogConfig: Setting CVar [[r.SkyAtmosphere.MultiScatteringLUT.SampleCount:15.0]]
[2023.10.26-06.06.15:658][  0]LogConfig: Setting CVar [[r.SkyLight.RealTimeReflectionCapture:1]]
[2023.10.26-06.06.15:658][  0]LogConfig: Applying CVar settings from Section [FoliageQuality@3] File [D:/Unreal/BasicHorrorGame/BasicHorrorGame/Saved/Config/Windows/Scalability.ini]
[2023.10.26-06.06.15:658][  0]LogConfig: Setting CVar [[foliage.DensityScale:1.0]]
[2023.10.26-06.06.15:658][  0]LogConfig: Setting CVar [[grass.DensityScale:1.0]]
[2023.10.26-06.06.15:658][  0]LogConfig: Applying CVar settings from Section [ShadingQuality@3] File [D:/Unreal/BasicHorrorGame/BasicHorrorGame/Saved/Config/Windows/Scalability.ini]
[2023.10.26-06.06.15:658][  0]LogConfig: Setting CVar [[r.HairStrands.SkyLighting.IntegrationType:2]]
[2023.10.26-06.06.15:658][  0]LogConfig: Setting CVar [[r.HairStrands.SkyAO.SampleCount:4]]
[2023.10.26-06.06.15:658][  0]LogConfig: Setting CVar [[r.HairStrands.Visibility.MSAA.SamplePerPixel:4]]
[2023.10.26-06.06.15:658][  0]LogInit: Selected Device Profile: [Windows]
[2023.10.26-06.06.15:658][  0]LogInit: Applying CVar settings loaded from the selected device profile: [Windows]
[2023.10.26-06.06.15:658][  0]LogHAL: Display: Platform has ~ 16 GB [16991240192 / 17179869184 / 16], which maps to Larger [LargestMinGB=32, LargerMinGB=12, DefaultMinGB=8, SmallerMinGB=6, SmallestMinGB=0)
[2023.10.26-06.06.15:658][  0]LogInit: Going up to parent DeviceProfile []
[2023.10.26-06.06.15:658][  0]LogConfig: Applying CVar settings from Section [ViewDistanceQuality@3] File [D:/Unreal/BasicHorrorGame/BasicHorrorGame/Saved/Config/Windows/Scalability.ini]
[2023.10.26-06.06.15:658][  0]LogConfig: Setting CVar [[r.SkeletalMeshLODBias:0]]
[2023.10.26-06.06.15:658][  0]LogConfig: Setting CVar [[r.ViewDistanceScale:1.0]]
[2023.10.26-06.06.15:658][  0]LogConfig: Applying CVar settings from Section [AntiAliasingQuality@3] File [D:/Unreal/BasicHorrorGame/BasicHorrorGame/Saved/Config/Windows/Scalability.ini]
[2023.10.26-06.06.15:658][  0]LogConfig: Setting CVar [[r.PostProcessAAQuality:4]]
[2023.10.26-06.06.15:658][  0]LogConfig: Applying CVar settings from Section [ShadowQuality@3] File [D:/Unreal/BasicHorrorGame/BasicHorrorGame/Saved/Config/Windows/Scalability.ini]
[2023.10.26-06.06.15:658][  0]LogConfig: Setting CVar [[r.LightFunctionQuality:1]]
[2023.10.26-06.06.15:658][  0]LogConfig: Setting CVar [[r.ShadowQuality:5]]
[2023.10.26-06.06.15:658][  0]LogConfig: Setting CVar [[r.Shadow.CSM.MaxCascades:10]]
[2023.10.26-06.06.15:658][  0]LogConfig: Setting CVar [[r.Shadow.MaxResolution:2048]]
[2023.10.26-06.06.15:658][  0]LogConfig: Setting CVar [[r.Shadow.MaxCSMResolution:2048]]
[2023.10.26-06.06.15:658][  0]LogConfig: Setting CVar [[r.Shadow.RadiusThreshold:0.01]]
[2023.10.26-06.06.15:658][  0]LogConfig: Setting CVar [[r.Shadow.DistanceScale:1.0]]
[2023.10.26-06.06.15:658][  0]LogConfig: Setting CVar [[r.Shadow.CSM.TransitionScale:1.0]]
[2023.10.26-06.06.15:658][  0]LogConfig: Setting CVar [[r.Shadow.PreShadowResolutionFactor:1.0]]
[2023.10.26-06.06.15:658][  0]LogConfig: Setting CVar [[r.DistanceFieldShadowing:1]]
[2023.10.26-06.06.15:658][  0]LogConfig: Setting CVar [[r.DistanceFieldAO:1]]
[2023.10.26-06.06.15:658][  0]LogConfig: Setting CVar [[r.AOQuality:2]]
[2023.10.26-06.06.15:658][  0]LogConfig: Setting CVar [[r.VolumetricFog:1]]
[2023.10.26-06.06.15:658][  0]LogConfig: Setting CVar [[r.VolumetricFog.GridPixelSize:8]]
[2023.10.26-06.06.15:658][  0]LogConfig: Setting CVar [[r.VolumetricFog.GridSizeZ:128]]
[2023.10.26-06.06.15:658][  0]LogConfig: Setting CVar [[r.VolumetricFog.HistoryMissSupersampleCount:4]]
[2023.10.26-06.06.15:658][  0]LogConfig: Setting CVar [[r.LightMaxDrawDistanceScale:1]]
[2023.10.26-06.06.15:658][  0]LogConfig: Setting CVar [[r.CapsuleShadows:1]]
[2023.10.26-06.06.15:658][  0]LogConfig: Applying CVar settings from Section [PostProcessQuality@3] File [D:/Unreal/BasicHorrorGame/BasicHorrorGame/Saved/Config/Windows/Scalability.ini]
[2023.10.26-06.06.15:658][  0]LogConfig: Setting CVar [[r.MotionBlurQuality:4]]
[2023.10.26-06.06.15:658][  0]LogConfig: Setting CVar [[r.AmbientOcclusionMipLevelFactor:0.4]]
[2023.10.26-06.06.15:658][  0]LogConfig: Setting CVar [[r.AmbientOcclusionMaxQuality:100]]
[2023.10.26-06.06.15:658][  0]LogConfig: Setting CVar [[r.AmbientOcclusionLevels:-1]]
[2023.10.26-06.06.15:658][  0]LogConfig: Setting CVar [[r.AmbientOcclusionRadiusScale:1.0]]
[2023.10.26-06.06.15:658][  0]LogConfig: Setting CVar [[r.DepthOfFieldQuality:2]]
[2023.10.26-06.06.15:658][  0]LogConfig: Setting CVar [[r.RenderTargetPoolMin:400]]
[2023.10.26-06.06.15:658][  0]LogConfig: Setting CVar [[r.LensFlareQuality:2]]
[2023.10.26-06.06.15:658][  0]LogConfig: Setting CVar [[r.SceneColorFringeQuality:1]]
[2023.10.26-06.06.15:658][  0]LogConfig: Setting CVar [[r.EyeAdaptationQuality:2]]
[2023.10.26-06.06.15:658][  0]LogConfig: Setting CVar [[r.BloomQuality:5]]
[2023.10.26-06.06.15:658][  0]LogConfig: Setting CVar [[r.FastBlurThreshold:100]]
[2023.10.26-06.06.15:658][  0]LogConfig: Setting CVar [[r.Upscale.Quality:3]]
[2023.10.26-06.06.15:658][  0]LogConfig: Setting CVar [[r.Tonemapper.GrainQuantization:1]]
[2023.10.26-06.06.15:658][  0]LogConfig: Setting CVar [[r.LightShaftQuality:1]]
[2023.10.26-06.06.15:658][  0]LogConfig: Setting CVar [[r.Filter.SizeScale:1]]
[2023.10.26-06.06.15:658][  0]LogConfig: Setting CVar [[r.Tonemapper.Quality:5]]
[2023.10.26-06.06.15:658][  0]LogConfig: Setting CVar [[r.DOF.Gather.AccumulatorQuality:1        ; higher gathering accumulator quality]]
[2023.10.26-06.06.15:658][  0]LogConfig: Setting CVar [[r.DOF.Gather.PostfilterMethod:1          ; Median3x3 postfilering method]]
[2023.10.26-06.06.15:658][  0]LogConfig: Setting CVar [[r.DOF.Gather.EnableBokehSettings:0       ; no bokeh simulation when gathering]]
[2023.10.26-06.06.15:658][  0]LogConfig: Setting CVar [[r.DOF.Gather.RingCount:4                 ; medium number of samples when gathering]]
[2023.10.26-06.06.15:658][  0]LogConfig: Setting CVar [[r.DOF.Scatter.ForegroundCompositing:1    ; additive foreground scattering]]
[2023.10.26-06.06.15:658][  0]LogConfig: Setting CVar [[r.DOF.Scatter.BackgroundCompositing:2    ; additive background scattering]]
[2023.10.26-06.06.15:658][  0]LogConfig: Setting CVar [[r.DOF.Scatter.EnableBokehSettings:1      ; bokeh simulation when scattering]]
[2023.10.26-06.06.15:659][  0]LogConfig: Setting CVar [[r.DOF.Scatter.MaxSpriteRatio:0.1         ; only a maximum of 10% of scattered bokeh]]
[2023.10.26-06.06.15:659][  0]LogConfig: Setting CVar [[r.DOF.Recombine.Quality:1                ; cheap slight out of focus]]
[2023.10.26-06.06.15:659][  0]LogConfig: Setting CVar [[r.DOF.Recombine.EnableBokehSettings:0    ; no bokeh simulation on slight out of focus]]
[2023.10.26-06.06.15:659][  0]LogConfig: Setting CVar [[r.DOF.TemporalAAQuality:1                ; more stable temporal accumulation]]
[2023.10.26-06.06.15:659][  0]LogConfig: Setting CVar [[r.DOF.Kernel.MaxForegroundRadius:0.025]]
[2023.10.26-06.06.15:659][  0]LogConfig: Setting CVar [[r.DOF.Kernel.MaxBackgroundRadius:0.025]]
[2023.10.26-06.06.15:659][  0]LogConfig: Applying CVar settings from Section [TextureQuality@3] File [D:/Unreal/BasicHorrorGame/BasicHorrorGame/Saved/Config/Windows/Scalability.ini]
[2023.10.26-06.06.15:659][  0]LogConfig: Setting CVar [[r.Streaming.MipBias:0]]
[2023.10.26-06.06.15:659][  0]LogConfig: Setting CVar [[r.Streaming.AmortizeCPUToGPUCopy:0]]
[2023.10.26-06.06.15:659][  0]LogConfig: Setting CVar [[r.Streaming.MaxNumTexturesToStreamPerFrame:0]]
[2023.10.26-06.06.15:659][  0]LogConfig: Setting CVar [[r.Streaming.Boost:1]]
[2023.10.26-06.06.15:659][  0]LogConfig: Setting CVar [[r.MaxAnisotropy:8]]
[2023.10.26-06.06.15:659][  0]LogConfig: Setting CVar [[r.VT.MaxAnisotropy:8]]
[2023.10.26-06.06.15:659][  0]LogConfig: Setting CVar [[r.Streaming.LimitPoolSizeToVRAM:0]]
[2023.10.26-06.06.15:659][  0]LogConfig: Setting CVar [[r.Streaming.PoolSize:1000]]
[2023.10.26-06.06.15:659][  0]LogConfig: Setting CVar [[r.Streaming.MaxEffectiveScreenSize:0]]
[2023.10.26-06.06.15:659][  0]LogConfig: Applying CVar settings from Section [EffectsQuality@3] File [D:/Unreal/BasicHorrorGame/BasicHorrorGame/Saved/Config/Windows/Scalability.ini]
[2023.10.26-06.06.15:659][  0]LogConfig: Setting CVar [[r.TranslucencyLightingVolumeDim:64]]
[2023.10.26-06.06.15:659][  0]LogConfig: Setting CVar [[r.RefractionQuality:2]]
[2023.10.26-06.06.15:659][  0]LogConfig: Setting CVar [[r.SSR.Quality:3]]
[2023.10.26-06.06.15:659][  0]LogConfig: Setting CVar [[r.SSR.HalfResSceneColor:0]]
[2023.10.26-06.06.15:659][  0]LogConfig: Setting CVar [[r.SceneColorFormat:4]]
[2023.10.26-06.06.15:659][  0]LogConfig: Setting CVar [[r.DetailMode:2]]
[2023.10.26-06.06.15:659][  0]LogConfig: Setting CVar [[r.TranslucencyVolumeBlur:1]]
[2023.10.26-06.06.15:659][  0]LogConfig: Setting CVar [[r.MaterialQualityLevel:1 ; High quality]]
[2023.10.26-06.06.15:659][  0]LogConfig: Setting CVar [[r.AnisotropicMaterials:1]]
[2023.10.26-06.06.15:659][  0]LogConfig: Setting CVar [[r.SSS.Scale:1]]
[2023.10.26-06.06.15:659][  0]LogConfig: Setting CVar [[r.SSS.SampleSet:2]]
[2023.10.26-06.06.15:659][  0]LogConfig: Setting CVar [[r.SSS.Quality:1]]
[2023.10.26-06.06.15:659][  0]LogConfig: Setting CVar [[r.SSS.HalfRes:0]]
[2023.10.26-06.06.15:659][  0]LogConfig: Setting CVar [[r.SSGI.Quality:3]]
[2023.10.26-06.06.15:659][  0]LogConfig: Setting CVar [[r.EmitterSpawnRateScale:1.0]]
[2023.10.26-06.06.15:659][  0]LogConfig: Setting CVar [[r.ParticleLightQuality:2]]
[2023.10.26-06.06.15:659][  0]LogConfig: Setting CVar [[r.SkyAtmosphere.AerialPerspectiveLUT.FastApplyOnOpaque:1 ; Always have FastSkyLUT 1 in this case to avoid wrong sky]]
[2023.10.26-06.06.15:659][  0]LogConfig: Setting CVar [[r.SkyAtmosphere.AerialPerspectiveLUT.SampleCountMaxPerSlice:4]]
[2023.10.26-06.06.15:659][  0]LogConfig: Setting CVar [[r.SkyAtmosphere.AerialPerspectiveLUT.DepthResolution:16.0]]
[2023.10.26-06.06.15:659][  0]LogConfig: Setting CVar [[r.SkyAtmosphere.FastSkyLUT:1]]
[2023.10.26-06.06.15:659][  0]LogConfig: Setting CVar [[r.SkyAtmosphere.FastSkyLUT.SampleCountMin:4.0]]
[2023.10.26-06.06.15:659][  0]LogConfig: Setting CVar [[r.SkyAtmosphere.FastSkyLUT.SampleCountMax:128.0]]
[2023.10.26-06.06.15:659][  0]LogConfig: Setting CVar [[r.SkyAtmosphere.SampleCountMin:4.0]]
[2023.10.26-06.06.15:659][  0]LogConfig: Setting CVar [[r.SkyAtmosphere.SampleCountMax:128.0]]
[2023.10.26-06.06.15:659][  0]LogConfig: Setting CVar [[r.SkyAtmosphere.TransmittanceLUT.UseSmallFormat:0]]
[2023.10.26-06.06.15:659][  0]LogConfig: Setting CVar [[r.SkyAtmosphere.TransmittanceLUT.SampleCount:10.0]]
[2023.10.26-06.06.15:659][  0]LogConfig: Setting CVar [[r.SkyAtmosphere.MultiScatteringLUT.SampleCount:15.0]]
[2023.10.26-06.06.15:659][  0]LogConfig: Setting CVar [[r.SkyLight.RealTimeReflectionCapture:1]]
[2023.10.26-06.06.15:659][  0]LogConfig: Applying CVar settings from Section [FoliageQuality@3] File [D:/Unreal/BasicHorrorGame/BasicHorrorGame/Saved/Config/Windows/Scalability.ini]
[2023.10.26-06.06.15:659][  0]LogConfig: Setting CVar [[foliage.DensityScale:1.0]]
[2023.10.26-06.06.15:659][  0]LogConfig: Setting CVar [[grass.DensityScale:1.0]]
[2023.10.26-06.06.15:659][  0]LogConfig: Applying CVar settings from Section [ShadingQuality@3] File [D:/Unreal/BasicHorrorGame/BasicHorrorGame/Saved/Config/Windows/Scalability.ini]
[2023.10.26-06.06.15:659][  0]LogConfig: Setting CVar [[r.HairStrands.SkyLighting.IntegrationType:2]]
[2023.10.26-06.06.15:659][  0]LogConfig: Setting CVar [[r.HairStrands.SkyAO.SampleCount:4]]
[2023.10.26-06.06.15:659][  0]LogConfig: Setting CVar [[r.HairStrands.Visibility.MSAA.SamplePerPixel:4]]
[2023.10.26-06.06.15:659][  0]LogConfig: Applying CVar settings from Section [Startup] File [../../../Engine/Config/ConsoleVariables.ini]
[2023.10.26-06.06.15:659][  0]LogConfig: Setting CVar [[net.UseAdaptiveNetUpdateFrequency:0]]
[2023.10.26-06.06.15:659][  0]LogConfig: Setting CVar [[p.chaos.AllowCreatePhysxBodies:1]]
[2023.10.26-06.06.15:659][  0]LogConfig: Setting CVar [[fx.SkipVectorVMBackendOptimizations:1]]
[2023.10.26-06.06.15:659][  0]LogConfig: Applying CVar settings from Section [ConsoleVariables] File [D:/Unreal/BasicHorrorGame/BasicHorrorGame/Saved/Config/Windows/Engine.ini]
[2023.10.26-06.06.15:659][  0]LogConfig: Applying CVar settings from Section [ConsoleVariables] File [D:/Unreal/BasicHorrorGame/BasicHorrorGame/Saved/Config/Windows/Editor.ini]
[2023.10.26-06.06.15:660][  0]LogInit: Computer: MSI
[2023.10.26-06.06.15:660][  0]LogInit: User: Zyra
[2023.10.26-06.06.15:660][  0]LogInit: CPU Page size=4096, Cores=6
[2023.10.26-06.06.15:660][  0]LogInit: High frequency timer resolution =10.000000 MHz
[2023.10.26-06.06.15:660][  0]LogMemory: Memory total: Physical=15.8GB (16GB approx)
[2023.10.26-06.06.15:660][  0]LogMemory: Platform Memory Stats for Windows
[2023.10.26-06.06.15:660][  0]LogMemory: Process Physical Memory: 143.76 MB used, 143.76 MB peak
[2023.10.26-06.06.15:660][  0]LogMemory: Process Virtual Memory: 126.00 MB used, 126.00 MB peak
[2023.10.26-06.06.15:660][  0]LogMemory: Physical Memory: 12987.24 MB used,  3216.87 MB free, 16204.11 MB total
[2023.10.26-06.06.15:660][  0]LogMemory: Virtual Memory: 134209328.00 MB used,  8397.70 MB free, 134217728.00 MB total
[2023.10.26-06.06.15:709][  0]LogWindows: WindowsPlatformFeatures enabled
[2023.10.26-06.06.15:752][  0]LogInit: Physics initialised using underlying interface: PhysX
[2023.10.26-06.06.15:752][  0]LogInit: Using OS detected language (en-US).
[2023.10.26-06.06.15:752][  0]LogInit: Using OS detected locale (en-US).
[2023.10.26-06.06.15:754][  0]LogTextLocalizationManager: No specific localization for 'en-US' exists, so the 'en' localization will be used.
[2023.10.26-06.06.15:950][  0]LogInit: Setting process to per monitor DPI aware
[2023.10.26-06.06.15:975][  0]LogWindowsTextInputMethodSystem: Display: IME system deactivated.
[2023.10.26-06.06.15:998][  0]LogSlate: New Slate User Created.  User Index 0, Is Virtual User: 0
[2023.10.26-06.06.15:998][  0]LogSlate: Slate User Registered.  User Index 0, Is Virtual User: 0
[2023.10.26-06.06.16:134][  0]LogD3D11RHI: Loaded GFSDK_Aftermath_Lib.x64.dll
[2023.10.26-06.06.16:176][  0]LogHMD: Failed to enumerate extensions. Please check that you have a valid OpenXR runtime installed.
[2023.10.26-06.06.16:176][  0]LogD3D11RHI: D3D11 min allowed feature level: 11_0
[2023.10.26-06.06.16:176][  0]LogD3D11RHI: D3D11 max allowed feature level: 11_0
[2023.10.26-06.06.16:176][  0]LogD3D11RHI: D3D11 adapters:
[2023.10.26-06.06.16:308][  0]LogD3D11RHI:    0. 'NVIDIA GeForce RTX 2080 Super' (Feature Level 11_0)
[2023.10.26-06.06.16:308][  0]LogD3D11RHI:       8001/0/8102 MB DedicatedVideo/DedicatedSystem/SharedSystem, Outputs:1, VendorId:0x10de
[2023.10.26-06.06.16:365][  0]LogD3D11RHI:    1. 'Intel(R) UHD Graphics' (Feature Level 11_0)
[2023.10.26-06.06.16:365][  0]LogD3D11RHI:       128/0/8102 MB DedicatedVideo/DedicatedSystem/SharedSystem, Outputs:0, VendorId:0x8086
[2023.10.26-06.06.16:368][  0]LogD3D11RHI:    2. 'Microsoft Basic Render Driver' (Feature Level 11_0)
[2023.10.26-06.06.16:368][  0]LogD3D11RHI:       0/0/8102 MB DedicatedVideo/DedicatedSystem/SharedSystem, Outputs:0, VendorId:0x1414
[2023.10.26-06.06.16:368][  0]LogD3D11RHI: Chosen D3D11 Adapter:
[2023.10.26-06.06.16:368][  0]LogD3D11RHI:     Description : NVIDIA GeForce RTX 2080 Super
[2023.10.26-06.06.16:368][  0]LogD3D11RHI:     VendorId    : 10de
[2023.10.26-06.06.16:368][  0]LogD3D11RHI:     DeviceId    : 1e93
[2023.10.26-06.06.16:368][  0]LogD3D11RHI:     SubSysId    : 12bc1462
[2023.10.26-06.06.16:368][  0]LogD3D11RHI:     Revision    : 00a1
[2023.10.26-06.06.16:368][  0]LogD3D11RHI:     DedicatedVideoMemory : 8389656576 bytes
[2023.10.26-06.06.16:368][  0]LogD3D11RHI:     DedicatedSystemMemory : 0 bytes
[2023.10.26-06.06.16:368][  0]LogD3D11RHI:     SharedSystemMemory : 8495620096 bytes
[2023.10.26-06.06.16:368][  0]LogD3D11RHI:     AdapterLuid : 0 72071
[2023.10.26-06.06.16:376][  0]LogD3D11RHI: Creating new Direct3DDevice
[2023.10.26-06.06.16:376][  0]LogD3D11RHI:     GPU DeviceId: 0x1e93 (for the marketing name, search the web for "GPU Device Id")
[2023.10.26-06.06.16:376][  0]LogWindows: EnumDisplayDevices:
[2023.10.26-06.06.16:377][  0]LogWindows:    0. 'Intel(R) UHD Graphics' (P:1 D:1)
[2023.10.26-06.06.16:377][  0]LogWindows:    1. 'Intel(R) UHD Graphics' (P:0 D:0)
[2023.10.26-06.06.16:377][  0]LogWindows:    2. 'Intel(R) UHD Graphics' (P:0 D:0)
[2023.10.26-06.06.16:377][  0]LogWindows:    3. 'NVIDIA GeForce RTX 2080 Super' (P:0 D:0)
[2023.10.26-06.06.16:378][  0]LogWindows:    4. 'NVIDIA GeForce RTX 2080 Super' (P:0 D:0)
[2023.10.26-06.06.16:378][  0]LogWindows:    5. 'NVIDIA GeForce RTX 2080 Super' (P:0 D:0)
[2023.10.26-06.06.16:378][  0]LogWindows:    6. 'NVIDIA GeForce RTX 2080 Super' (P:0 D:0)
[2023.10.26-06.06.16:378][  0]LogWindows: DebugString: PrimaryIsNotTheChoosenAdapter PrimaryIsNotTheChoosenAdapter PrimaryIsNotTheChoosenAdapter FoundDriverCount:4 
[2023.10.26-06.06.16:378][  0]LogD3D11RHI:     Adapter Name: NVIDIA GeForce RTX 2080 Super
[2023.10.26-06.06.16:378][  0]LogD3D11RHI:   Driver Version: 537.42 (internal:31.0.15.3742, unified:537.42)
[2023.10.26-06.06.16:378][  0]LogD3D11RHI:      Driver Date: 9-12-2023
[2023.10.26-06.06.16:378][  0]LogRHI: Texture pool is 5600 MB (70% of 8001 MB)
[2023.10.26-06.06.16:378][  0]LogD3D11RHI: Creating D3DDevice using adapter:
[2023.10.26-06.06.16:378][  0]LogD3D11RHI:     Description : NVIDIA GeForce RTX 2080 Super
[2023.10.26-06.06.16:378][  0]LogD3D11RHI:     VendorId    : 10de
[2023.10.26-06.06.16:378][  0]LogD3D11RHI:     DeviceId    : 1e93
[2023.10.26-06.06.16:378][  0]LogD3D11RHI:     SubSysId    : 12bc1462
[2023.10.26-06.06.16:378][  0]LogD3D11RHI:     Revision    : 00a1
[2023.10.26-06.06.16:378][  0]LogD3D11RHI:     DedicatedVideoMemory : 8389656576 bytes
[2023.10.26-06.06.16:378][  0]LogD3D11RHI:     DedicatedSystemMemory : 0 bytes
[2023.10.26-06.06.16:378][  0]LogD3D11RHI:     SharedSystemMemory : 8495620096 bytes
[2023.10.26-06.06.16:378][  0]LogD3D11RHI:     AdapterLuid : 0 72071
[2023.10.26-06.06.16:466][  0]LogD3D11RHI: RHI has support for 64 bit atomics
[2023.10.26-06.06.16:467][  0]LogD3D11RHI: Async texture creation enabled
[2023.10.26-06.06.16:467][  0]LogD3D11RHI: Array index from any shader is supported
[2023.10.26-06.06.16:488][  0]LogD3D11RHI: GPU Timing Frequency: 1000.000000 (Debug: 2 1)
[2023.10.26-06.06.16:529][  0]LogRHI: GeForceNow SDK initialized: 1
[2023.10.26-06.06.16:821][  0]LogTargetPlatformManager: Display: Loaded TargetPlatform 'AllDesktop'
[2023.10.26-06.06.16:840][  0]LogTargetPlatformManager: Display: Loaded TargetPlatform 'Android'
[2023.10.26-06.06.16:840][  0]LogTargetPlatformManager: Display: Loaded TargetPlatform 'Android_ASTC'
[2023.10.26-06.06.16:840][  0]LogTargetPlatformManager: Display: Loaded TargetPlatform 'Android_DXT'
[2023.10.26-06.06.16:840][  0]LogTargetPlatformManager: Display: Loaded TargetPlatform 'Android_ETC2'
[2023.10.26-06.06.16:840][  0]LogTargetPlatformManager: Display: Loaded TargetPlatform 'AndroidClient'
[2023.10.26-06.06.16:840][  0]LogTargetPlatformManager: Display: Loaded TargetPlatform 'Android_ASTCClient'
[2023.10.26-06.06.16:840][  0]LogTargetPlatformManager: Display: Loaded TargetPlatform 'Android_DXTClient'
[2023.10.26-06.06.16:840][  0]LogTargetPlatformManager: Display: Loaded TargetPlatform 'Android_ETC2Client'
[2023.10.26-06.06.16:840][  0]LogTargetPlatformManager: Display: Loaded TargetPlatform 'Android_Multi'
[2023.10.26-06.06.16:840][  0]LogTargetPlatformManager: Display: Loaded TargetPlatform 'Android_MultiClient'
[2023.10.26-06.06.16:856][  0]LogTargetPlatformManager: Display: Loaded TargetPlatform 'IOSClient'
[2023.10.26-06.06.16:856][  0]LogTargetPlatformManager: Display: Loaded TargetPlatform 'IOS'
[2023.10.26-06.06.16:866][  0]LogTargetPlatformManager: Display: Loaded TargetPlatform 'Linux'
[2023.10.26-06.06.16:871][  0]LogTargetPlatformManager: Display: Loaded TargetPlatform 'LinuxNoEditor'
[2023.10.26-06.06.16:876][  0]LogTargetPlatformManager: Display: Loaded TargetPlatform 'LinuxClient'
[2023.10.26-06.06.16:882][  0]LogTargetPlatformManager: Display: Loaded TargetPlatform 'LinuxServer'
[2023.10.26-06.06.16:890][  0]LogTargetPlatformManager: Display: Loaded TargetPlatform 'LinuxAArch64NoEditor'
[2023.10.26-06.06.16:895][  0]LogTargetPlatformManager: Display: Loaded TargetPlatform 'LinuxAArch64Client'
[2023.10.26-06.06.16:899][  0]LogTargetPlatformManager: Display: Loaded TargetPlatform 'LinuxAArch64Server'
[2023.10.26-06.06.16:921][  0]LogTargetPlatformManager: Display: Loaded TargetPlatform 'Lumin'
[2023.10.26-06.06.16:921][  0]LogTargetPlatformManager: Display: Loaded TargetPlatform 'LuminClient'
[2023.10.26-06.06.16:933][  0]LogTargetPlatformManager: Display: Loaded TargetPlatform 'MacNoEditor'
[2023.10.26-06.06.16:939][  0]LogTargetPlatformManager: Display: Loaded TargetPlatform 'Mac'
[2023.10.26-06.06.16:943][  0]LogTargetPlatformManager: Display: Loaded TargetPlatform 'MacClient'
[2023.10.26-06.06.16:948][  0]LogTargetPlatformManager: Display: Loaded TargetPlatform 'MacServer'
[2023.10.26-06.06.16:958][  0]LogTargetPlatformManager: Display: Loaded TargetPlatform 'TVOSClient'
[2023.10.26-06.06.16:958][  0]LogTargetPlatformManager: Display: Loaded TargetPlatform 'TVOS'
[2023.10.26-06.06.16:967][  0]LogTargetPlatformManager: Display: Loaded TargetPlatform 'WindowsNoEditor'
[2023.10.26-06.06.16:972][  0]LogTargetPlatformManager: Display: Loaded TargetPlatform 'Windows'
[2023.10.26-06.06.16:976][  0]LogTargetPlatformManager: Display: Loaded TargetPlatform 'WindowsClient'
[2023.10.26-06.06.16:981][  0]LogTargetPlatformManager: Display: Loaded TargetPlatform 'WindowsServer'
[2023.10.26-06.06.16:981][  0]LogTargetPlatformManager: Display: Building Assets For Windows
[2023.10.26-06.06.16:990][  0]LogAudioDebug: Display: Lib vorbis DLL was dynamically loaded.
[2023.10.26-06.06.17:025][  0]LogTextureFormatOodle: Display: Oodle Texture 2.9.0 init RDO Off
[2023.10.26-06.06.17:060][  0]LogRendererCore: Ray tracing is disabled. Reason: r.RayTracing=0.
[2023.10.26-06.06.17:060][  0]LogShaderCompilers: Guid format shader working directory is -9 characters bigger than the processId version (../../../../../Unreal/BasicHorrorGame/BasicHorrorGame/Intermediate/Shaders/WorkingDirectory/31512/).
[2023.10.26-06.06.17:060][  0]LogShaderCompilers: Cleaned the shader compiler working directory 'C:/Users/Zyra/AppData/Local/Temp/UnrealShaderWorkingDir/20EF73FD467EE8E3C32266A6A1B9E237/'.
[2023.10.26-06.06.17:060][  0]LogXGEController: Cannot use XGE Controller as Incredibuild is not installed on this machine.
[2023.10.26-06.06.17:060][  0]LogShaderCompilers: Cannot use XGE Shader Compiler as Incredibuild is not installed on this machine.
[2023.10.26-06.06.17:060][  0]LogShaderCompilers: Display: Using Local Shader Compiler.
[2023.10.26-06.06.17:831][  0]LogDerivedDataCache: Display: Max Cache Size: 512 MB
[2023.10.26-06.06.17:890][  0]LogDerivedDataCache: Loaded boot cache 0.06s 94MB C:/Users/Zyra/AppData/Local/UnrealEngine/4.27/DerivedDataCache/Boot.ddc.
[2023.10.26-06.06.17:890][  0]LogDerivedDataCache: Display: Loaded Boot cache: C:/Users/Zyra/AppData/Local/UnrealEngine/4.27/DerivedDataCache/Boot.ddc
[2023.10.26-06.06.17:890][  0]LogDerivedDataCache: FDerivedDataBackendGraph:  Pak pak cache file ../../../../../Unreal/BasicHorrorGame/BasicHorrorGame/DerivedDataCache/DDC.ddp not found, will not use a pak cache.
[2023.10.26-06.06.17:890][  0]LogDerivedDataCache: Unable to find inner node Pak for hierarchical cache Hierarchy.
[2023.10.26-06.06.17:890][  0]LogDerivedDataCache: FDerivedDataBackendGraph:  CompressedPak pak cache file ../../../../../Unreal/BasicHorrorGame/BasicHorrorGame/DerivedDataCache/Compressed.ddp not found, will not use a pak cache.
[2023.10.26-06.06.17:890][  0]LogDerivedDataCache: Unable to find inner node CompressedPak for hierarchical cache Hierarchy.
[2023.10.26-06.06.17:905][  0]LogDerivedDataCache: Display: Pak cache opened for reading ../../../Engine/DerivedDataCache/Compressed.ddp.
[2023.10.26-06.06.17:905][  0]LogDerivedDataCache: FDerivedDataBackendGraph:  EnterprisePak pak cache file ../../../Enterprise/DerivedDataCache/Compressed.ddp not found, will not use a pak cache.
[2023.10.26-06.06.17:905][  0]LogDerivedDataCache: Unable to find inner node EnterprisePak for hierarchical cache Hierarchy.
[2023.10.26-06.06.17:920][  0]LogDerivedDataCache: Speed tests for C:/Users/Zyra/AppData/Local/UnrealEngine/Common/DerivedDataCache took 0.01 seconds
[2023.10.26-06.06.17:920][  0]LogDerivedDataCache: Display: Performance to C:/Users/Zyra/AppData/Local/UnrealEngine/Common/DerivedDataCache: Latency=0.03ms. RandomReadSpeed=786.34MBs, RandomWriteSpeed=74.84MBs. Assigned SpeedClass 'Local'
[2023.10.26-06.06.17:920][  0]LogDerivedDataCache: Using Local data cache path C:/Users/Zyra/AppData/Local/UnrealEngine/Common/DerivedDataCache: Writable
[2023.10.26-06.06.17:921][  0]LogDerivedDataCache: Shared data cache path not found in *engine.ini, will not use an Shared cache.
[2023.10.26-06.06.17:921][  0]LogDerivedDataCache: Unable to find inner node Shared for hierarchical cache Hierarchy.
[2023.10.26-06.06.17:968][  0]LogSlate: Using FreeType 2.10.0
[2023.10.26-06.06.17:969][  0]LogSlate: SlateFontServices - WITH_FREETYPE: 1, WITH_HARFBUZZ: 1
[2023.10.26-06.06.17:969][  0]LogHMD: Failed to enumerate extensions. Please check that you have a valid OpenXR runtime installed.
[2023.10.26-06.06.17:993][  0]LogAssetRegistry: FAssetRegistry took 0.0032 seconds to start up
[2023.10.26-06.06.18:216][  0]LogInit: Selected Device Profile: [Windows]
[2023.10.26-06.06.18:216][  0]LogInit: Active device profile: [000001ED250F8900][000001ED1B84CF00 49] Windows
[2023.10.26-06.06.18:216][  0]LogInit: Profiles: [000001ED250F8900][000001ED1B84CF00 49] Windows, [000001ED250BF800][000001ED210D1080 49] WindowsNoEditor, [000001ED250FB500][000001ED210D5200 49] WindowsServer, [000001ED250BCE00][000001ED23791380 49] WindowsClient, [000001ED250FB800][000001ED23795500 49] IOS, [000001ED250BE800][000001ED23799680 49] iPadAir, [000001ED250FA000][000001ED2379D800 49] iPadAir2, [000001ED2501CA00][000001ED21097AC0 49] IPadPro, [000001ED2501CB00][000001ED237A1B00 49] iPadAir3, [000001ED250BD900][000001ED222DC100 49] iPadAir4, [000001ED2501F400][000001ED222E0280 49] iPadMini2, [000001ED250BEA00][000001ED222E4400 49] iPadMini3, [000001ED2501D700][000001ED24FF8580 49] iPadMini4, [000001ED250F9100][000001ED24FFC700 49] iPadMini5, [000001ED25060300][000001ED222F0940 49] iPhone6, [000001ED25060400][000001ED20EF4980 49] iPodTouch6, [000001ED25017F00][000001ED1B64ABC0 49] iPhone7, [000001ED25017E00][000001ED222F4C00 49] iPodTouch7, [000001ED250BE000][000001ED1B652D80 49] iPhone5S, [000001ED25015A00][000001ED1B656F00 49] iPhone6Plus, [000001ED25060200][000001ED1B65B080 49] iPhone6S, [000001ED25014600][000001ED249AD200 49] iPhone6SPlus, [000001ED25062900][000001ED249B1380 49] iPhone7Plus, [000001ED25017100][000001ED1B65F500 49] iPhoneSE, [000001ED25062200][000001ED1B663680 49] iPhone8, [000001ED25017B00][000001ED1B667800 49] iPhone8Plus, [000001ED25060A00][000001ED22355980 49] iPhoneX, [000001ED25015400][000001ED20EE5B00 49] iPhoneXS, [000001ED25063900][000001ED20EE8100 49] iPhoneXSMax, [000001ED25014900][000001ED222E8280 49] iPhoneXR, [000001ED25062F00][000001ED222EC400 49] iPhone11, [000001ED25015300][000001ED1B66A580 49] iPhone11Pro, [000001ED25061000][000001ED1B66E700 49] iPhone11ProMax, [000001ED25016A00][000001ED1B672880 49] iPhoneSE2, [000001ED25061400][000001ED1B64E9C0 49] iPhone12Mini, [000001ED25016400][000001ED1B676B00 49] iPhone12, [000001ED25060D00][000001ED1B67AC40 49] iPhone12Pro, [000001ED25016B00][000001ED1B67ED80 49] iPhone12ProMax, [000001ED25063000][000001ED1B686F00 49] iPadPro105, [000001ED25014700][000001ED237A5080 49] iPadPro129, [000001ED25062800][000001ED237A9200 49] iPadPro97, [000001ED25016600][000001ED237AD380 49] iPadPro2_129, [000001ED25063C00][000001ED237B1500 49] iPad5, [000001ED25016200][000001ED237B5680 49] iPad6, [000001ED25060F00][000001ED237B9800 49] iPad7, [000001ED25016D00][000001ED237BD980 49] iPad8, [000001ED25061100][000001ED237C1B00 49] iPadPro11, [000001ED25015600][000001ED237C4100 49] iPadPro2_11, [000001ED25063400][000001ED237C8280 49] iPadPro3_129, [000001ED25016800][000001ED24F14400 49] iPadPro4_129, [000001ED25063A00][000001ED24F18580 49] AppleTV, [000001ED25016100][000001ED24F1C700 49] AppleTV4K, [000001ED25061F00][000001ED24F20880 49] TVOS, [000001ED25017400][000001ED24F24A00 49] Mac, [000001ED25063800][000001ED1B682B40 49] MacClient, [000001ED25015E00][000001ED24F28C80 49] MacNoEditor, [000001ED25063F00][000001ED24F2CDC0 49] MacServer, [000001ED25017500][000001ED24F30F00 49] Linux, [000001ED25060C00][000001ED24F39080 49] LinuxAArch64, [000001ED25016F00][000001ED24F3D200 49] LinuxNoEditor, [000001ED25060B00][000001ED24F41380 49] LinuxAArch64NoEditor, [000001ED25017700][000001ED24F45500 49] LinuxClient, [000001ED25061A00][000001ED24F49680 49] LinuxAArch64Client, [000001ED25015000][000001ED24F4D800 49] LinuxServer, [000001ED25062500][000001ED24F51980 49] LinuxAArch64Server, [000001ED25015900][000001ED24F55B00 49] Android, [000001ED25061300][000001ED24F58100 49] Android_Low, [000001ED25016700][000001ED24F5C280 49] Android_Mid, [000001ED25062B00][000001ED24F60400 49] Android_High, [000001ED25017800][000001ED24F64580 49] Android_Default, [000001ED25061600][000001ED24F68700 49] Android_Adreno4xx, [000001ED25015500][000001ED24F6C880 49] Android_Adreno5xx_Low, [000001ED2501F600][000001ED24F70A00 49] Android_Adreno5xx, [000001ED250BD800][000001ED24F74B80 49] Android_Adreno6xx, [000001ED2501D200][000001ED24F78D00 49] Android_Adreno6xx_Vulkan, [000001ED250BFC00][000001ED24F34E40 49] Android_Mali_T6xx, [000001ED2501D100][000001ED24F7CF80 49] Android_Mali_T7xx, [000001ED250BD600][000001ED24F810C0 49] Android_Mali_T8xx, [000001ED2501DE00][000001ED24C05240 49] Android_Mali_G71, [000001ED250BC500][000001ED24C093C0 49] Android_Mali_G72, [000001ED2501C800][000001ED24C0D540 49] Android_Mali_G72_Vulkan, [000001ED250BD300][000001ED24C116C0 49] Android_Mali_G76, [000001ED2501C100][000001ED24C15840 49] Android_Mali_G76_Vulkan, [000001ED250BDF00][000001ED24C199C0 49] Android_Mali_G77, [000001ED2501D000][000001ED24C1DB40 49] Android_Mali_G77_Vulkan, [000001ED250BCA00][000001ED24C20140 49] Android_Mali_G78, [000001ED2501EC00][000001ED24C242C0 49] Android_Mali_G78_Vulkan, [000001ED250BF600][000001ED24C28440 49] Android_Mali_G710, [000001ED2501EA00][000001ED24C2C5C0 49] Android_Mali_G710_Vulkan, [000001ED250BFF00][000001ED24C30740 49] Android_Vulkan_SM5, [000001ED2501FB00][000001ED24C348C0 49] Android_PowerVR_G6xxx, [000001ED250BFB00][000001ED24C38A40 49] Android_PowerVR_GT7xxx, [000001ED2501F900][000001ED24C3CBC0 49] Android_PowerVR_GE8xxx, [000001ED250BCC00][000001ED24C40D40 49] Android_PowerVR_GM9xxx, [000001ED2501E700][000001ED24C44EC0 49] Android_PowerVR_GM9xxx_Vulkan, [000001ED250BE700][000001ED24C01000 49] Android_TegraK1, [000001ED2501C900][000001ED24C49140 49] Android_Unknown_Vulkan, [000001ED250BDD00][000001ED24C4D280 49] Lumin, [000001ED2501C500][000001ED24C513C0 49] Lumin_Desktop, [000001ED250BF300][000001ED24C59540 49] HoloLens, 
[2023.10.26-06.06.18:260][  0]LogMeshReduction: Using QuadricMeshReduction for automatic static mesh reduction
[2023.10.26-06.06.18:260][  0]LogMeshReduction: Using SimplygonMeshReduction for automatic skeletal mesh reduction
[2023.10.26-06.06.18:260][  0]LogMeshReduction: Using ProxyLODMeshReduction for automatic mesh merging
[2023.10.26-06.06.18:260][  0]LogMeshReduction: No distributed automatic mesh merging module available
[2023.10.26-06.06.18:260][  0]LogMeshMerging: No distributed automatic mesh merging module available
[2023.10.26-06.06.18:357][  0]LogNetVersion: BasicHorrorGame 1.0.0, NetCL: 17155196, EngineNetVer: 17, GameNetVer: 0 (Checksum: 1068148059)
[2023.10.26-06.06.18:712][  0]LogTexture: Default maximum texture size for cubemaps generated from long-lat sources has been changed from 512 to unlimited. In order to preserve old behaiour for '/Engine/MapTemplates/Sky/DaylightAmbientCubemap.DaylightAmbientCubemap', its maximum texture size has been explicitly set to 512.
[2023.10.26-06.06.18:772][  0]LogHMD: PokeAHoleMaterial loaded successfully
[2023.10.26-06.06.18:778][  0]LogUObjectArray: 17075 objects as part of root set at end of initial load.
[2023.10.26-06.06.18:778][  0]LogUObjectAllocator: 4275792 out of 0 bytes used by permanent object pool.
[2023.10.26-06.06.18:778][  0]LogUObjectArray: CloseDisregardForGC: 0/0 objects in disregard for GC pool
[2023.10.26-06.06.19:040][  0]LogPython: Using Python 3.7.7
[2023.10.26-06.06.19:601][  0]LogTcpMessaging: Initializing TcpMessaging bridge
[2023.10.26-06.06.19:606][  0]LogUdpMessaging: Initializing bridge on interface 0.0.0.0:0 to multicast group 230.0.0.1:6666.
[2023.10.26-06.06.19:649][  0]LogNiagaraDebuggerClient: Niagara Debugger Client Initialized | Session: 6550DC87497409868BC1A69606ABC187 | Instance: 192285AF43F7D27427303F9108AEBD5E (MSI-31512).
[2023.10.26-06.06.19:903][  0]SourceControl: Source control is disabled
[2023.10.26-06.06.20:434][  0]LogUProjectInfo: Found projects:
[2023.10.26-06.06.20:591][  0]LogOpenImageDenoise: OIDN starting up
[2023.10.26-06.06.20:639][  0]LogAndroidPermission: UAndroidPermissionCallbackProxy::GetInstance
[2023.10.26-06.06.20:668][  0]LogAudioCaptureCore: Display: No Audio Capture implementations found. Audio input will be silent.
[2023.10.26-06.06.20:668][  0]LogAudioCaptureCore: Display: No Audio Capture implementations found. Audio input will be silent.
[2023.10.26-06.06.20:815][  0]LogCollectionManager: Loaded 0 collections in 0.000810 seconds
[2023.10.26-06.06.20:838][  0]LogFileCache: Scanning file cache for directory 'D:/Unreal/BasicHorrorGame/BasicHorrorGame/Saved/Collections/' took 0.00s
[2023.10.26-06.06.20:838][  0]LogFileCache: Scanning file cache for directory 'D:/Unreal/BasicHorrorGame/BasicHorrorGame/Content/Developers/Zyra/Collections/' took 0.00s
[2023.10.26-06.06.20:838][  0]LogFileCache: Scanning file cache for directory 'D:/Unreal/BasicHorrorGame/BasicHorrorGame/Content/Collections/' took 0.00s
[2023.10.26-06.06.20:838][  0]LogOcInput: OculusInput pre-init called
[2023.10.26-06.06.21:075][  0]LogEngine: Initializing Engine...
[2023.10.26-06.06.21:076][  0]LogHMD: Failed to enumerate extensions. Please check that you have a valid OpenXR runtime installed.
[2023.10.26-06.06.21:076][  0]LogMagicLeap: Warning: VR disabled because ZI is not enabled.  To enable, in the editor, Edit -> Project Settings -> Plugins -> Magic Leap Plugin -> Enable Zero Iteration
[2023.10.26-06.06.21:077][  0]LogStats: UGameplayTagsManager::InitializeManager -  0.000 s
[2023.10.26-06.06.21:255][  0]LogInit: Initializing FReadOnlyCVARCache
[2023.10.26-06.06.21:271][  0]LogAIModule: Creating AISystem for world Untitled
[2023.10.26-06.06.21:271][  0]LogAudio: Display: Initializing Audio Device Manager...
[2023.10.26-06.06.21:276][  0]LogAudio: Display: Loading Default Audio Settings Objects...
[2023.10.26-06.06.21:276][  0]LogAudio: Display: No default SoundConcurrencyObject specified (or failed to load).
[2023.10.26-06.06.21:278][  0]LogAudio: Display: Audio Device Manager Initialized
[2023.10.26-06.06.21:278][  0]LogAudio: Display: Creating Audio Device:                 Id: 1, Scope: Shared, Realtime: True
[2023.10.26-06.06.21:278][  0]LogAudioMixer: Display: Audio Mixer Platform Settings:
[2023.10.26-06.06.21:278][  0]LogAudioMixer: Display: 	Sample Rate:						  48000
[2023.10.26-06.06.21:278][  0]LogAudioMixer: Display: 	Callback Buffer Frame Size Requested: 1024
[2023.10.26-06.06.21:278][  0]LogAudioMixer: Display: 	Callback Buffer Frame Size To Use:	  1024
[2023.10.26-06.06.21:278][  0]LogAudioMixer: Display: 	Number of buffers to queue:			  2
[2023.10.26-06.06.21:278][  0]LogAudioMixer: Display: 	Max Channels (voices):				  32
[2023.10.26-06.06.21:278][  0]LogAudioMixer: Display: 	Number of Async Source Workers:		  0
[2023.10.26-06.06.21:278][  0]LogAudio: Display: AudioDevice MaxSources: 32
[2023.10.26-06.06.21:279][  0]LogAudio: Display: Audio Spatialization Plugin: None (built-in).
[2023.10.26-06.06.21:279][  0]LogAudio: Display: Audio Reverb Plugin: None (built-in).
[2023.10.26-06.06.21:279][  0]LogAudio: Display: Audio Occlusion Plugin: None (built-in).
[2023.10.26-06.06.21:279][  0]LogAudioMixer: Display: Initializing audio mixer.
[2023.10.26-06.06.21:343][  0]LogAudioMixer: Display: 0: FrontLeft
[2023.10.26-06.06.21:343][  0]LogAudioMixer: Display: 1: FrontRight
[2023.10.26-06.06.21:519][  0]LogAudioMixer: Display: Using Audio Device Speakers (Realtek(R) Audio)
[2023.10.26-06.06.21:521][  0]LogAudioMixer: Display: Initializing Sound Submixes...
[2023.10.26-06.06.21:524][  0]LogAudioMixer: Display: Creating Master Submix 'MasterSubmixDefault'
[2023.10.26-06.06.21:524][  0]LogAudioMixer: Display: Creating Master Submix 'MasterReverbSubmixDefault'
[2023.10.26-06.06.21:527][  0]LogAudioMixer: Display: Creating Master Submix 'MasterEQSubmixDefault'
[2023.10.26-06.06.21:527][  0]LogAudioMixer: FMixerPlatformXAudio2::StartAudioStream() called
[2023.10.26-06.06.21:527][  0]LogAudioMixer: Display: Output buffers initialized: Frames=1024, Channels=2, Samples=2048
[2023.10.26-06.06.21:529][  0]LogAudioMixer: Display: Starting AudioMixerPlatformInterface::RunInternal()
[2023.10.26-06.06.21:529][  0]LogAudioMixer: Display: FMixerPlatformXAudio2::SubmitBuffer() called for the first time
[2023.10.26-06.06.21:529][  0]LogInit: FAudioDevice initialized.
[2023.10.26-06.06.21:529][  0]LogAudio: Display: Audio Device (ID: 1) registered with world 'Untitled'.
[2023.10.26-06.06.21:529][  0]LogNetVersion: Set ProjectVersion to 1.0.0.0. Version Checksum will be recalculated on next use.
[2023.10.26-06.06.21:631][  0]LogDerivedDataCache: Saved boot cache 0.10s 94MB C:/Users/Zyra/AppData/Local/UnrealEngine/4.27/DerivedDataCache/Boot.ddc.
[2023.10.26-06.06.21:632][  0]LogInit: Texture streaming: Enabled
[2023.10.26-06.06.21:654][  0]LogAnalytics: Display: [UEEditor.Rocket.Release] APIServer = https://datarouter.ol.epicgames.com/. AppVersion = 4.27.2-18319896+++UE4+Release-4.27
[2023.10.26-06.06.21:663][  0]LogEngineSessionManager: EngineSessionManager initialized
[2023.10.26-06.06.21:663][  0]LogEditorSessionSummary: Verbose: Initializing EditorSessionSummaryWriter for editor session tracking
[2023.10.26-06.06.21:671][  0]LogEditorSessionSummary: EditorSessionSummaryWriter initialized
[2023.10.26-06.06.21:726][  0]LogInit: Transaction tracking system initialized
[2023.10.26-06.06.21:750][  0]BlueprintLog: New page: Editor Load
[2023.10.26-06.06.21:814][  0]LocalizationService: Localization service is disabled
[2023.10.26-06.06.21:840][  0]TimingProfiler: Initialize
[2023.10.26-06.06.21:840][  0]TimingProfiler: OnSessionChanged
[2023.10.26-06.06.21:840][  0]LoadingProfiler: Initialize
[2023.10.26-06.06.21:840][  0]LoadingProfiler: OnSessionChanged
[2023.10.26-06.06.21:840][  0]NetworkingProfiler: Initialize
[2023.10.26-06.06.21:840][  0]NetworkingProfiler: OnSessionChanged
[2023.10.26-06.06.21:840][  0]MemoryProfiler: Initialize
[2023.10.26-06.06.21:840][  0]MemoryProfiler: OnSessionChanged
[2023.10.26-06.06.22:003][  0]LogCook: Display: CookSettings for Memory: MemoryMaxUsedVirtual 0MiB, MemoryMaxUsedPhysical 16384MiB, MemoryMinFreeVirtual 0MiB, MemoryMinFreePhysical 1024MiB
[2023.10.26-06.06.22:003][  0]LogCook: Display: Mobile HDR setting 1
[2023.10.26-06.06.22:229][  0]LogFileCache: Scanning file cache for directory 'D:/Unreal/BasicHorrorGame/BasicHorrorGame/Content/' took 0.00s
[2023.10.26-06.06.22:229][  0]LogInit: Display: Engine is initialized. Leaving FEngineLoop::Init()
[2023.10.26-06.06.22:233][  0]LogUnrealEdMisc: Loading editor; pre map load, took 7.588
[2023.10.26-06.06.22:233][  0]Cmd: MAP LOAD FILE="../../../../../Unreal/BasicHorrorGame/BasicHorrorGame/Content/StarterContent/Maps/Minimal_Default.umap" TEMPLATE=0 SHOWPROGRESS=1 FEATURELEVEL=3
[2023.10.26-06.06.22:233][  0]LightingResults: New page: Lighting Build
[2023.10.26-06.06.22:234][  0]LogWorld: UWorld::CleanupWorld for Untitled, bSessionEnded=true, bCleanupResources=true
[2023.10.26-06.06.22:234][  0]LogSlate: InvalidateAllWidgets triggered.  All widgets were invalidated
[2023.10.26-06.06.22:234][  0]MapCheck: New page: Map Check
[2023.10.26-06.06.22:234][  0]LightingResults: New page: Lighting Build
[2023.10.26-06.06.22:240][  0]LogAudio: Display: Audio Device unregistered from world 'None'.
[2023.10.26-06.06.22:243][  0]LogUObjectHash: Compacting FUObjectHashTables data took   1.31ms
[2023.10.26-06.06.22:308][  0]LogStaticMesh: Building static mesh Floor_400x400...
[2023.10.26-06.06.22:310][  0]LogStaticMesh: Built static mesh [0.00s] /Game/StarterContent/Architecture/Floor_400x400.Floor_400x400
[2023.10.26-06.06.22:333][  0]LogTexture: Display: Building textures: DeprecatedTextureD6C57B644F03DADF4F2699848FAEA3C3 (BGRA8, 128X128)
[2023.10.26-06.06.22:337][  0]LogTexture: Display: Building textures: DeprecatedTexture8D91C9AE4C6B8D628CDA3C848426284A (BGRA8, 128X128)
[2023.10.26-06.06.22:379][  0]LogAudio: Display: Audio Device (ID: 1) registered with world 'Minimal_Default'.
[2023.10.26-06.06.22:380][  0]LogAIModule: Creating AISystem for world Minimal_Default
[2023.10.26-06.06.22:386][  0]LogEditorServer: Finished looking for orphan Actors (0.000 secs)
[2023.10.26-06.06.22:391][  0]LogUObjectHash: Compacting FUObjectHashTables data took   0.72ms
[2023.10.26-06.06.22:392][  0]Cmd: MAP CHECKDEP NOCLEARLOG
[2023.10.26-06.06.22:392][  0]MapCheck: Map check complete: 0 Error(s), 0 Warning(s), took 0.083ms to complete.
[2023.10.26-06.06.22:392][  0]LogFileHelpers: Loading map 'Minimal_Default' took 0.159
[2023.10.26-06.06.22:393][  0]LogUnrealEdMisc: Total Editor Startup Time, took 7.749
[2023.10.26-06.06.22:526][  0]LogSlate: Updating window title bar state: overlay mode, drag disabled, window buttons hidden, title bar hidden
[2023.10.26-06.06.22:533][  0]LogSlate: Updating window title bar state: overlay mode, drag disabled, window buttons hidden, title bar hidden
[2023.10.26-06.06.22:540][  0]LogSlate: Updating window title bar state: overlay mode, drag disabled, window buttons hidden, title bar hidden
[2023.10.26-06.06.22:549][  0]LogSlate: Updating window title bar state: overlay mode, drag disabled, window buttons hidden, title bar hidden
[2023.10.26-06.06.22:570][  0]LogNativeClassHierarchy: Verbose: Native class hierarchy populated in 0.0091 seconds. Added 3814 classes and 921 folders.
[2023.10.26-06.06.22:573][  0]LogNativeClassHierarchy: Verbose: Native class hierarchy updated for 'WidgetCarousel' in 0.0003 seconds. Added 0 classes and 0 folders.
[2023.10.26-06.06.22:574][  0]LogPakFile: PakFile PrimaryIndexSize=187
[2023.10.26-06.06.22:574][  0]LogPakFile: PakFile PathHashIndexSize=101
[2023.10.26-06.06.22:574][  0]LogPakFile: PakFile FullDirectoryIndexSize=148
[2023.10.26-06.06.22:574][  0]LogShaderLibrary: Display: ShaderCodeLibraryPakFileMountedCallback: PakFile 'D:/Zyra/UE_4.27/FeaturePacks/FP_FirstPerson.upack' (chunk index -1, root 'root:/') mounted
[2023.10.26-06.06.22:574][  0]LogShaderLibrary: Display: ShaderCodeLibraryPakFileMountedCallback: pending pak file info (ChunkID:-1 Root:root:/ File:D:/Zyra/UE_4.27/FeaturePacks/FP_FirstPerson.upack)
[2023.10.26-06.06.22:574][  0]LogPakFile: OnPakFileMounted2Time == 0.000056
[2023.10.26-06.06.22:574][  0]LogPakFile: PakFile PrimaryIndexSize=189
[2023.10.26-06.06.22:574][  0]LogPakFile: PakFile PathHashIndexSize=101
[2023.10.26-06.06.22:574][  0]LogPakFile: PakFile FullDirectoryIndexSize=152
[2023.10.26-06.06.22:574][  0]LogShaderLibrary: Display: ShaderCodeLibraryPakFileMountedCallback: PakFile 'D:/Zyra/UE_4.27/FeaturePacks/FP_FirstPersonBP.upack' (chunk index -1, root 'root:/') mounted
[2023.10.26-06.06.22:574][  0]LogShaderLibrary: Display: ShaderCodeLibraryPakFileMountedCallback: pending pak file info (ChunkID:-1 Root:root:/ File:D:/Zyra/UE_4.27/FeaturePacks/FP_FirstPersonBP.upack)
[2023.10.26-06.06.22:574][  0]LogPakFile: OnPakFileMounted2Time == 0.000034
[2023.10.26-06.06.22:575][  0]LogPakFile: PakFile PrimaryIndexSize=191
[2023.10.26-06.06.22:575][  0]LogPakFile: PakFile PathHashIndexSize=101
[2023.10.26-06.06.22:575][  0]LogPakFile: PakFile FullDirectoryIndexSize=160
[2023.10.26-06.06.22:575][  0]LogShaderLibrary: Display: ShaderCodeLibraryPakFileMountedCallback: PakFile 'D:/Zyra/UE_4.27/FeaturePacks/MobileStarterContent.upack' (chunk index -1, root 'root:/') mounted
[2023.10.26-06.06.22:575][  0]LogShaderLibrary: Display: ShaderCodeLibraryPakFileMountedCallback: pending pak file info (ChunkID:-1 Root:root:/ File:D:/Zyra/UE_4.27/FeaturePacks/MobileStarterContent.upack)
[2023.10.26-06.06.22:575][  0]LogPakFile: OnPakFileMounted2Time == 0.000030
[2023.10.26-06.06.22:575][  0]LogPakFile: PakFile PrimaryIndexSize=185
[2023.10.26-06.06.22:575][  0]LogPakFile: PakFile PathHashIndexSize=101
[2023.10.26-06.06.22:575][  0]LogPakFile: PakFile FullDirectoryIndexSize=148
[2023.10.26-06.06.22:575][  0]LogShaderLibrary: Display: ShaderCodeLibraryPakFileMountedCallback: PakFile 'D:/Zyra/UE_4.27/FeaturePacks/StarterContent.upack' (chunk index -1, root 'root:/') mounted
[2023.10.26-06.06.22:575][  0]LogShaderLibrary: Display: ShaderCodeLibraryPakFileMountedCallback: pending pak file info (ChunkID:-1 Root:root:/ File:D:/Zyra/UE_4.27/FeaturePacks/StarterContent.upack)
[2023.10.26-06.06.22:575][  0]LogPakFile: OnPakFileMounted2Time == 0.000032
[2023.10.26-06.06.22:576][  0]LogPakFile: PakFile PrimaryIndexSize=190
[2023.10.26-06.06.22:576][  0]LogPakFile: PakFile PathHashIndexSize=101
[2023.10.26-06.06.22:576][  0]LogPakFile: PakFile FullDirectoryIndexSize=154
[2023.10.26-06.06.22:576][  0]LogShaderLibrary: Display: ShaderCodeLibraryPakFileMountedCallback: PakFile 'D:/Zyra/UE_4.27/FeaturePacks/TP_2DSideScroller.upack' (chunk index -1, root 'root:/') mounted
[2023.10.26-06.06.22:576][  0]LogShaderLibrary: Display: ShaderCodeLibraryPakFileMountedCallback: pending pak file info (ChunkID:-1 Root:root:/ File:D:/Zyra/UE_4.27/FeaturePacks/TP_2DSideScroller.upack)
[2023.10.26-06.06.22:576][  0]LogPakFile: OnPakFileMounted2Time == 0.000028
[2023.10.26-06.06.22:576][  0]LogPakFile: PakFile PrimaryIndexSize=192
[2023.10.26-06.06.22:576][  0]LogPakFile: PakFile PathHashIndexSize=101
[2023.10.26-06.06.22:576][  0]LogPakFile: PakFile FullDirectoryIndexSize=158
[2023.10.26-06.06.22:576][  0]LogShaderLibrary: Display: ShaderCodeLibraryPakFileMountedCallback: PakFile 'D:/Zyra/UE_4.27/FeaturePacks/TP_2DSideScrollerBP.upack' (chunk index -1, root 'root:/') mounted
[2023.10.26-06.06.22:576][  0]LogShaderLibrary: Display: ShaderCodeLibraryPakFileMountedCallback: pending pak file info (ChunkID:-1 Root:root:/ File:D:/Zyra/UE_4.27/FeaturePacks/TP_2DSideScrollerBP.upack)
[2023.10.26-06.06.22:576][  0]LogPakFile: OnPakFileMounted2Time == 0.000037
[2023.10.26-06.06.22:577][  0]LogPakFile: PakFile PrimaryIndexSize=182
[2023.10.26-06.06.22:577][  0]LogPakFile: PakFile PathHashIndexSize=101
[2023.10.26-06.06.22:577][  0]LogPakFile: PakFile FullDirectoryIndexSize=138
[2023.10.26-06.06.22:577][  0]LogShaderLibrary: Display: ShaderCodeLibraryPakFileMountedCallback: PakFile 'D:/Zyra/UE_4.27/FeaturePacks/TP_Flying.upack' (chunk index -1, root 'root:/') mounted
[2023.10.26-06.06.22:577][  0]LogShaderLibrary: Display: ShaderCodeLibraryPakFileMountedCallback: pending pak file info (ChunkID:-1 Root:root:/ File:D:/Zyra/UE_4.27/FeaturePacks/TP_Flying.upack)
[2023.10.26-06.06.22:577][  0]LogPakFile: OnPakFileMounted2Time == 0.000028
[2023.10.26-06.06.22:578][  0]LogPakFile: PakFile PrimaryIndexSize=184
[2023.10.26-06.06.22:578][  0]LogPakFile: PakFile PathHashIndexSize=101
[2023.10.26-06.06.22:578][  0]LogPakFile: PakFile FullDirectoryIndexSize=142
[2023.10.26-06.06.22:578][  0]LogShaderLibrary: Display: ShaderCodeLibraryPakFileMountedCallback: PakFile 'D:/Zyra/UE_4.27/FeaturePacks/TP_FlyingBP.upack' (chunk index -1, root 'root:/') mounted
[2023.10.26-06.06.22:578][  0]LogShaderLibrary: Display: ShaderCodeLibraryPakFileMountedCallback: pending pak file info (ChunkID:-1 Root:root:/ File:D:/Zyra/UE_4.27/FeaturePacks/TP_FlyingBP.upack)
[2023.10.26-06.06.22:578][  0]LogPakFile: OnPakFileMounted2Time == 0.000028
[2023.10.26-06.06.22:578][  0]LogPakFile: PakFile PrimaryIndexSize=188
[2023.10.26-06.06.22:578][  0]LogPakFile: PakFile PathHashIndexSize=101
[2023.10.26-06.06.22:578][  0]LogPakFile: PakFile FullDirectoryIndexSize=150
[2023.10.26-06.06.22:578][  0]LogShaderLibrary: Display: ShaderCodeLibraryPakFileMountedCallback: PakFile 'D:/Zyra/UE_4.27/FeaturePacks/TP_HandheldARBP.upack' (chunk index -1, root 'root:/') mounted
[2023.10.26-06.06.22:578][  0]LogShaderLibrary: Display: ShaderCodeLibraryPakFileMountedCallback: pending pak file info (ChunkID:-1 Root:root:/ File:D:/Zyra/UE_4.27/FeaturePacks/TP_HandheldARBP.upack)
[2023.10.26-06.06.22:578][  0]LogPakFile: OnPakFileMounted2Time == 0.000048
[2023.10.26-06.06.22:579][  0]LogPakFile: PakFile PrimaryIndexSize=182
[2023.10.26-06.06.22:579][  0]LogPakFile: PakFile PathHashIndexSize=101
[2023.10.26-06.06.22:579][  0]LogPakFile: PakFile FullDirectoryIndexSize=138
[2023.10.26-06.06.22:579][  0]LogShaderLibrary: Display: ShaderCodeLibraryPakFileMountedCallback: PakFile 'D:/Zyra/UE_4.27/FeaturePacks/TP_Puzzle.upack' (chunk index -1, root 'root:/') mounted
[2023.10.26-06.06.22:580][  0]LogShaderLibrary: Display: ShaderCodeLibraryPakFileMountedCallback: pending pak file info (ChunkID:-1 Root:root:/ File:D:/Zyra/UE_4.27/FeaturePacks/TP_Puzzle.upack)
[2023.10.26-06.06.22:580][  0]LogPakFile: OnPakFileMounted2Time == 0.000062
[2023.10.26-06.06.22:580][  0]LogPakFile: PakFile PrimaryIndexSize=184
[2023.10.26-06.06.22:580][  0]LogPakFile: PakFile PathHashIndexSize=101
[2023.10.26-06.06.22:580][  0]LogPakFile: PakFile FullDirectoryIndexSize=142
[2023.10.26-06.06.22:580][  0]LogShaderLibrary: Display: ShaderCodeLibraryPakFileMountedCallback: PakFile 'D:/Zyra/UE_4.27/FeaturePacks/TP_PuzzleBP.upack' (chunk index -1, root 'root:/') mounted
[2023.10.26-06.06.22:580][  0]LogShaderLibrary: Display: ShaderCodeLibraryPakFileMountedCallback: pending pak file info (ChunkID:-1 Root:root:/ File:D:/Zyra/UE_4.27/FeaturePacks/TP_PuzzleBP.upack)
[2023.10.26-06.06.22:580][  0]LogPakFile: OnPakFileMounted2Time == 0.000030
[2023.10.26-06.06.22:581][  0]LogPakFile: PakFile PrimaryIndexSize=183
[2023.10.26-06.06.22:581][  0]LogPakFile: PakFile PathHashIndexSize=101
[2023.10.26-06.06.22:581][  0]LogPakFile: PakFile FullDirectoryIndexSize=140
[2023.10.26-06.06.22:581][  0]LogShaderLibrary: Display: ShaderCodeLibraryPakFileMountedCallback: PakFile 'D:/Zyra/UE_4.27/FeaturePacks/TP_Rolling.upack' (chunk index -1, root 'root:/') mounted
[2023.10.26-06.06.22:581][  0]LogShaderLibrary: Display: ShaderCodeLibraryPakFileMountedCallback: pending pak file info (ChunkID:-1 Root:root:/ File:D:/Zyra/UE_4.27/FeaturePacks/TP_Rolling.upack)
[2023.10.26-06.06.22:581][  0]LogPakFile: OnPakFileMounted2Time == 0.000027
[2023.10.26-06.06.22:581][  0]LogPakFile: PakFile PrimaryIndexSize=185
[2023.10.26-06.06.22:581][  0]LogPakFile: PakFile PathHashIndexSize=101
[2023.10.26-06.06.22:581][  0]LogPakFile: PakFile FullDirectoryIndexSize=144
[2023.10.26-06.06.22:581][  0]LogShaderLibrary: Display: ShaderCodeLibraryPakFileMountedCallback: PakFile 'D:/Zyra/UE_4.27/FeaturePacks/TP_RollingBP.upack' (chunk index -1, root 'root:/') mounted
[2023.10.26-06.06.22:581][  0]LogShaderLibrary: Display: ShaderCodeLibraryPakFileMountedCallback: pending pak file info (ChunkID:-1 Root:root:/ File:D:/Zyra/UE_4.27/FeaturePacks/TP_RollingBP.upack)
[2023.10.26-06.06.22:581][  0]LogPakFile: OnPakFileMounted2Time == 0.000034
[2023.10.26-06.06.22:582][  0]LogPakFile: PakFile PrimaryIndexSize=188
[2023.10.26-06.06.22:582][  0]LogPakFile: PakFile PathHashIndexSize=101
[2023.10.26-06.06.22:582][  0]LogPakFile: PakFile FullDirectoryIndexSize=150
[2023.10.26-06.06.22:582][  0]LogShaderLibrary: Display: ShaderCodeLibraryPakFileMountedCallback: PakFile 'D:/Zyra/UE_4.27/FeaturePacks/TP_SideScroller.upack' (chunk index -1, root 'root:/') mounted
[2023.10.26-06.06.22:582][  0]LogShaderLibrary: Display: ShaderCodeLibraryPakFileMountedCallback: pending pak file info (ChunkID:-1 Root:root:/ File:D:/Zyra/UE_4.27/FeaturePacks/TP_SideScroller.upack)
[2023.10.26-06.06.22:582][  0]LogPakFile: OnPakFileMounted2Time == 0.000028
[2023.10.26-06.06.22:582][  0]LogPakFile: PakFile PrimaryIndexSize=190
[2023.10.26-06.06.22:582][  0]LogPakFile: PakFile PathHashIndexSize=101
[2023.10.26-06.06.22:582][  0]LogPakFile: PakFile FullDirectoryIndexSize=154
[2023.10.26-06.06.22:582][  0]LogShaderLibrary: Display: ShaderCodeLibraryPakFileMountedCallback: PakFile 'D:/Zyra/UE_4.27/FeaturePacks/TP_SideScrollerBP.upack' (chunk index -1, root 'root:/') mounted
[2023.10.26-06.06.22:582][  0]LogShaderLibrary: Display: ShaderCodeLibraryPakFileMountedCallback: pending pak file info (ChunkID:-1 Root:root:/ File:D:/Zyra/UE_4.27/FeaturePacks/TP_SideScrollerBP.upack)
[2023.10.26-06.06.22:582][  0]LogPakFile: OnPakFileMounted2Time == 0.000038
[2023.10.26-06.06.22:583][  0]LogPakFile: PakFile PrimaryIndexSize=187
[2023.10.26-06.06.22:583][  0]LogPakFile: PakFile PathHashIndexSize=101
[2023.10.26-06.06.22:583][  0]LogPakFile: PakFile FullDirectoryIndexSize=148
[2023.10.26-06.06.22:583][  0]LogShaderLibrary: Display: ShaderCodeLibraryPakFileMountedCallback: PakFile 'D:/Zyra/UE_4.27/FeaturePacks/TP_ThirdPerson.upack' (chunk index -1, root 'root:/') mounted
[2023.10.26-06.06.22:583][  0]LogShaderLibrary: Display: ShaderCodeLibraryPakFileMountedCallback: pending pak file info (ChunkID:-1 Root:root:/ File:D:/Zyra/UE_4.27/FeaturePacks/TP_ThirdPerson.upack)
[2023.10.26-06.06.22:583][  0]LogPakFile: OnPakFileMounted2Time == 0.000029
[2023.10.26-06.06.22:583][  0]LogPakFile: PakFile PrimaryIndexSize=189
[2023.10.26-06.06.22:583][  0]LogPakFile: PakFile PathHashIndexSize=101
[2023.10.26-06.06.22:583][  0]LogPakFile: PakFile FullDirectoryIndexSize=152
[2023.10.26-06.06.22:583][  0]LogShaderLibrary: Display: ShaderCodeLibraryPakFileMountedCallback: PakFile 'D:/Zyra/UE_4.27/FeaturePacks/TP_ThirdPersonBP.upack' (chunk index -1, root 'root:/') mounted
[2023.10.26-06.06.22:583][  0]LogShaderLibrary: Display: ShaderCodeLibraryPakFileMountedCallback: pending pak file info (ChunkID:-1 Root:root:/ File:D:/Zyra/UE_4.27/FeaturePacks/TP_ThirdPersonBP.upack)
[2023.10.26-06.06.22:583][  0]LogPakFile: OnPakFileMounted2Time == 0.000032
[2023.10.26-06.06.22:584][  0]LogPakFile: PakFile PrimaryIndexSize=183
[2023.10.26-06.06.22:584][  0]LogPakFile: PakFile PathHashIndexSize=101
[2023.10.26-06.06.22:584][  0]LogPakFile: PakFile FullDirectoryIndexSize=140
[2023.10.26-06.06.22:584][  0]LogShaderLibrary: Display: ShaderCodeLibraryPakFileMountedCallback: PakFile 'D:/Zyra/UE_4.27/FeaturePacks/TP_TopDown.upack' (chunk index -1, root 'root:/') mounted
[2023.10.26-06.06.22:584][  0]LogShaderLibrary: Display: ShaderCodeLibraryPakFileMountedCallback: pending pak file info (ChunkID:-1 Root:root:/ File:D:/Zyra/UE_4.27/FeaturePacks/TP_TopDown.upack)
[2023.10.26-06.06.22:584][  0]LogPakFile: OnPakFileMounted2Time == 0.000034
[2023.10.26-06.06.22:584][  0]LogPakFile: PakFile PrimaryIndexSize=185
[2023.10.26-06.06.22:584][  0]LogPakFile: PakFile PathHashIndexSize=101
[2023.10.26-06.06.22:584][  0]LogPakFile: PakFile FullDirectoryIndexSize=144
[2023.10.26-06.06.22:584][  0]LogShaderLibrary: Display: ShaderCodeLibraryPakFileMountedCallback: PakFile 'D:/Zyra/UE_4.27/FeaturePacks/TP_TopDownBP.upack' (chunk index -1, root 'root:/') mounted
[2023.10.26-06.06.22:584][  0]LogShaderLibrary: Display: ShaderCodeLibraryPakFileMountedCallback: pending pak file info (ChunkID:-1 Root:root:/ File:D:/Zyra/UE_4.27/FeaturePacks/TP_TopDownBP.upack)
[2023.10.26-06.06.22:584][  0]LogPakFile: OnPakFileMounted2Time == 0.000037
[2023.10.26-06.06.22:585][  0]LogPakFile: PakFile PrimaryIndexSize=185
[2023.10.26-06.06.22:585][  0]LogPakFile: PakFile PathHashIndexSize=101
[2023.10.26-06.06.22:585][  0]LogPakFile: PakFile FullDirectoryIndexSize=144
[2023.10.26-06.06.22:585][  0]LogShaderLibrary: Display: ShaderCodeLibraryPakFileMountedCallback: PakFile 'D:/Zyra/UE_4.27/FeaturePacks/TP_TwinStick.upack' (chunk index -1, root 'root:/') mounted
[2023.10.26-06.06.22:585][  0]LogShaderLibrary: Display: ShaderCodeLibraryPakFileMountedCallback: pending pak file info (ChunkID:-1 Root:root:/ File:D:/Zyra/UE_4.27/FeaturePacks/TP_TwinStick.upack)
[2023.10.26-06.06.22:585][  0]LogPakFile: OnPakFileMounted2Time == 0.000028
[2023.10.26-06.06.22:585][  0]LogPakFile: PakFile PrimaryIndexSize=187
[2023.10.26-06.06.22:585][  0]LogPakFile: PakFile PathHashIndexSize=101
[2023.10.26-06.06.22:585][  0]LogPakFile: PakFile FullDirectoryIndexSize=148
[2023.10.26-06.06.22:585][  0]LogShaderLibrary: Display: ShaderCodeLibraryPakFileMountedCallback: PakFile 'D:/Zyra/UE_4.27/FeaturePacks/TP_TwinStickBP.upack' (chunk index -1, root 'root:/') mounted
[2023.10.26-06.06.22:585][  0]LogShaderLibrary: Display: ShaderCodeLibraryPakFileMountedCallback: pending pak file info (ChunkID:-1 Root:root:/ File:D:/Zyra/UE_4.27/FeaturePacks/TP_TwinStickBP.upack)
[2023.10.26-06.06.22:585][  0]LogPakFile: OnPakFileMounted2Time == 0.000028
[2023.10.26-06.06.22:586][  0]LogPakFile: PakFile PrimaryIndexSize=183
[2023.10.26-06.06.22:586][  0]LogPakFile: PakFile PathHashIndexSize=101
[2023.10.26-06.06.22:586][  0]LogPakFile: PakFile FullDirectoryIndexSize=140
[2023.10.26-06.06.22:586][  0]LogShaderLibrary: Display: ShaderCodeLibraryPakFileMountedCallback: PakFile 'D:/Zyra/UE_4.27/FeaturePacks/TP_Vehicle.upack' (chunk index -1, root 'root:/') mounted
[2023.10.26-06.06.22:586][  0]LogShaderLibrary: Display: ShaderCodeLibraryPakFileMountedCallback: pending pak file info (ChunkID:-1 Root:root:/ File:D:/Zyra/UE_4.27/FeaturePacks/TP_Vehicle.upack)
[2023.10.26-06.06.22:586][  0]LogPakFile: OnPakFileMounted2Time == 0.000030
[2023.10.26-06.06.22:586][  0]LogPakFile: PakFile PrimaryIndexSize=186
[2023.10.26-06.06.22:586][  0]LogPakFile: PakFile PathHashIndexSize=101
[2023.10.26-06.06.22:586][  0]LogPakFile: PakFile FullDirectoryIndexSize=146
[2023.10.26-06.06.22:586][  0]LogShaderLibrary: Display: ShaderCodeLibraryPakFileMountedCallback: PakFile 'D:/Zyra/UE_4.27/FeaturePacks/TP_VehicleAdv.upack' (chunk index -1, root 'root:/') mounted
[2023.10.26-06.06.22:586][  0]LogShaderLibrary: Display: ShaderCodeLibraryPakFileMountedCallback: pending pak file info (ChunkID:-1 Root:root:/ File:D:/Zyra/UE_4.27/FeaturePacks/TP_VehicleAdv.upack)
[2023.10.26-06.06.22:586][  0]LogPakFile: OnPakFileMounted2Time == 0.000028
[2023.10.26-06.06.22:587][  0]LogPakFile: PakFile PrimaryIndexSize=188
[2023.10.26-06.06.22:587][  0]LogPakFile: PakFile PathHashIndexSize=101
[2023.10.26-06.06.22:587][  0]LogPakFile: PakFile FullDirectoryIndexSize=150
[2023.10.26-06.06.22:587][  0]LogShaderLibrary: Display: ShaderCodeLibraryPakFileMountedCallback: PakFile 'D:/Zyra/UE_4.27/FeaturePacks/TP_VehicleAdvBP.upack' (chunk index -1, root 'root:/') mounted
[2023.10.26-06.06.22:587][  0]LogShaderLibrary: Display: ShaderCodeLibraryPakFileMountedCallback: pending pak file info (ChunkID:-1 Root:root:/ File:D:/Zyra/UE_4.27/FeaturePacks/TP_VehicleAdvBP.upack)
[2023.10.26-06.06.22:587][  0]LogPakFile: OnPakFileMounted2Time == 0.000027
[2023.10.26-06.06.22:587][  0]LogPakFile: PakFile PrimaryIndexSize=185
[2023.10.26-06.06.22:587][  0]LogPakFile: PakFile PathHashIndexSize=101
[2023.10.26-06.06.22:587][  0]LogPakFile: PakFile FullDirectoryIndexSize=144
[2023.10.26-06.06.22:587][  0]LogShaderLibrary: Display: ShaderCodeLibraryPakFileMountedCallback: PakFile 'D:/Zyra/UE_4.27/FeaturePacks/TP_VehicleBP.upack' (chunk index -1, root 'root:/') mounted
[2023.10.26-06.06.22:587][  0]LogShaderLibrary: Display: ShaderCodeLibraryPakFileMountedCallback: pending pak file info (ChunkID:-1 Root:root:/ File:D:/Zyra/UE_4.27/FeaturePacks/TP_VehicleBP.upack)
[2023.10.26-06.06.22:587][  0]LogPakFile: OnPakFileMounted2Time == 0.000029
[2023.10.26-06.06.22:587][  0]LogPakFile: PakFile PrimaryIndexSize=192
[2023.10.26-06.06.22:587][  0]LogPakFile: PakFile PathHashIndexSize=101
[2023.10.26-06.06.22:587][  0]LogPakFile: PakFile FullDirectoryIndexSize=158
[2023.10.26-06.06.22:587][  0]LogShaderLibrary: Display: ShaderCodeLibraryPakFileMountedCallback: PakFile 'D:/Zyra/UE_4.27/FeaturePacks/TP_VirtualRealityBP.upack' (chunk index -1, root 'root:/') mounted
[2023.10.26-06.06.22:587][  0]LogShaderLibrary: Display: ShaderCodeLibraryPakFileMountedCallback: pending pak file info (ChunkID:-1 Root:root:/ File:D:/Zyra/UE_4.27/FeaturePacks/TP_VirtualRealityBP.upack)
[2023.10.26-06.06.22:587][  0]LogPakFile: OnPakFileMounted2Time == 0.000028
[2023.10.26-06.06.22:633][  0]LogNativeClassHierarchy: Verbose: Native class hierarchy updated for 'AddContentDialog' in 0.0003 seconds. Added 0 classes and 0 folders.
[2023.10.26-06.06.22:729][  0]LogSlate: Took 0.000348 seconds to synchronously load lazily loaded font '../../../Engine/Content/Slate/Fonts/Roboto-Regular.ttf' (155K)
[2023.10.26-06.06.22:730][  0]LogSlate: Took 0.000251 seconds to synchronously load lazily loaded font '../../../Engine/Content/Editor/Slate/Fonts/FontAwesome.ttf' (139K)
[2023.10.26-06.06.22:732][  0]LogSlate: Took 0.000410 seconds to synchronously load lazily loaded font '../../../Engine/Content/Slate/Fonts/Roboto-Bold.ttf' (160K)
[2023.10.26-06.06.22:828][  0]LogRenderer: Reallocating scene render targets to support 1108x552 Format 10 NumSamples 1 (Frame:1).
[2023.10.26-06.06.22:969][  0]LogNativeClassHierarchy: Verbose: Native class hierarchy updated for 'HierarchicalLODOutliner' in 0.0003 seconds. Added 0 classes and 0 folders.
[2023.10.26-06.06.22:969][  0]LogLoad: (Engine Initialization) Total time: 8.32 seconds
[2023.10.26-06.06.22:969][  0]LogLoad: (Engine Initialization) Total Blueprint compile time: 0.00 seconds
[2023.10.26-06.06.23:015][  0]LogAssetRegistry: Asset discovery search completed in 5.0242 seconds
[2023.10.26-06.06.23:021][  0]LogCollectionManager: Fixed up redirectors for 0 collections in 0.000003 seconds (updated 0 objects)
[2023.10.26-06.06.23:021][  0]LogContentStreaming: Texture pool size now 1000 MB
[2023.10.26-06.06.23:147][  4]LogSlate: Took 0.001153 seconds to synchronously load lazily loaded font '../../../Engine/Content/Slate/Fonts/Roboto-Light.ttf' (167K)
